mode: set
github.com/rayavriti/netmonitor-backend/internal/config/config.go:80.30,82.21 2 1
github.com/rayavriti/netmonitor-backend/internal/config/config.go:82.21,84.3 1 1
github.com/rayavriti/netmonitor-backend/internal/config/config.go:86.2,87.54 2 1
github.com/rayavriti/netmonitor-backend/internal/config/config.go:87.54,88.48 1 1
github.com/rayavriti/netmonitor-backend/internal/config/config.go:88.48,90.23 2 1
github.com/rayavriti/netmonitor-backend/internal/config/config.go:90.23,92.5 1 1
github.com/rayavriti/netmonitor-backend/internal/config/config.go:96.2,153.17 2 1
github.com/rayavriti/netmonitor-backend/internal/config/config.go:156.37,157.34 1 1
github.com/rayavriti/netmonitor-backend/internal/config/config.go:157.34,159.3 1 1
github.com/rayavriti/netmonitor-backend/internal/config/config.go:160.2,160.12 1 1
github.com/rayavriti/netmonitor-backend/internal/config/config.go:163.38,164.34 1 1
github.com/rayavriti/netmonitor-backend/internal/config/config.go:164.34,165.44 1 1
github.com/rayavriti/netmonitor-backend/internal/config/config.go:165.44,167.4 1 1
github.com/rayavriti/netmonitor-backend/internal/config/config.go:169.2,169.12 1 1
github.com/rayavriti/netmonitor-backend/internal/config/config.go:172.41,173.34 1 1
github.com/rayavriti/netmonitor-backend/internal/config/config.go:173.34,174.49 1 1
github.com/rayavriti/netmonitor-backend/internal/config/config.go:174.49,176.4 1 0
github.com/rayavriti/netmonitor-backend/internal/config/config.go:178.2,178.12 1 1
github.com/rayavriti/netmonitor-backend/internal/config/config.go:181.63,182.34 1 1
github.com/rayavriti/netmonitor-backend/internal/config/config.go:182.34,183.50 1 1
github.com/rayavriti/netmonitor-backend/internal/config/config.go:183.50,185.4 1 0
github.com/rayavriti/netmonitor-backend/internal/config/config.go:187.2,187.12 1 1
github.com/rayavriti/netmonitor-backend/internal/config/config.go:190.50,191.34 1 1
github.com/rayavriti/netmonitor-backend/internal/config/config.go:191.34,192.54 1 1
github.com/rayavriti/netmonitor-backend/internal/config/config.go:192.54,194.4 1 0
github.com/rayavriti/netmonitor-backend/internal/config/config.go:196.2,196.12 1 1
github.com/rayavriti/netmonitor-backend/internal/config/config.go:199.36,200.34 1 1
github.com/rayavriti/netmonitor-backend/internal/config/config.go:200.34,203.27 3 1
github.com/rayavriti/netmonitor-backend/internal/config/config.go:203.27,205.15 2 1
github.com/rayavriti/netmonitor-backend/internal/config/config.go:205.15,207.5 1 1
github.com/rayavriti/netmonitor-backend/internal/config/config.go:209.3,209.16 1 1
github.com/rayavriti/netmonitor-backend/internal/config/config.go:211.2,211.12 1 1
github.com/rayavriti/netmonitor-backend/cmd/server/main.go:24.13,25.30 1 0
github.com/rayavriti/netmonitor-backend/cmd/server/main.go:25.30,28.3 2 0
github.com/rayavriti/netmonitor-backend/cmd/server/main.go:31.18,34.16 2 0
github.com/rayavriti/netmonitor-backend/cmd/server/main.go:34.16,36.3 1 0
github.com/rayavriti/netmonitor-backend/cmd/server/main.go:39.2,50.57 5 0
github.com/rayavriti/netmonitor-backend/cmd/server/main.go:50.57,52.3 1 0
github.com/rayavriti/netmonitor-backend/cmd/server/main.go:53.2,57.63 3 0
github.com/rayavriti/netmonitor-backend/cmd/server/main.go:57.63,59.3 1 0
github.com/rayavriti/netmonitor-backend/cmd/server/main.go:60.2,64.21 3 0
github.com/rayavriti/netmonitor-backend/cmd/server/main.go:64.21,65.37 1 0
github.com/rayavriti/netmonitor-backend/cmd/server/main.go:65.37,67.4 1 0
github.com/rayavriti/netmonitor-backend/cmd/server/main.go:68.3,69.75 2 0
github.com/rayavriti/netmonitor-backend/cmd/server/main.go:71.2,72.16 2 0
github.com/rayavriti/netmonitor-backend/cmd/server/main.go:72.16,74.3 1 0
github.com/rayavriti/netmonitor-backend/cmd/server/main.go:75.2,75.102 1 0
github.com/rayavriti/netmonitor-backend/cmd/server/main.go:75.102,77.3 1 0
github.com/rayavriti/netmonitor-backend/cmd/server/main.go:78.2,81.104 2 0
github.com/rayavriti/netmonitor-backend/cmd/server/main.go:81.104,83.17 2 0
github.com/rayavriti/netmonitor-backend/cmd/server/main.go:83.17,85.4 1 0
github.com/rayavriti/netmonitor-backend/cmd/server/main.go:86.3,87.17 2 0
github.com/rayavriti/netmonitor-backend/cmd/server/main.go:87.17,89.4 1 0
github.com/rayavriti/netmonitor-backend/cmd/server/main.go:90.3,91.17 2 0
github.com/rayavriti/netmonitor-backend/cmd/server/main.go:91.17,93.4 1 0
github.com/rayavriti/netmonitor-backend/cmd/server/main.go:94.3,103.9 1 0
github.com/rayavriti/netmonitor-backend/cmd/server/main.go:105.2,146.12 25 0
github.com/rayavriti/netmonitor-backend/cmd/server/main.go:146.12,147.68 1 0
github.com/rayavriti/netmonitor-backend/cmd/server/main.go:147.68,149.4 1 0
github.com/rayavriti/netmonitor-backend/cmd/server/main.go:153.2,156.9 3 0
github.com/rayavriti/netmonitor-backend/cmd/server/main.go:157.24,158.45 1 0
github.com/rayavriti/netmonitor-backend/cmd/server/main.go:159.24,160.57 1 0
github.com/rayavriti/netmonitor-backend/cmd/server/main.go:164.2,171.42 8 0
github.com/rayavriti/netmonitor-backend/cmd/server/main.go:171.42,173.3 1 0
github.com/rayavriti/netmonitor-backend/cmd/server/main.go:174.2,175.12 2 0
github.com/rayavriti/netmonitor-backend/internal/database/postgres.go:30.61,31.16 1 0
github.com/rayavriti/netmonitor-backend/internal/database/postgres.go:31.16,38.3 1 0
github.com/rayavriti/netmonitor-backend/internal/database/postgres.go:39.2,39.39 1 0
github.com/rayavriti/netmonitor-backend/internal/database/postgres.go:42.55,44.16 2 0
github.com/rayavriti/netmonitor-backend/internal/database/postgres.go:44.16,46.3 1 0
github.com/rayavriti/netmonitor-backend/internal/database/postgres.go:47.2,52.16 6 0
github.com/rayavriti/netmonitor-backend/internal/database/postgres.go:52.16,54.3 1 0
github.com/rayavriti/netmonitor-backend/internal/database/postgres.go:55.2,56.20 2 0
github.com/rayavriti/netmonitor-backend/internal/database/postgres.go:59.34,60.19 1 0
github.com/rayavriti/netmonitor-backend/internal/database/postgres.go:60.19,62.3 1 0
github.com/rayavriti/netmonitor-backend/internal/database/postgres.go:63.2,63.12 1 0
github.com/rayavriti/netmonitor-backend/internal/database/postgres.go:66.52,68.2 1 0
github.com/rayavriti/netmonitor-backend/internal/database/postgres.go:70.61,72.59 1 0
github.com/rayavriti/netmonitor-backend/internal/database/postgres.go:72.59,74.3 1 0
github.com/rayavriti/netmonitor-backend/internal/database/postgres.go:75.2,75.37 1 0
github.com/rayavriti/netmonitor-backend/internal/database/postgres.go:75.37,80.17 4 0
github.com/rayavriti/netmonitor-backend/internal/database/postgres.go:80.17,82.4 1 0
github.com/rayavriti/netmonitor-backend/internal/database/postgres.go:83.3,83.13 1 0
github.com/rayavriti/netmonitor-backend/internal/database/postgres.go:83.13,84.12 1 0
github.com/rayavriti/netmonitor-backend/internal/database/postgres.go:87.3,87.45 1 0
github.com/rayavriti/netmonitor-backend/internal/database/postgres.go:87.45,88.52 1 0
github.com/rayavriti/netmonitor-backend/internal/database/postgres.go:88.52,90.62 1 0
github.com/rayavriti/netmonitor-backend/internal/database/postgres.go:90.62,91.14 1 0
github.com/rayavriti/netmonitor-backend/internal/database/postgres.go:93.5,93.71 1 0
github.com/rayavriti/netmonitor-backend/internal/database/postgres.go:96.3,97.101 1 0
github.com/rayavriti/netmonitor-backend/internal/database/postgres.go:97.101,99.4 1 0
github.com/rayavriti/netmonitor-backend/internal/database/postgres.go:101.2,101.12 1 0
github.com/rayavriti/netmonitor-backend/internal/database/postgres.go:104.43,110.32 5 0
github.com/rayavriti/netmonitor-backend/internal/database/postgres.go:110.32,112.10 2 0
github.com/rayavriti/netmonitor-backend/internal/database/postgres.go:113.36,114.42 1 0
github.com/rayavriti/netmonitor-backend/internal/database/postgres.go:114.42,118.5 3 0
github.com/rayavriti/netmonitor-backend/internal/database/postgres.go:118.10,121.5 2 0
github.com/rayavriti/netmonitor-backend/internal/database/postgres.go:122.35,124.24 2 0
github.com/rayavriti/netmonitor-backend/internal/database/postgres.go:125.53,127.15 2 0
github.com/rayavriti/netmonitor-backend/internal/database/postgres.go:127.15,129.5 1 0
github.com/rayavriti/netmonitor-backend/internal/database/postgres.go:130.4,130.19 1 0
github.com/rayavriti/netmonitor-backend/internal/database/postgres.go:131.11,132.24 1 0
github.com/rayavriti/netmonitor-backend/internal/database/postgres.go:135.2,136.13 2 0
github.com/rayavriti/netmonitor-backend/internal/database/postgres.go:136.13,138.3 1 0
github.com/rayavriti/netmonitor-backend/internal/database/postgres.go:139.2,139.14 1 0
github.com/rayavriti/netmonitor-backend/internal/database/postgres.go:151.77,153.16 2 0
github.com/rayavriti/netmonitor-backend/internal/database/postgres.go:153.16,155.3 1 0
github.com/rayavriti/netmonitor-backend/internal/database/postgres.go:156.2,157.26 2 0
github.com/rayavriti/netmonitor-backend/internal/database/postgres.go:160.85,162.16 2 0
github.com/rayavriti/netmonitor-backend/internal/database/postgres.go:162.16,164.3 1 0
github.com/rayavriti/netmonitor-backend/internal/database/postgres.go:165.2,167.16 3 0
github.com/rayavriti/netmonitor-backend/internal/database/postgres.go:167.16,169.3 1 0
github.com/rayavriti/netmonitor-backend/internal/database/postgres.go:170.2,170.23 1 0
github.com/rayavriti/netmonitor-backend/internal/database/postgres.go:170.23,172.3 1 0
github.com/rayavriti/netmonitor-backend/internal/database/postgres.go:173.2,173.25 1 0
github.com/rayavriti/netmonitor-backend/internal/database/postgres.go:176.96,193.16 4 0
github.com/rayavriti/netmonitor-backend/internal/database/postgres.go:193.16,195.3 1 0
github.com/rayavriti/netmonitor-backend/internal/database/postgres.go:196.2,196.29 1 0
github.com/rayavriti/netmonitor-backend/internal/database/postgres.go:199.106,214.16 3 0
github.com/rayavriti/netmonitor-backend/internal/database/postgres.go:214.16,216.3 1 0
github.com/rayavriti/netmonitor-backend/internal/database/postgres.go:217.2,217.29 1 0
github.com/rayavriti/netmonitor-backend/internal/database/postgres.go:220.70,223.2 2 0
github.com/rayavriti/netmonitor-backend/internal/database/postgres.go:225.58,227.18 2 0
github.com/rayavriti/netmonitor-backend/internal/database/postgres.go:227.18,237.17 4 0
github.com/rayavriti/netmonitor-backend/internal/database/postgres.go:237.17,239.4 1 0
github.com/rayavriti/netmonitor-backend/internal/database/postgres.go:240.3,240.21 1 0
github.com/rayavriti/netmonitor-backend/internal/database/postgres.go:240.21,242.4 1 0
github.com/rayavriti/netmonitor-backend/internal/database/postgres.go:243.3,243.20 1 0
github.com/rayavriti/netmonitor-backend/internal/database/postgres.go:243.20,245.4 1 0
github.com/rayavriti/netmonitor-backend/internal/database/postgres.go:246.3,246.23 1 0
github.com/rayavriti/netmonitor-backend/internal/database/postgres.go:248.2,248.24 1 0
github.com/rayavriti/netmonitor-backend/internal/database/postgres.go:252.91,255.2 2 0
github.com/rayavriti/netmonitor-backend/internal/database/postgres.go:259.78,269.2 3 0
github.com/rayavriti/netmonitor-backend/internal/database/postgres.go:271.83,280.16 2 0
github.com/rayavriti/netmonitor-backend/internal/database/postgres.go:280.16,282.3 1 0
github.com/rayavriti/netmonitor-backend/internal/database/postgres.go:283.2,284.36 2 0
github.com/rayavriti/netmonitor-backend/internal/database/postgres.go:287.106,296.16 2 0
github.com/rayavriti/netmonitor-backend/internal/database/postgres.go:296.16,298.3 1 0
github.com/rayavriti/netmonitor-backend/internal/database/postgres.go:299.2,301.16 3 0
github.com/rayavriti/netmonitor-backend/internal/database/postgres.go:301.16,303.3 1 0
github.com/rayavriti/netmonitor-backend/internal/database/postgres.go:304.2,304.23 1 0
github.com/rayavriti/netmonitor-backend/internal/database/postgres.go:304.23,306.3 1 0
github.com/rayavriti/netmonitor-backend/internal/database/postgres.go:307.2,307.25 1 0
github.com/rayavriti/netmonitor-backend/internal/database/postgres.go:310.130,311.16 1 0
github.com/rayavriti/netmonitor-backend/internal/database/postgres.go:311.16,313.3 1 0
github.com/rayavriti/netmonitor-backend/internal/database/postgres.go:314.2,323.16 2 0
github.com/rayavriti/netmonitor-backend/internal/database/postgres.go:323.16,325.3 1 0
github.com/rayavriti/netmonitor-backend/internal/database/postgres.go:326.2,327.36 2 0
github.com/rayavriti/netmonitor-backend/internal/database/postgres.go:330.120,341.21 5 0
github.com/rayavriti/netmonitor-backend/internal/database/postgres.go:341.21,344.3 2 0
github.com/rayavriti/netmonitor-backend/internal/database/postgres.go:345.2,346.16 2 0
github.com/rayavriti/netmonitor-backend/internal/database/postgres.go:346.16,348.3 1 0
github.com/rayavriti/netmonitor-backend/internal/database/postgres.go:349.2,350.22 2 0
github.com/rayavriti/netmonitor-backend/internal/database/postgres.go:350.22,352.3 1 0
github.com/rayavriti/netmonitor-backend/internal/database/postgres.go:353.2,354.18 2 0
github.com/rayavriti/netmonitor-backend/internal/database/postgres.go:354.18,356.3 1 0
github.com/rayavriti/netmonitor-backend/internal/database/postgres.go:357.2,363.8 1 0
github.com/rayavriti/netmonitor-backend/internal/database/postgres.go:366.58,368.18 2 0
github.com/rayavriti/netmonitor-backend/internal/database/postgres.go:368.18,376.17 4 0
github.com/rayavriti/netmonitor-backend/internal/database/postgres.go:376.17,378.4 1 0
github.com/rayavriti/netmonitor-backend/internal/database/postgres.go:379.3,379.24 1 0
github.com/rayavriti/netmonitor-backend/internal/database/postgres.go:379.24,381.4 1 0
github.com/rayavriti/netmonitor-backend/internal/database/postgres.go:382.3,382.23 1 0
github.com/rayavriti/netmonitor-backend/internal/database/postgres.go:384.2,384.24 1 0
github.com/rayavriti/netmonitor-backend/internal/database/postgres.go:387.68,389.18 2 0
github.com/rayavriti/netmonitor-backend/internal/database/postgres.go:389.18,399.17 5 0
github.com/rayavriti/netmonitor-backend/internal/database/postgres.go:399.17,401.4 1 0
github.com/rayavriti/netmonitor-backend/internal/database/postgres.go:402.3,402.24 1 0
github.com/rayavriti/netmonitor-backend/internal/database/postgres.go:402.24,404.4 1 0
github.com/rayavriti/netmonitor-backend/internal/database/postgres.go:405.3,408.23 4 0
github.com/rayavriti/netmonitor-backend/internal/database/postgres.go:410.2,410.24 1 0
github.com/rayavriti/netmonitor-backend/internal/database/postgres.go:415.114,416.16 1 0
github.com/rayavriti/netmonitor-backend/internal/database/postgres.go:416.16,418.3 1 0
github.com/rayavriti/netmonitor-backend/internal/database/postgres.go:419.2,421.18 3 0
github.com/rayavriti/netmonitor-backend/internal/database/postgres.go:421.18,424.3 2 0
github.com/rayavriti/netmonitor-backend/internal/database/postgres.go:425.2,427.77 3 0
github.com/rayavriti/netmonitor-backend/internal/database/postgres.go:427.77,429.3 1 0
github.com/rayavriti/netmonitor-backend/internal/database/postgres.go:430.2,437.16 6 0
github.com/rayavriti/netmonitor-backend/internal/database/postgres.go:437.16,439.3 1 0
github.com/rayavriti/netmonitor-backend/internal/database/postgres.go:440.2,442.27 3 0
github.com/rayavriti/netmonitor-backend/internal/database/postgres.go:445.83,450.16 2 0
github.com/rayavriti/netmonitor-backend/internal/database/postgres.go:450.16,452.3 1 0
github.com/rayavriti/netmonitor-backend/internal/database/postgres.go:453.2,455.16 3 0
github.com/rayavriti/netmonitor-backend/internal/database/postgres.go:455.16,457.3 1 0
github.com/rayavriti/netmonitor-backend/internal/database/postgres.go:458.2,458.22 1 0
github.com/rayavriti/netmonitor-backend/internal/database/postgres.go:458.22,460.3 1 0
github.com/rayavriti/netmonitor-backend/internal/database/postgres.go:461.2,461.24 1 0
github.com/rayavriti/netmonitor-backend/internal/database/postgres.go:464.93,471.16 3 0
github.com/rayavriti/netmonitor-backend/internal/database/postgres.go:471.16,473.3 1 0
github.com/rayavriti/netmonitor-backend/internal/database/postgres.go:474.2,474.28 1 0
github.com/rayavriti/netmonitor-backend/internal/database/postgres.go:477.94,478.16 1 0
github.com/rayavriti/netmonitor-backend/internal/database/postgres.go:479.22,483.13 2 0
github.com/rayavriti/netmonitor-backend/internal/database/postgres.go:484.18,488.13 2 0
github.com/rayavriti/netmonitor-backend/internal/database/postgres.go:489.10,491.13 2 0
github.com/rayavriti/netmonitor-backend/internal/database/postgres.go:495.69,498.2 2 0
github.com/rayavriti/netmonitor-backend/internal/database/postgres.go:500.119,506.16 2 0
github.com/rayavriti/netmonitor-backend/internal/database/postgres.go:506.16,508.3 1 0
github.com/rayavriti/netmonitor-backend/internal/database/postgres.go:509.2,511.16 3 0
github.com/rayavriti/netmonitor-backend/internal/database/postgres.go:511.16,513.3 1 0
github.com/rayavriti/netmonitor-backend/internal/database/postgres.go:514.2,514.22 1 0
github.com/rayavriti/netmonitor-backend/internal/database/postgres.go:514.22,516.3 1 0
github.com/rayavriti/netmonitor-backend/internal/database/postgres.go:517.2,517.24 1 0
github.com/rayavriti/netmonitor-backend/internal/database/postgres.go:520.56,522.18 2 0
github.com/rayavriti/netmonitor-backend/internal/database/postgres.go:522.18,528.17 3 0
github.com/rayavriti/netmonitor-backend/internal/database/postgres.go:528.17,530.4 1 0
github.com/rayavriti/netmonitor-backend/internal/database/postgres.go:531.3,531.23 1 0
github.com/rayavriti/netmonitor-backend/internal/database/postgres.go:533.2,533.24 1 0
github.com/rayavriti/netmonitor-backend/internal/database/postgres.go:538.98,545.16 3 0
github.com/rayavriti/netmonitor-backend/internal/database/postgres.go:545.16,547.3 1 0
github.com/rayavriti/netmonitor-backend/internal/database/postgres.go:548.2,548.16 1 0
github.com/rayavriti/netmonitor-backend/internal/database/postgres.go:551.85,558.16 3 0
github.com/rayavriti/netmonitor-backend/internal/database/postgres.go:558.16,560.3 1 0
github.com/rayavriti/netmonitor-backend/internal/database/postgres.go:561.2,561.16 1 0
github.com/rayavriti/netmonitor-backend/internal/database/postgres.go:564.90,571.16 3 0
github.com/rayavriti/netmonitor-backend/internal/database/postgres.go:571.16,573.3 1 0
github.com/rayavriti/netmonitor-backend/internal/database/postgres.go:574.2,574.31 1 0
github.com/rayavriti/netmonitor-backend/internal/database/postgres.go:577.100,583.16 2 0
github.com/rayavriti/netmonitor-backend/internal/database/postgres.go:583.16,585.3 1 0
github.com/rayavriti/netmonitor-backend/internal/database/postgres.go:586.2,586.31 1 0
github.com/rayavriti/netmonitor-backend/internal/database/postgres.go:589.68,592.2 2 0
github.com/rayavriti/netmonitor-backend/internal/database/postgres.go:594.91,600.16 3 0
github.com/rayavriti/netmonitor-backend/internal/database/postgres.go:600.16,602.3 1 0
github.com/rayavriti/netmonitor-backend/internal/database/postgres.go:603.2,603.16 1 0
github.com/rayavriti/netmonitor-backend/internal/database/postgres.go:606.89,612.16 3 0
github.com/rayavriti/netmonitor-backend/internal/database/postgres.go:612.16,614.3 1 0
github.com/rayavriti/netmonitor-backend/internal/database/postgres.go:615.2,615.16 1 0
github.com/rayavriti/netmonitor-backend/internal/database/postgres.go:618.96,623.16 3 0
github.com/rayavriti/netmonitor-backend/internal/database/postgres.go:623.16,625.3 1 0
github.com/rayavriti/netmonitor-backend/internal/database/postgres.go:626.2,627.15 2 0
github.com/rayavriti/netmonitor-backend/internal/database/postgres.go:630.97,634.16 2 0
github.com/rayavriti/netmonitor-backend/internal/database/postgres.go:634.16,636.3 1 0
github.com/rayavriti/netmonitor-backend/internal/database/postgres.go:637.2,639.18 3 0
github.com/rayavriti/netmonitor-backend/internal/database/postgres.go:639.18,641.110 2 0
github.com/rayavriti/netmonitor-backend/internal/database/postgres.go:641.110,643.4 1 0
github.com/rayavriti/netmonitor-backend/internal/database/postgres.go:644.3,644.23 1 0
github.com/rayavriti/netmonitor-backend/internal/database/postgres.go:646.2,646.24 1 0
github.com/rayavriti/netmonitor-backend/internal/database/postgres.go:649.70,652.2 2 0
github.com/rayavriti/netmonitor-backend/internal/database/postgres.go:656.80,657.21 1 0
github.com/rayavriti/netmonitor-backend/internal/database/postgres.go:657.21,659.3 1 0
github.com/rayavriti/netmonitor-backend/internal/database/postgres.go:660.2,661.26 2 0
github.com/rayavriti/netmonitor-backend/internal/database/postgres.go:661.26,666.3 1 0
github.com/rayavriti/netmonitor-backend/internal/database/postgres.go:667.2,668.19 2 0
github.com/rayavriti/netmonitor-backend/internal/database/postgres.go:671.117,672.16 1 0
github.com/rayavriti/netmonitor-backend/internal/database/postgres.go:672.16,674.3 1 0
github.com/rayavriti/netmonitor-backend/internal/database/postgres.go:675.2,677.103 2 0
github.com/rayavriti/netmonitor-backend/internal/database/postgres.go:677.103,679.3 1 0
github.com/rayavriti/netmonitor-backend/internal/database/postgres.go:680.2,684.16 2 0
github.com/rayavriti/netmonitor-backend/internal/database/postgres.go:684.16,686.3 1 0
github.com/rayavriti/netmonitor-backend/internal/database/postgres.go:687.2,689.18 3 0
github.com/rayavriti/netmonitor-backend/internal/database/postgres.go:689.18,692.78 2 0
github.com/rayavriti/netmonitor-backend/internal/database/postgres.go:692.78,694.4 1 0
github.com/rayavriti/netmonitor-backend/internal/database/postgres.go:695.3,695.23 1 0
github.com/rayavriti/netmonitor-backend/internal/database/postgres.go:697.2,697.31 1 0
github.com/rayavriti/netmonitor-backend/internal/database/postgres.go:700.108,701.12 1 0
github.com/rayavriti/netmonitor-backend/internal/database/postgres.go:701.12,703.3 1 0
github.com/rayavriti/netmonitor-backend/internal/database/postgres.go:704.2,708.16 2 0
github.com/rayavriti/netmonitor-backend/internal/database/postgres.go:708.16,710.3 1 0
github.com/rayavriti/netmonitor-backend/internal/database/postgres.go:711.2,713.18 3 0
github.com/rayavriti/netmonitor-backend/internal/database/postgres.go:713.18,715.52 2 0
github.com/rayavriti/netmonitor-backend/internal/database/postgres.go:715.52,717.4 1 0
github.com/rayavriti/netmonitor-backend/internal/database/postgres.go:718.3,718.23 1 0
github.com/rayavriti/netmonitor-backend/internal/database/postgres.go:720.2,720.24 1 0
github.com/rayavriti/netmonitor-backend/internal/database/postgres.go:723.104,728.16 2 0
github.com/rayavriti/netmonitor-backend/internal/database/postgres.go:728.16,730.3 1 0
github.com/rayavriti/netmonitor-backend/internal/database/postgres.go:731.2,733.18 3 0
github.com/rayavriti/netmonitor-backend/internal/database/postgres.go:733.18,736.51 3 0
github.com/rayavriti/netmonitor-backend/internal/database/postgres.go:736.51,738.4 1 0
github.com/rayavriti/netmonitor-backend/internal/database/postgres.go:739.3,739.21 1 0
github.com/rayavriti/netmonitor-backend/internal/database/postgres.go:741.2,741.24 1 0
github.com/rayavriti/netmonitor-backend/internal/database/postgres.go:746.97,750.16 2 0
github.com/rayavriti/netmonitor-backend/internal/database/postgres.go:750.16,752.3 1 0
github.com/rayavriti/netmonitor-backend/internal/database/postgres.go:753.2,754.29 2 0
github.com/rayavriti/netmonitor-backend/internal/database/postgres.go:757.91,761.16 2 0
github.com/rayavriti/netmonitor-backend/internal/database/postgres.go:761.16,763.3 1 0
github.com/rayavriti/netmonitor-backend/internal/database/postgres.go:764.2,766.16 3 0
github.com/rayavriti/netmonitor-backend/internal/database/postgres.go:766.16,768.3 1 0
github.com/rayavriti/netmonitor-backend/internal/database/postgres.go:769.2,769.18 1 0
github.com/rayavriti/netmonitor-backend/internal/database/postgres.go:769.18,771.3 1 0
github.com/rayavriti/netmonitor-backend/internal/database/postgres.go:772.2,772.20 1 0
github.com/rayavriti/netmonitor-backend/internal/database/postgres.go:775.103,776.15 1 0
github.com/rayavriti/netmonitor-backend/internal/database/postgres.go:776.15,781.17 3 0
github.com/rayavriti/netmonitor-backend/internal/database/postgres.go:781.17,783.4 1 0
github.com/rayavriti/netmonitor-backend/internal/database/postgres.go:784.3,784.33 1 0
github.com/rayavriti/netmonitor-backend/internal/database/postgres.go:786.2,789.16 2 0
github.com/rayavriti/netmonitor-backend/internal/database/postgres.go:789.16,791.3 1 0
github.com/rayavriti/netmonitor-backend/internal/database/postgres.go:792.2,792.34 1 0
github.com/rayavriti/netmonitor-backend/internal/database/postgres.go:795.73,798.2 2 0
github.com/rayavriti/netmonitor-backend/internal/database/postgres.go:800.64,802.18 2 0
github.com/rayavriti/netmonitor-backend/internal/database/postgres.go:802.18,804.101 2 0
github.com/rayavriti/netmonitor-backend/internal/database/postgres.go:804.101,806.4 1 0
github.com/rayavriti/netmonitor-backend/internal/database/postgres.go:807.3,807.23 1 0
github.com/rayavriti/netmonitor-backend/internal/database/postgres.go:809.2,809.24 1 0
github.com/rayavriti/netmonitor-backend/internal/database/postgres.go:814.90,816.13 2 0
github.com/rayavriti/netmonitor-backend/internal/database/postgres.go:816.13,818.3 1 0
github.com/rayavriti/netmonitor-backend/internal/database/postgres.go:819.2,822.16 2 0
github.com/rayavriti/netmonitor-backend/internal/database/postgres.go:822.16,825.3 1 0
github.com/rayavriti/netmonitor-backend/internal/database/postgres.go:826.2,826.30 1 0
github.com/rayavriti/netmonitor-backend/internal/database/postgres.go:829.88,831.13 2 0
github.com/rayavriti/netmonitor-backend/internal/database/postgres.go:831.13,833.3 1 0
github.com/rayavriti/netmonitor-backend/internal/database/postgres.go:834.2,837.16 2 0
github.com/rayavriti/netmonitor-backend/internal/database/postgres.go:837.16,839.3 1 0
github.com/rayavriti/netmonitor-backend/internal/database/postgres.go:840.2,840.30 1 0
github.com/rayavriti/netmonitor-backend/internal/database/postgres.go:843.89,846.2 2 0
github.com/rayavriti/netmonitor-backend/internal/database/postgres.go:850.83,864.16 5 0
github.com/rayavriti/netmonitor-backend/internal/database/postgres.go:864.16,866.3 1 0
github.com/rayavriti/netmonitor-backend/internal/database/postgres.go:868.2,875.8 1 0
github.com/rayavriti/netmonitor-backend/internal/database/postgres.go:880.32,881.13 1 0
github.com/rayavriti/netmonitor-backend/internal/database/postgres.go:881.13,883.3 1 0
github.com/rayavriti/netmonitor-backend/internal/database/postgres.go:884.2,884.11 1 0
github.com/rayavriti/netmonitor-backend/internal/database/postgres.go:887.26,888.12 1 0
github.com/rayavriti/netmonitor-backend/internal/database/postgres.go:888.12,890.3 1 0
github.com/rayavriti/netmonitor-backend/internal/database/postgres.go:891.2,891.11 1 0
github.com/rayavriti/netmonitor-backend/internal/database/postgres_alertrules.go:14.83,20.16 2 0
github.com/rayavriti/netmonitor-backend/internal/database/postgres_alertrules.go:20.16,22.3 1 0
github.com/rayavriti/netmonitor-backend/internal/database/postgres_alertrules.go:23.2,26.16 3 0
github.com/rayavriti/netmonitor-backend/internal/database/postgres_alertrules.go:26.16,28.3 1 0
github.com/rayavriti/netmonitor-backend/internal/database/postgres_alertrules.go:30.2,30.23 1 0
github.com/rayavriti/netmonitor-backend/internal/database/postgres_alertrules.go:30.23,31.66 1 0
github.com/rayavriti/netmonitor-backend/internal/database/postgres_alertrules.go:31.66,33.4 1 0
github.com/rayavriti/netmonitor-backend/internal/database/postgres_alertrules.go:36.2,36.18 1 0
github.com/rayavriti/netmonitor-backend/internal/database/postgres_alertrules.go:36.18,38.3 1 0
github.com/rayavriti/netmonitor-backend/internal/database/postgres_alertrules.go:39.2,39.19 1 0
github.com/rayavriti/netmonitor-backend/internal/database/postgres_alertrules.go:42.91,48.16 2 0
github.com/rayavriti/netmonitor-backend/internal/database/postgres_alertrules.go:48.16,50.3 1 0
github.com/rayavriti/netmonitor-backend/internal/database/postgres_alertrules.go:51.2,54.16 3 0
github.com/rayavriti/netmonitor-backend/internal/database/postgres_alertrules.go:54.16,56.3 1 0
github.com/rayavriti/netmonitor-backend/internal/database/postgres_alertrules.go:57.2,57.21 1 0
github.com/rayavriti/netmonitor-backend/internal/database/postgres_alertrules.go:57.21,59.3 1 0
github.com/rayavriti/netmonitor-backend/internal/database/postgres_alertrules.go:61.2,61.65 1 0
github.com/rayavriti/netmonitor-backend/internal/database/postgres_alertrules.go:61.65,63.3 1 0
github.com/rayavriti/netmonitor-backend/internal/database/postgres_alertrules.go:64.2,64.23 1 0
github.com/rayavriti/netmonitor-backend/internal/database/postgres_alertrules.go:67.105,69.16 2 0
github.com/rayavriti/netmonitor-backend/internal/database/postgres_alertrules.go:69.16,71.3 1 0
github.com/rayavriti/netmonitor-backend/internal/database/postgres_alertrules.go:72.2,85.16 4 0
github.com/rayavriti/netmonitor-backend/internal/database/postgres_alertrules.go:85.16,87.3 1 0
github.com/rayavriti/netmonitor-backend/internal/database/postgres_alertrules.go:90.2,90.68 1 0
github.com/rayavriti/netmonitor-backend/internal/database/postgres_alertrules.go:90.68,92.3 1 0
github.com/rayavriti/netmonitor-backend/internal/database/postgres_alertrules.go:95.2,95.70 1 0
github.com/rayavriti/netmonitor-backend/internal/database/postgres_alertrules.go:95.70,97.3 1 0
github.com/rayavriti/netmonitor-backend/internal/database/postgres_alertrules.go:99.2,99.39 1 0
github.com/rayavriti/netmonitor-backend/internal/database/postgres_alertrules.go:99.39,101.3 1 0
github.com/rayavriti/netmonitor-backend/internal/database/postgres_alertrules.go:102.2,102.32 1 0
github.com/rayavriti/netmonitor-backend/internal/database/postgres_alertrules.go:105.115,107.16 2 0
github.com/rayavriti/netmonitor-backend/internal/database/postgres_alertrules.go:107.16,109.3 1 0
github.com/rayavriti/netmonitor-backend/internal/database/postgres_alertrules.go:110.2,123.16 3 0
github.com/rayavriti/netmonitor-backend/internal/database/postgres_alertrules.go:123.16,125.3 1 0
github.com/rayavriti/netmonitor-backend/internal/database/postgres_alertrules.go:128.2,128.98 1 0
github.com/rayavriti/netmonitor-backend/internal/database/postgres_alertrules.go:128.98,130.3 1 0
github.com/rayavriti/netmonitor-backend/internal/database/postgres_alertrules.go:131.2,131.68 1 0
github.com/rayavriti/netmonitor-backend/internal/database/postgres_alertrules.go:131.68,133.3 1 0
github.com/rayavriti/netmonitor-backend/internal/database/postgres_alertrules.go:136.2,136.96 1 0
github.com/rayavriti/netmonitor-backend/internal/database/postgres_alertrules.go:136.96,138.3 1 0
github.com/rayavriti/netmonitor-backend/internal/database/postgres_alertrules.go:139.2,139.70 1 0
github.com/rayavriti/netmonitor-backend/internal/database/postgres_alertrules.go:139.70,141.3 1 0
github.com/rayavriti/netmonitor-backend/internal/database/postgres_alertrules.go:143.2,143.39 1 0
github.com/rayavriti/netmonitor-backend/internal/database/postgres_alertrules.go:143.39,145.3 1 0
github.com/rayavriti/netmonitor-backend/internal/database/postgres_alertrules.go:146.2,146.32 1 0
github.com/rayavriti/netmonitor-backend/internal/database/postgres_alertrules.go:149.73,152.2 2 0
github.com/rayavriti/netmonitor-backend/internal/database/postgres_alertrules.go:154.87,158.2 2 0
github.com/rayavriti/netmonitor-backend/internal/database/postgres_alertrules.go:162.103,166.16 2 0
github.com/rayavriti/netmonitor-backend/internal/database/postgres_alertrules.go:166.16,168.3 1 0
github.com/rayavriti/netmonitor-backend/internal/database/postgres_alertrules.go:169.2,172.16 3 0
github.com/rayavriti/netmonitor-backend/internal/database/postgres_alertrules.go:172.16,174.3 1 0
github.com/rayavriti/netmonitor-backend/internal/database/postgres_alertrules.go:175.2,175.21 1 0
github.com/rayavriti/netmonitor-backend/internal/database/postgres_alertrules.go:175.21,177.3 1 0
github.com/rayavriti/netmonitor-backend/internal/database/postgres_alertrules.go:178.2,178.22 1 0
github.com/rayavriti/netmonitor-backend/internal/database/postgres_alertrules.go:181.111,185.16 2 0
github.com/rayavriti/netmonitor-backend/internal/database/postgres_alertrules.go:185.16,187.3 1 0
github.com/rayavriti/netmonitor-backend/internal/database/postgres_alertrules.go:188.2,191.16 3 0
github.com/rayavriti/netmonitor-backend/internal/database/postgres_alertrules.go:191.16,193.3 1 0
github.com/rayavriti/netmonitor-backend/internal/database/postgres_alertrules.go:194.2,194.24 1 0
github.com/rayavriti/netmonitor-backend/internal/database/postgres_alertrules.go:194.24,196.3 1 0
github.com/rayavriti/netmonitor-backend/internal/database/postgres_alertrules.go:197.2,197.26 1 0
github.com/rayavriti/netmonitor-backend/internal/database/postgres_alertrules.go:200.136,202.16 2 0
github.com/rayavriti/netmonitor-backend/internal/database/postgres_alertrules.go:202.16,204.3 1 0
github.com/rayavriti/netmonitor-backend/internal/database/postgres_alertrules.go:206.2,212.16 3 0
github.com/rayavriti/netmonitor-backend/internal/database/postgres_alertrules.go:212.16,214.3 1 0
github.com/rayavriti/netmonitor-backend/internal/database/postgres_alertrules.go:215.2,215.42 1 0
github.com/rayavriti/netmonitor-backend/internal/database/postgres_alertrules.go:218.146,220.16 2 0
github.com/rayavriti/netmonitor-backend/internal/database/postgres_alertrules.go:220.16,222.3 1 0
github.com/rayavriti/netmonitor-backend/internal/database/postgres_alertrules.go:224.2,230.16 2 0
github.com/rayavriti/netmonitor-backend/internal/database/postgres_alertrules.go:230.16,232.3 1 0
github.com/rayavriti/netmonitor-backend/internal/database/postgres_alertrules.go:233.2,233.42 1 0
github.com/rayavriti/netmonitor-backend/internal/database/postgres_alertrules.go:236.83,239.2 2 0
github.com/rayavriti/netmonitor-backend/internal/database/postgres_alertrules.go:243.90,251.2 3 0
github.com/rayavriti/netmonitor-backend/internal/database/postgres_alertrules.go:253.103,259.16 2 0
github.com/rayavriti/netmonitor-backend/internal/database/postgres_alertrules.go:259.16,261.3 1 0
github.com/rayavriti/netmonitor-backend/internal/database/postgres_alertrules.go:262.2,265.18 3 0
github.com/rayavriti/netmonitor-backend/internal/database/postgres_alertrules.go:265.18,270.17 5 0
github.com/rayavriti/netmonitor-backend/internal/database/postgres_alertrules.go:270.17,272.4 1 0
github.com/rayavriti/netmonitor-backend/internal/database/postgres_alertrules.go:273.3,273.19 1 0
github.com/rayavriti/netmonitor-backend/internal/database/postgres_alertrules.go:273.19,275.4 1 0
github.com/rayavriti/netmonitor-backend/internal/database/postgres_alertrules.go:276.3,276.24 1 0
github.com/rayavriti/netmonitor-backend/internal/database/postgres_alertrules.go:276.24,278.4 1 0
github.com/rayavriti/netmonitor-backend/internal/database/postgres_alertrules.go:279.3,279.23 1 0
github.com/rayavriti/netmonitor-backend/internal/database/postgres_alertrules.go:281.2,281.16 1 0
github.com/rayavriti/netmonitor-backend/internal/database/postgres_alertrules.go:281.16,283.3 1 0
github.com/rayavriti/netmonitor-backend/internal/database/postgres_alertrules.go:284.2,284.24 1 0
github.com/rayavriti/netmonitor-backend/internal/database/postgres_alertrules.go:289.115,300.16 4 0
github.com/rayavriti/netmonitor-backend/internal/database/postgres_alertrules.go:300.16,302.3 1 0
github.com/rayavriti/netmonitor-backend/internal/database/postgres_alertrules.go:303.2,303.24 1 0
github.com/rayavriti/netmonitor-backend/internal/database/postgres_alertrules.go:303.24,305.3 1 0
github.com/rayavriti/netmonitor-backend/internal/database/postgres_alertrules.go:306.2,306.16 1 0
github.com/rayavriti/netmonitor-backend/internal/database/postgres_alertrules.go:309.94,327.2 3 0
github.com/rayavriti/netmonitor-backend/internal/database/postgres_alertrules.go:332.91,338.16 2 0
github.com/rayavriti/netmonitor-backend/internal/database/postgres_alertrules.go:338.16,340.3 1 0
github.com/rayavriti/netmonitor-backend/internal/database/postgres_alertrules.go:341.2,343.22 2 0
github.com/rayavriti/netmonitor-backend/internal/database/postgres_alertrules.go:343.22,348.17 4 0
github.com/rayavriti/netmonitor-backend/internal/database/postgres_alertrules.go:348.17,350.4 1 0
github.com/rayavriti/netmonitor-backend/internal/database/postgres_alertrules.go:351.3,351.20 1 0
github.com/rayavriti/netmonitor-backend/internal/database/postgres_alertrules.go:351.20,353.4 1 0
github.com/rayavriti/netmonitor-backend/internal/database/postgres_alertrules.go:354.3,354.41 1 0
github.com/rayavriti/netmonitor-backend/internal/database/postgres_alertrules.go:356.2,356.39 1 0
github.com/rayavriti/netmonitor-backend/internal/database/postgres_alertrules.go:356.39,358.3 1 0
github.com/rayavriti/netmonitor-backend/internal/database/postgres_alertrules.go:359.2,359.25 1 0
github.com/rayavriti/netmonitor-backend/internal/database/postgres_alertrules.go:359.25,361.3 1 0
github.com/rayavriti/netmonitor-backend/internal/database/postgres_alertrules.go:364.2,367.16 2 0
github.com/rayavriti/netmonitor-backend/internal/database/postgres_alertrules.go:367.16,369.3 1 0
github.com/rayavriti/netmonitor-backend/internal/database/postgres_alertrules.go:370.2,372.20 2 0
github.com/rayavriti/netmonitor-backend/internal/database/postgres_alertrules.go:372.20,374.44 2 0
github.com/rayavriti/netmonitor-backend/internal/database/postgres_alertrules.go:374.44,376.4 1 0
github.com/rayavriti/netmonitor-backend/internal/database/postgres_alertrules.go:377.3,377.44 1 0
github.com/rayavriti/netmonitor-backend/internal/database/postgres_alertrules.go:379.2,379.37 1 0
github.com/rayavriti/netmonitor-backend/internal/database/postgres_alertrules.go:379.37,381.3 1 0
github.com/rayavriti/netmonitor-backend/internal/database/postgres_alertrules.go:382.2,382.25 1 0
github.com/rayavriti/netmonitor-backend/internal/database/postgres_alertrules.go:382.25,384.3 1 0
github.com/rayavriti/netmonitor-backend/internal/database/postgres_alertrules.go:386.2,386.12 1 0
github.com/rayavriti/netmonitor-backend/internal/database/postgres_alertrules.go:390.115,391.26 1 0
github.com/rayavriti/netmonitor-backend/internal/database/postgres_alertrules.go:391.26,393.3 1 0
github.com/rayavriti/netmonitor-backend/internal/database/postgres_alertrules.go:394.2,395.31 2 0
github.com/rayavriti/netmonitor-backend/internal/database/postgres_alertrules.go:395.31,402.3 2 0
github.com/rayavriti/netmonitor-backend/internal/database/postgres_alertrules.go:403.2,404.35 2 0
github.com/rayavriti/netmonitor-backend/internal/database/postgres_alertrules.go:404.35,406.3 1 0
github.com/rayavriti/netmonitor-backend/internal/database/postgres_alertrules.go:407.2,407.12 1 0
github.com/rayavriti/netmonitor-backend/internal/database/postgres_alertrules.go:411.97,412.26 1 0
github.com/rayavriti/netmonitor-backend/internal/database/postgres_alertrules.go:412.26,414.3 1 0
github.com/rayavriti/netmonitor-backend/internal/database/postgres_alertrules.go:415.2,416.34 2 0
github.com/rayavriti/netmonitor-backend/internal/database/postgres_alertrules.go:416.34,421.3 1 0
github.com/rayavriti/netmonitor-backend/internal/database/postgres_alertrules.go:422.2,423.35 2 0
github.com/rayavriti/netmonitor-backend/internal/database/postgres_alertrules.go:423.35,425.3 1 0
github.com/rayavriti/netmonitor-backend/internal/database/postgres_alertrules.go:426.2,426.12 1 0
github.com/rayavriti/netmonitor-backend/internal/database/postgres_alertrules.go:429.64,431.18 2 0
github.com/rayavriti/netmonitor-backend/internal/database/postgres_alertrules.go:431.18,439.17 4 0
github.com/rayavriti/netmonitor-backend/internal/database/postgres_alertrules.go:439.17,441.4 1 0
github.com/rayavriti/netmonitor-backend/internal/database/postgres_alertrules.go:442.3,442.25 1 0
github.com/rayavriti/netmonitor-backend/internal/database/postgres_alertrules.go:442.25,444.4 1 0
github.com/rayavriti/netmonitor-backend/internal/database/postgres_alertrules.go:445.3,445.24 1 0
github.com/rayavriti/netmonitor-backend/internal/database/postgres_alertrules.go:445.24,447.4 1 0
github.com/rayavriti/netmonitor-backend/internal/database/postgres_alertrules.go:448.3,448.23 1 0
github.com/rayavriti/netmonitor-backend/internal/database/postgres_alertrules.go:450.2,450.24 1 0
github.com/rayavriti/netmonitor-backend/internal/database/postgres_alertrules.go:453.84,455.18 2 0
github.com/rayavriti/netmonitor-backend/internal/database/postgres_alertrules.go:455.18,459.17 4 0
github.com/rayavriti/netmonitor-backend/internal/database/postgres_alertrules.go:459.17,461.4 1 0
github.com/rayavriti/netmonitor-backend/internal/database/postgres_alertrules.go:462.3,462.20 1 0
github.com/rayavriti/netmonitor-backend/internal/database/postgres_alertrules.go:462.20,464.4 1 0
github.com/rayavriti/netmonitor-backend/internal/database/postgres_alertrules.go:465.3,465.23 1 0
github.com/rayavriti/netmonitor-backend/internal/database/postgres_alertrules.go:465.23,467.4 1 0
github.com/rayavriti/netmonitor-backend/internal/database/postgres_alertrules.go:468.3,468.24 1 0
github.com/rayavriti/netmonitor-backend/internal/database/postgres_alertrules.go:470.2,470.24 1 0
github.com/rayavriti/netmonitor-backend/internal/database/postgres_captures.go:14.121,16.16 2 0
github.com/rayavriti/netmonitor-backend/internal/database/postgres_captures.go:16.16,18.3 1 0
github.com/rayavriti/netmonitor-backend/internal/database/postgres_captures.go:20.2,28.16 3 0
github.com/rayavriti/netmonitor-backend/internal/database/postgres_captures.go:28.16,30.3 1 0
github.com/rayavriti/netmonitor-backend/internal/database/postgres_captures.go:31.2,31.37 1 0
github.com/rayavriti/netmonitor-backend/internal/database/postgres_captures.go:34.101,40.16 2 0
github.com/rayavriti/netmonitor-backend/internal/database/postgres_captures.go:40.16,42.3 1 0
github.com/rayavriti/netmonitor-backend/internal/database/postgres_captures.go:43.2,46.16 3 0
github.com/rayavriti/netmonitor-backend/internal/database/postgres_captures.go:46.16,48.3 1 0
github.com/rayavriti/netmonitor-backend/internal/database/postgres_captures.go:49.2,49.24 1 0
github.com/rayavriti/netmonitor-backend/internal/database/postgres_captures.go:49.24,51.3 1 0
github.com/rayavriti/netmonitor-backend/internal/database/postgres_captures.go:52.2,52.26 1 0
github.com/rayavriti/netmonitor-backend/internal/database/postgres_captures.go:55.93,61.16 2 0
github.com/rayavriti/netmonitor-backend/internal/database/postgres_captures.go:61.16,63.3 1 0
github.com/rayavriti/netmonitor-backend/internal/database/postgres_captures.go:64.2,67.16 3 0
github.com/rayavriti/netmonitor-backend/internal/database/postgres_captures.go:67.16,69.3 1 0
github.com/rayavriti/netmonitor-backend/internal/database/postgres_captures.go:70.2,70.21 1 0
github.com/rayavriti/netmonitor-backend/internal/database/postgres_captures.go:70.21,72.3 1 0
github.com/rayavriti/netmonitor-backend/internal/database/postgres_captures.go:73.2,73.22 1 0
github.com/rayavriti/netmonitor-backend/internal/database/postgres_captures.go:76.110,78.30 2 0
github.com/rayavriti/netmonitor-backend/internal/database/postgres_captures.go:78.30,80.3 1 0
github.com/rayavriti/netmonitor-backend/internal/database/postgres_captures.go:82.2,87.12 2 0
github.com/rayavriti/netmonitor-backend/internal/database/postgres_captures.go:90.111,98.2 2 0
github.com/rayavriti/netmonitor-backend/internal/database/postgres_captures.go:100.74,102.18 2 0
github.com/rayavriti/netmonitor-backend/internal/database/postgres_captures.go:102.18,110.17 4 0
github.com/rayavriti/netmonitor-backend/internal/database/postgres_captures.go:110.17,112.4 1 0
github.com/rayavriti/netmonitor-backend/internal/database/postgres_captures.go:113.3,113.26 1 0
github.com/rayavriti/netmonitor-backend/internal/database/postgres_captures.go:113.26,115.4 1 0
github.com/rayavriti/netmonitor-backend/internal/database/postgres_captures.go:116.3,116.26 1 0
github.com/rayavriti/netmonitor-backend/internal/database/postgres_captures.go:116.26,118.4 1 0
github.com/rayavriti/netmonitor-backend/internal/database/postgres_captures.go:119.3,119.24 1 0
github.com/rayavriti/netmonitor-backend/internal/database/postgres_captures.go:121.2,121.24 1 0
github.com/rayavriti/netmonitor-backend/internal/database/postgres_captures.go:124.127,131.16 2 0
github.com/rayavriti/netmonitor-backend/internal/database/postgres_captures.go:131.16,133.3 1 0
github.com/rayavriti/netmonitor-backend/internal/database/postgres_captures.go:134.2,137.18 3 0
github.com/rayavriti/netmonitor-backend/internal/database/postgres_captures.go:137.18,143.17 3 0
github.com/rayavriti/netmonitor-backend/internal/database/postgres_captures.go:143.17,145.4 1 0
github.com/rayavriti/netmonitor-backend/internal/database/postgres_captures.go:146.3,146.24 1 0
github.com/rayavriti/netmonitor-backend/internal/database/postgres_captures.go:148.2,148.24 1 0
github.com/rayavriti/netmonitor-backend/internal/database/postgres_extended.go:16.84,18.16 2 0
github.com/rayavriti/netmonitor-backend/internal/database/postgres_extended.go:18.16,20.3 1 0
github.com/rayavriti/netmonitor-backend/internal/database/postgres_extended.go:21.2,23.16 3 0
github.com/rayavriti/netmonitor-backend/internal/database/postgres_extended.go:23.16,25.3 1 0
github.com/rayavriti/netmonitor-backend/internal/database/postgres_extended.go:26.2,26.20 1 0
github.com/rayavriti/netmonitor-backend/internal/database/postgres_extended.go:26.20,28.3 1 0
github.com/rayavriti/netmonitor-backend/internal/database/postgres_extended.go:29.2,29.21 1 0
github.com/rayavriti/netmonitor-backend/internal/database/postgres_extended.go:33.100,35.16 2 0
github.com/rayavriti/netmonitor-backend/internal/database/postgres_extended.go:35.16,37.3 1 0
github.com/rayavriti/netmonitor-backend/internal/database/postgres_extended.go:38.2,40.16 3 0
github.com/rayavriti/netmonitor-backend/internal/database/postgres_extended.go:40.16,42.3 1 0
github.com/rayavriti/netmonitor-backend/internal/database/postgres_extended.go:43.2,43.20 1 0
github.com/rayavriti/netmonitor-backend/internal/database/postgres_extended.go:43.20,45.3 1 0
github.com/rayavriti/netmonitor-backend/internal/database/postgres_extended.go:46.2,46.21 1 0
github.com/rayavriti/netmonitor-backend/internal/database/postgres_extended.go:49.106,54.20 4 0
github.com/rayavriti/netmonitor-backend/internal/database/postgres_extended.go:54.20,58.3 3 0
github.com/rayavriti/netmonitor-backend/internal/database/postgres_extended.go:59.2,59.22 1 0
github.com/rayavriti/netmonitor-backend/internal/database/postgres_extended.go:59.22,63.3 3 0
github.com/rayavriti/netmonitor-backend/internal/database/postgres_extended.go:64.2,64.22 1 0
github.com/rayavriti/netmonitor-backend/internal/database/postgres_extended.go:64.22,68.3 3 0
github.com/rayavriti/netmonitor-backend/internal/database/postgres_extended.go:69.2,69.20 1 0
github.com/rayavriti/netmonitor-backend/internal/database/postgres_extended.go:69.20,73.3 3 0
github.com/rayavriti/netmonitor-backend/internal/database/postgres_extended.go:75.2,76.20 2 0
github.com/rayavriti/netmonitor-backend/internal/database/postgres_extended.go:76.20,78.3 1 0
github.com/rayavriti/netmonitor-backend/internal/database/postgres_extended.go:80.2,82.79 3 0
github.com/rayavriti/netmonitor-backend/internal/database/postgres_extended.go:82.79,84.3 1 0
github.com/rayavriti/netmonitor-backend/internal/database/postgres_extended.go:86.2,87.18 2 0
github.com/rayavriti/netmonitor-backend/internal/database/postgres_extended.go:88.14,89.19 1 0
github.com/rayavriti/netmonitor-backend/internal/database/postgres_extended.go:90.16,91.21 1 0
github.com/rayavriti/netmonitor-backend/internal/database/postgres_extended.go:92.18,93.23 1 0
github.com/rayavriti/netmonitor-backend/internal/database/postgres_extended.go:94.19,95.25 1 0
github.com/rayavriti/netmonitor-backend/internal/database/postgres_extended.go:97.2,98.42 2 0
github.com/rayavriti/netmonitor-backend/internal/database/postgres_extended.go:98.42,100.3 1 0
github.com/rayavriti/netmonitor-backend/internal/database/postgres_extended.go:102.2,103.17 2 0
github.com/rayavriti/netmonitor-backend/internal/database/postgres_extended.go:103.17,105.3 1 0
github.com/rayavriti/netmonitor-backend/internal/database/postgres_extended.go:106.2,106.18 1 0
github.com/rayavriti/netmonitor-backend/internal/database/postgres_extended.go:106.18,108.3 1 0
github.com/rayavriti/netmonitor-backend/internal/database/postgres_extended.go:110.2,111.16 2 0
github.com/rayavriti/netmonitor-backend/internal/database/postgres_extended.go:111.16,113.3 1 0
github.com/rayavriti/netmonitor-backend/internal/database/postgres_extended.go:114.2,116.16 3 0
github.com/rayavriti/netmonitor-backend/internal/database/postgres_extended.go:116.16,118.3 1 0
github.com/rayavriti/netmonitor-backend/internal/database/postgres_extended.go:119.2,119.20 1 0
github.com/rayavriti/netmonitor-backend/internal/database/postgres_extended.go:119.20,121.3 1 0
github.com/rayavriti/netmonitor-backend/internal/database/postgres_extended.go:122.2,122.28 1 0
github.com/rayavriti/netmonitor-backend/internal/database/postgres_extended.go:128.84,132.16 3 0
github.com/rayavriti/netmonitor-backend/internal/database/postgres_extended.go:132.16,134.3 1 0
github.com/rayavriti/netmonitor-backend/internal/database/postgres_extended.go:135.2,137.18 2 0
github.com/rayavriti/netmonitor-backend/internal/database/postgres_extended.go:137.18,140.48 3 0
github.com/rayavriti/netmonitor-backend/internal/database/postgres_extended.go:140.48,142.4 1 0
github.com/rayavriti/netmonitor-backend/internal/database/postgres_extended.go:143.3,143.17 1 0
github.com/rayavriti/netmonitor-backend/internal/database/postgres_extended.go:144.17,145.21 1 0
github.com/rayavriti/netmonitor-backend/internal/database/postgres_extended.go:146.23,147.27 1 0
github.com/rayavriti/netmonitor-backend/internal/database/postgres_extended.go:148.19,149.23 1 0
github.com/rayavriti/netmonitor-backend/internal/database/postgres_extended.go:152.2,152.27 1 0
github.com/rayavriti/netmonitor-backend/internal/database/postgres_extended.go:157.112,164.16 2 0
github.com/rayavriti/netmonitor-backend/internal/database/postgres_extended.go:164.16,166.3 1 0
github.com/rayavriti/netmonitor-backend/internal/database/postgres_extended.go:167.2,170.16 3 0
github.com/rayavriti/netmonitor-backend/internal/database/postgres_extended.go:170.16,172.3 1 0
github.com/rayavriti/netmonitor-backend/internal/database/postgres_extended.go:173.2,173.22 1 0
github.com/rayavriti/netmonitor-backend/internal/database/postgres_extended.go:173.22,175.3 1 0
github.com/rayavriti/netmonitor-backend/internal/database/postgres_extended.go:176.2,176.24 1 0
github.com/rayavriti/netmonitor-backend/internal/database/postgres_extended.go:180.121,189.21 4 0
github.com/rayavriti/netmonitor-backend/internal/database/postgres_extended.go:189.21,193.3 3 0
github.com/rayavriti/netmonitor-backend/internal/database/postgres_extended.go:194.2,197.16 3 0
github.com/rayavriti/netmonitor-backend/internal/database/postgres_extended.go:197.16,199.3 1 0
github.com/rayavriti/netmonitor-backend/internal/database/postgres_extended.go:200.2,201.25 2 0
github.com/rayavriti/netmonitor-backend/internal/database/postgres_extended.go:208.149,218.21 4 0
github.com/rayavriti/netmonitor-backend/internal/database/postgres_extended.go:218.21,222.3 3 0
github.com/rayavriti/netmonitor-backend/internal/database/postgres_extended.go:223.2,226.16 3 0
github.com/rayavriti/netmonitor-backend/internal/database/postgres_extended.go:226.16,228.3 1 0
github.com/rayavriti/netmonitor-backend/internal/database/postgres_extended.go:229.2,232.18 3 0
github.com/rayavriti/netmonitor-backend/internal/database/postgres_extended.go:232.18,238.17 3 0
github.com/rayavriti/netmonitor-backend/internal/database/postgres_extended.go:238.17,240.4 1 0
github.com/rayavriti/netmonitor-backend/internal/database/postgres_extended.go:241.3,242.23 2 0
github.com/rayavriti/netmonitor-backend/internal/database/postgres_extended.go:244.2,244.16 1 0
github.com/rayavriti/netmonitor-backend/internal/database/postgres_extended.go:244.16,246.3 1 0
github.com/rayavriti/netmonitor-backend/internal/database/postgres_extended.go:247.2,247.24 1 0
github.com/rayavriti/netmonitor-backend/internal/database/postgres_extended.go:250.157,251.24 1 0
github.com/rayavriti/netmonitor-backend/internal/database/postgres_extended.go:251.24,253.3 1 0
github.com/rayavriti/netmonitor-backend/internal/database/postgres_extended.go:254.2,265.21 4 0
github.com/rayavriti/netmonitor-backend/internal/database/postgres_extended.go:265.21,268.3 2 0
github.com/rayavriti/netmonitor-backend/internal/database/postgres_extended.go:269.2,272.16 3 0
github.com/rayavriti/netmonitor-backend/internal/database/postgres_extended.go:272.16,274.3 1 0
github.com/rayavriti/netmonitor-backend/internal/database/postgres_extended.go:275.2,278.18 3 0
github.com/rayavriti/netmonitor-backend/internal/database/postgres_extended.go:278.18,281.104 3 0
github.com/rayavriti/netmonitor-backend/internal/database/postgres_extended.go:281.104,283.4 1 0
github.com/rayavriti/netmonitor-backend/internal/database/postgres_extended.go:284.3,285.23 2 0
github.com/rayavriti/netmonitor-backend/internal/database/postgres_extended.go:287.2,287.16 1 0
github.com/rayavriti/netmonitor-backend/internal/database/postgres_extended.go:287.16,289.3 1 0
github.com/rayavriti/netmonitor-backend/internal/database/postgres_extended.go:290.2,290.24 1 0
github.com/rayavriti/netmonitor-backend/internal/database/postgres_extended.go:293.137,306.21 3 0
github.com/rayavriti/netmonitor-backend/internal/database/postgres_extended.go:306.21,309.3 2 0
github.com/rayavriti/netmonitor-backend/internal/database/postgres_extended.go:310.2,313.16 3 0
github.com/rayavriti/netmonitor-backend/internal/database/postgres_extended.go:313.16,315.3 1 0
github.com/rayavriti/netmonitor-backend/internal/database/postgres_extended.go:316.2,319.18 3 0
github.com/rayavriti/netmonitor-backend/internal/database/postgres_extended.go:319.18,325.17 2 0
github.com/rayavriti/netmonitor-backend/internal/database/postgres_extended.go:325.17,327.4 1 0
github.com/rayavriti/netmonitor-backend/internal/database/postgres_extended.go:328.3,328.25 1 0
github.com/rayavriti/netmonitor-backend/internal/database/postgres_extended.go:328.25,330.4 1 0
github.com/rayavriti/netmonitor-backend/internal/database/postgres_extended.go:330.9,332.4 1 0
github.com/rayavriti/netmonitor-backend/internal/database/postgres_extended.go:333.3,333.24 1 0
github.com/rayavriti/netmonitor-backend/internal/database/postgres_extended.go:335.2,335.16 1 0
github.com/rayavriti/netmonitor-backend/internal/database/postgres_extended.go:335.16,337.3 1 0
github.com/rayavriti/netmonitor-backend/internal/database/postgres_extended.go:338.2,338.24 1 0
github.com/rayavriti/netmonitor-backend/internal/database/postgres_extended.go:342.101,347.23 4 0
github.com/rayavriti/netmonitor-backend/internal/database/postgres_extended.go:347.23,351.3 3 0
github.com/rayavriti/netmonitor-backend/internal/database/postgres_extended.go:352.2,352.22 1 0
github.com/rayavriti/netmonitor-backend/internal/database/postgres_extended.go:352.22,356.3 3 0
github.com/rayavriti/netmonitor-backend/internal/database/postgres_extended.go:357.2,357.20 1 0
github.com/rayavriti/netmonitor-backend/internal/database/postgres_extended.go:357.20,361.3 3 0
github.com/rayavriti/netmonitor-backend/internal/database/postgres_extended.go:362.2,362.20 1 0
github.com/rayavriti/netmonitor-backend/internal/database/postgres_extended.go:362.20,366.3 3 0
github.com/rayavriti/netmonitor-backend/internal/database/postgres_extended.go:368.2,369.16 2 0
github.com/rayavriti/netmonitor-backend/internal/database/postgres_extended.go:369.16,371.3 1 0
github.com/rayavriti/netmonitor-backend/internal/database/postgres_extended.go:373.2,374.21 2 0
github.com/rayavriti/netmonitor-backend/internal/database/postgres_extended.go:374.21,376.24 2 0
github.com/rayavriti/netmonitor-backend/internal/database/postgres_extended.go:377.14,383.41 1 0
github.com/rayavriti/netmonitor-backend/internal/database/postgres_extended.go:384.14,390.41 1 0
github.com/rayavriti/netmonitor-backend/internal/database/postgres_extended.go:391.14,397.41 1 0
github.com/rayavriti/netmonitor-backend/internal/database/postgres_extended.go:398.11,404.41 1 0
github.com/rayavriti/netmonitor-backend/internal/database/postgres_extended.go:406.3,406.23 1 0
github.com/rayavriti/netmonitor-backend/internal/database/postgres_extended.go:406.23,408.4 1 0
github.com/rayavriti/netmonitor-backend/internal/database/postgres_extended.go:409.3,410.29 2 0
github.com/rayavriti/netmonitor-backend/internal/database/postgres_extended.go:411.8,415.23 2 0
github.com/rayavriti/netmonitor-backend/internal/database/postgres_extended.go:415.23,417.4 1 0
github.com/rayavriti/netmonitor-backend/internal/database/postgres_extended.go:418.3,420.29 3 0
github.com/rayavriti/netmonitor-backend/internal/database/postgres_extended.go:423.2,424.16 2 0
github.com/rayavriti/netmonitor-backend/internal/database/postgres_extended.go:424.16,426.3 1 0
github.com/rayavriti/netmonitor-backend/internal/database/postgres_extended.go:427.2,430.16 3 0
github.com/rayavriti/netmonitor-backend/internal/database/postgres_extended.go:430.16,432.3 1 0
github.com/rayavriti/netmonitor-backend/internal/database/postgres_extended.go:433.2,433.20 1 0
github.com/rayavriti/netmonitor-backend/internal/database/postgres_extended.go:433.20,435.3 1 0
github.com/rayavriti/netmonitor-backend/internal/database/postgres_extended.go:436.2,436.21 1 0
github.com/rayavriti/netmonitor-backend/internal/database/postgres_extended.go:439.128,440.16 1 0
github.com/rayavriti/netmonitor-backend/internal/database/postgres_extended.go:440.16,442.3 1 0
github.com/rayavriti/netmonitor-backend/internal/database/postgres_extended.go:443.2,452.21 4 0
github.com/rayavriti/netmonitor-backend/internal/database/postgres_extended.go:452.21,456.3 3 0
github.com/rayavriti/netmonitor-backend/internal/database/postgres_extended.go:457.2,461.16 4 0
github.com/rayavriti/netmonitor-backend/internal/database/postgres_extended.go:461.16,463.3 1 0
github.com/rayavriti/netmonitor-backend/internal/database/postgres_extended.go:464.2,465.36 2 0
github.com/rayavriti/netmonitor-backend/internal/database/postgres_extended.go:470.129,472.16 2 0
github.com/rayavriti/netmonitor-backend/internal/database/postgres_extended.go:472.16,474.3 1 0
github.com/rayavriti/netmonitor-backend/internal/database/postgres_extended.go:476.2,483.16 3 0
github.com/rayavriti/netmonitor-backend/internal/database/postgres_extended.go:483.16,485.3 1 0
github.com/rayavriti/netmonitor-backend/internal/database/postgres_extended.go:486.2,489.18 3 0
github.com/rayavriti/netmonitor-backend/internal/database/postgres_extended.go:489.18,491.39 2 0
github.com/rayavriti/netmonitor-backend/internal/database/postgres_extended.go:491.39,493.4 1 0
github.com/rayavriti/netmonitor-backend/internal/database/postgres_extended.go:494.3,494.23 1 0
github.com/rayavriti/netmonitor-backend/internal/database/postgres_extended.go:496.2,496.16 1 0
github.com/rayavriti/netmonitor-backend/internal/database/postgres_extended.go:496.16,498.3 1 0
github.com/rayavriti/netmonitor-backend/internal/database/postgres_extended.go:499.2,499.24 1 0
github.com/rayavriti/netmonitor-backend/internal/database/postgres_extended.go:504.56,505.15 1 0
github.com/rayavriti/netmonitor-backend/internal/database/postgres_extended.go:506.23,507.30 1 0
github.com/rayavriti/netmonitor-backend/internal/database/postgres_extended.go:508.19,509.26 1 0
github.com/rayavriti/netmonitor-backend/internal/database/postgres_extended.go:510.22,511.29 1 0
github.com/rayavriti/netmonitor-backend/internal/database/postgres_extended.go:512.21,513.28 1 0
github.com/rayavriti/netmonitor-backend/internal/database/postgres_extended.go:514.19,515.26 1 0
github.com/rayavriti/netmonitor-backend/internal/database/postgres_extended.go:516.22,517.29 1 0
github.com/rayavriti/netmonitor-backend/internal/database/postgres_extended.go:518.10,519.59 1 0
github.com/rayavriti/netmonitor-backend/internal/database/postgres_extended.go:527.134,529.16 2 0
github.com/rayavriti/netmonitor-backend/internal/database/postgres_extended.go:529.16,531.3 1 0
github.com/rayavriti/netmonitor-backend/internal/database/postgres_extended.go:533.2,543.16 2 0
github.com/rayavriti/netmonitor-backend/internal/database/postgres_extended.go:543.16,545.3 1 0
github.com/rayavriti/netmonitor-backend/internal/database/postgres_extended.go:546.2,549.18 3 0
github.com/rayavriti/netmonitor-backend/internal/database/postgres_extended.go:549.18,552.89 3 0
github.com/rayavriti/netmonitor-backend/internal/database/postgres_extended.go:552.89,554.4 1 0
github.com/rayavriti/netmonitor-backend/internal/database/postgres_extended.go:555.3,556.24 2 0
github.com/rayavriti/netmonitor-backend/internal/database/postgres_extended.go:558.2,558.16 1 0
github.com/rayavriti/netmonitor-backend/internal/database/postgres_extended.go:558.16,560.3 1 0
github.com/rayavriti/netmonitor-backend/internal/database/postgres_extended.go:561.2,561.24 1 0
github.com/rayavriti/netmonitor-backend/internal/database/postgres_extended.go:565.107,583.16 3 0
github.com/rayavriti/netmonitor-backend/internal/database/postgres_extended.go:583.16,585.3 1 0
github.com/rayavriti/netmonitor-backend/internal/database/postgres_extended.go:586.2,586.19 1 0
github.com/rayavriti/netmonitor-backend/internal/database/postgres_extended.go:590.59,591.23 1 0
github.com/rayavriti/netmonitor-backend/internal/database/postgres_extended.go:591.23,593.3 1 0
github.com/rayavriti/netmonitor-backend/internal/database/postgres_extended.go:595.2,598.16 4 0
github.com/rayavriti/netmonitor-backend/internal/database/postgres_extended.go:598.16,600.3 1 0
github.com/rayavriti/netmonitor-backend/internal/database/postgres_extended.go:601.2,601.14 1 0
github.com/rayavriti/netmonitor-backend/internal/database/postgres_extended.go:601.14,603.3 1 0
github.com/rayavriti/netmonitor-backend/internal/database/postgres_extended.go:605.2,605.16 1 0
github.com/rayavriti/netmonitor-backend/internal/database/postgres_extended.go:606.11,607.18 1 0
github.com/rayavriti/netmonitor-backend/internal/database/postgres_extended.go:608.11,609.23 1 0
github.com/rayavriti/netmonitor-backend/internal/database/postgres_extended.go:610.11,611.25 1 0
github.com/rayavriti/netmonitor-backend/internal/database/postgres_extended.go:612.11,613.26 1 0
github.com/rayavriti/netmonitor-backend/internal/database/postgres_extended.go:614.10,615.86 1 0
github.com/rayavriti/netmonitor-backend/internal/database/postgres_extended.go:621.119,626.2 2 0
github.com/rayavriti/netmonitor-backend/internal/database/postgres_extended.go:628.98,633.16 3 0
github.com/rayavriti/netmonitor-backend/internal/database/postgres_extended.go:633.16,635.3 1 0
github.com/rayavriti/netmonitor-backend/internal/database/postgres_extended.go:636.2,636.17 1 0
github.com/rayavriti/netmonitor-backend/internal/database/postgres_extended.go:639.84,642.2 2 0
github.com/rayavriti/netmonitor-backend/internal/database/postgres_extended.go:644.87,647.2 2 0
github.com/rayavriti/netmonitor-backend/internal/database/postgres_extended.go:649.84,651.16 2 0
github.com/rayavriti/netmonitor-backend/internal/database/postgres_extended.go:651.16,653.3 1 0
github.com/rayavriti/netmonitor-backend/internal/database/postgres_extended.go:654.2,654.31 1 0
github.com/rayavriti/netmonitor-backend/internal/database/postgres_portscans.go:12.118,13.23 1 0
github.com/rayavriti/netmonitor-backend/internal/database/postgres_portscans.go:13.23,15.3 1 0
github.com/rayavriti/netmonitor-backend/internal/database/postgres_portscans.go:17.2,18.28 2 0
github.com/rayavriti/netmonitor-backend/internal/database/postgres_portscans.go:18.28,34.3 1 0
github.com/rayavriti/netmonitor-backend/internal/database/postgres_portscans.go:36.2,37.19 2 0
github.com/rayavriti/netmonitor-backend/internal/database/postgres_portscans.go:40.109,47.16 2 0
github.com/rayavriti/netmonitor-backend/internal/database/postgres_portscans.go:47.16,49.3 1 0
github.com/rayavriti/netmonitor-backend/internal/database/postgres_portscans.go:50.2,53.16 3 0
github.com/rayavriti/netmonitor-backend/internal/database/postgres_portscans.go:53.16,55.3 1 0
github.com/rayavriti/netmonitor-backend/internal/database/postgres_portscans.go:56.2,56.20 1 0
github.com/rayavriti/netmonitor-backend/internal/database/postgres_portscans.go:56.20,58.3 1 0
github.com/rayavriti/netmonitor-backend/internal/database/postgres_portscans.go:59.2,59.21 1 0
github.com/rayavriti/netmonitor-backend/internal/database/postgres_portscans.go:62.74,64.18 2 0
github.com/rayavriti/netmonitor-backend/internal/database/postgres_portscans.go:64.18,70.17 3 0
github.com/rayavriti/netmonitor-backend/internal/database/postgres_portscans.go:70.17,72.4 1 0
github.com/rayavriti/netmonitor-backend/internal/database/postgres_portscans.go:73.3,73.23 1 0
github.com/rayavriti/netmonitor-backend/internal/database/postgres_portscans.go:75.2,75.24 1 0
github.com/rayavriti/netmonitor-backend/internal/database/postgres_sensors.go:15.94,19.21 3 0
github.com/rayavriti/netmonitor-backend/internal/database/postgres_sensors.go:19.21,23.3 1 0
github.com/rayavriti/netmonitor-backend/internal/database/postgres_sensors.go:23.8,27.3 1 0
github.com/rayavriti/netmonitor-backend/internal/database/postgres_sensors.go:28.2,28.16 1 0
github.com/rayavriti/netmonitor-backend/internal/database/postgres_sensors.go:28.16,30.3 1 0
github.com/rayavriti/netmonitor-backend/internal/database/postgres_sensors.go:31.2,32.26 2 0
github.com/rayavriti/netmonitor-backend/internal/database/postgres_sensors.go:36.85,40.16 2 0
github.com/rayavriti/netmonitor-backend/internal/database/postgres_sensors.go:40.16,42.3 1 0
github.com/rayavriti/netmonitor-backend/internal/database/postgres_sensors.go:43.2,45.16 3 0
github.com/rayavriti/netmonitor-backend/internal/database/postgres_sensors.go:45.16,47.3 1 0
github.com/rayavriti/netmonitor-backend/internal/database/postgres_sensors.go:48.2,48.23 1 0
github.com/rayavriti/netmonitor-backend/internal/database/postgres_sensors.go:48.23,50.3 1 0
github.com/rayavriti/netmonitor-backend/internal/database/postgres_sensors.go:51.2,51.25 1 0
github.com/rayavriti/netmonitor-backend/internal/database/postgres_sensors.go:55.96,57.21 2 0
github.com/rayavriti/netmonitor-backend/internal/database/postgres_sensors.go:57.21,59.3 1 0
github.com/rayavriti/netmonitor-backend/internal/database/postgres_sensors.go:60.2,67.16 3 0
github.com/rayavriti/netmonitor-backend/internal/database/postgres_sensors.go:67.16,69.3 1 0
github.com/rayavriti/netmonitor-backend/internal/database/postgres_sensors.go:70.2,70.29 1 0
github.com/rayavriti/netmonitor-backend/internal/database/postgres_sensors.go:74.106,76.21 2 0
github.com/rayavriti/netmonitor-backend/internal/database/postgres_sensors.go:76.21,78.3 1 0
github.com/rayavriti/netmonitor-backend/internal/database/postgres_sensors.go:79.2,84.16 2 0
github.com/rayavriti/netmonitor-backend/internal/database/postgres_sensors.go:84.16,86.3 1 0
github.com/rayavriti/netmonitor-backend/internal/database/postgres_sensors.go:87.2,87.29 1 0
github.com/rayavriti/netmonitor-backend/internal/database/postgres_sensors.go:91.70,94.2 2 0
github.com/rayavriti/netmonitor-backend/internal/database/postgres_sensors.go:97.103,101.16 2 0
github.com/rayavriti/netmonitor-backend/internal/database/postgres_sensors.go:101.16,103.3 1 0
github.com/rayavriti/netmonitor-backend/internal/database/postgres_sensors.go:104.2,105.26 2 0
github.com/rayavriti/netmonitor-backend/internal/database/postgres_sensors.go:110.58,112.18 2 0
github.com/rayavriti/netmonitor-backend/internal/database/postgres_sensors.go:112.18,119.17 4 0
github.com/rayavriti/netmonitor-backend/internal/database/postgres_sensors.go:119.17,121.4 1 0
github.com/rayavriti/netmonitor-backend/internal/database/postgres_sensors.go:122.3,122.20 1 0
github.com/rayavriti/netmonitor-backend/internal/database/postgres_sensors.go:122.20,124.4 1 0
github.com/rayavriti/netmonitor-backend/internal/database/postgres_sensors.go:125.3,125.22 1 0
github.com/rayavriti/netmonitor-backend/internal/database/postgres_sensors.go:125.22,127.4 1 0
github.com/rayavriti/netmonitor-backend/internal/database/postgres_sensors.go:128.3,128.23 1 0
github.com/rayavriti/netmonitor-backend/internal/database/postgres_sensors.go:130.2,130.16 1 0
github.com/rayavriti/netmonitor-backend/internal/database/postgres_sensors.go:130.16,132.3 1 0
github.com/rayavriti/netmonitor-backend/internal/database/postgres_sensors.go:133.2,133.24 1 0
github.com/rayavriti/netmonitor-backend/internal/database/seed.go:15.100,17.9 2 0
github.com/rayavriti/netmonitor-backend/internal/database/seed.go:17.9,19.3 1 0
github.com/rayavriti/netmonitor-backend/internal/database/seed.go:22.2,25.16 2 0
github.com/rayavriti/netmonitor-backend/internal/database/seed.go:25.16,27.3 1 0
github.com/rayavriti/netmonitor-backend/internal/database/seed.go:28.2,31.52 2 0
github.com/rayavriti/netmonitor-backend/internal/database/seed.go:31.52,33.3 1 0
github.com/rayavriti/netmonitor-backend/internal/database/seed.go:36.2,36.52 1 0
github.com/rayavriti/netmonitor-backend/internal/database/seed.go:36.52,38.3 1 0
github.com/rayavriti/netmonitor-backend/internal/database/seed.go:41.2,41.55 1 0
github.com/rayavriti/netmonitor-backend/internal/database/seed.go:41.55,43.3 1 0
github.com/rayavriti/netmonitor-backend/internal/database/seed.go:45.2,45.12 1 0
github.com/rayavriti/netmonitor-backend/internal/database/seed.go:49.66,51.91 2 0
github.com/rayavriti/netmonitor-backend/internal/database/seed.go:51.91,53.3 1 0
github.com/rayavriti/netmonitor-backend/internal/database/seed.go:54.2,54.15 1 0
github.com/rayavriti/netmonitor-backend/internal/database/seed.go:54.15,57.3 2 0
github.com/rayavriti/netmonitor-backend/internal/database/seed.go:59.2,74.29 2 0
github.com/rayavriti/netmonitor-backend/internal/database/seed.go:74.29,81.17 3 0
github.com/rayavriti/netmonitor-backend/internal/database/seed.go:81.17,83.4 1 0
github.com/rayavriti/netmonitor-backend/internal/database/seed.go:85.2,86.12 2 0
github.com/rayavriti/netmonitor-backend/internal/database/seed.go:90.66,95.16 2 0
github.com/rayavriti/netmonitor-backend/internal/database/seed.go:95.16,97.3 1 0
github.com/rayavriti/netmonitor-backend/internal/database/seed.go:98.2,101.18 3 0
github.com/rayavriti/netmonitor-backend/internal/database/seed.go:101.18,105.69 4 0
github.com/rayavriti/netmonitor-backend/internal/database/seed.go:105.69,107.4 1 0
github.com/rayavriti/netmonitor-backend/internal/database/seed.go:109.3,115.17 3 0
github.com/rayavriti/netmonitor-backend/internal/database/seed.go:115.17,117.4 1 0
github.com/rayavriti/netmonitor-backend/internal/database/seed.go:118.3,118.10 1 0
github.com/rayavriti/netmonitor-backend/internal/database/seed.go:120.2,120.15 1 0
github.com/rayavriti/netmonitor-backend/internal/database/seed.go:120.15,122.3 1 0
github.com/rayavriti/netmonitor-backend/internal/database/seed.go:123.2,123.19 1 0
github.com/rayavriti/netmonitor-backend/internal/database/seed.go:127.69,129.95 2 0
github.com/rayavriti/netmonitor-backend/internal/database/seed.go:129.95,131.3 1 0
github.com/rayavriti/netmonitor-backend/internal/database/seed.go:132.2,132.15 1 0
github.com/rayavriti/netmonitor-backend/internal/database/seed.go:132.15,135.3 2 0
github.com/rayavriti/netmonitor-backend/internal/database/seed.go:137.2,234.16 4 0
github.com/rayavriti/netmonitor-backend/internal/database/seed.go:234.16,236.3 1 0
github.com/rayavriti/netmonitor-backend/internal/database/seed.go:237.2,239.26 2 0
github.com/rayavriti/netmonitor-backend/internal/database/seed.go:239.26,246.17 3 0
github.com/rayavriti/netmonitor-backend/internal/database/seed.go:246.17,248.4 1 0
github.com/rayavriti/netmonitor-backend/internal/database/seed.go:250.3,250.34 1 0
github.com/rayavriti/netmonitor-backend/internal/database/seed.go:250.34,252.23 2 0
github.com/rayavriti/netmonitor-backend/internal/database/seed.go:252.23,254.5 1 0
github.com/rayavriti/netmonitor-backend/internal/database/seed.go:255.4,259.18 2 0
github.com/rayavriti/netmonitor-backend/internal/database/seed.go:259.18,261.5 1 0
github.com/rayavriti/netmonitor-backend/internal/database/seed.go:265.2,265.39 1 0
github.com/rayavriti/netmonitor-backend/internal/database/seed.go:265.39,267.3 1 0
github.com/rayavriti/netmonitor-backend/internal/database/seed.go:269.2,270.12 2 0
github.com/rayavriti/netmonitor-backend/internal/database/seed.go:274.86,276.9 2 0
github.com/rayavriti/netmonitor-backend/internal/database/seed.go:276.9,278.3 1 0
github.com/rayavriti/netmonitor-backend/internal/database/seed.go:281.2,283.16 3 0
github.com/rayavriti/netmonitor-backend/internal/database/seed.go:283.16,285.3 1 0
github.com/rayavriti/netmonitor-backend/internal/database/seed.go:287.2,292.16 2 0
github.com/rayavriti/netmonitor-backend/internal/database/seed.go:292.16,294.3 1 0
github.com/rayavriti/netmonitor-backend/internal/database/seed.go:296.2,297.12 2 0
github.com/rayavriti/netmonitor-backend/internal/database/sqlite_import.go:25.87,28.16 3 0
github.com/rayavriti/netmonitor-backend/internal/database/sqlite_import.go:28.16,30.3 1 0
github.com/rayavriti/netmonitor-backend/internal/database/sqlite_import.go:31.2,33.45 2 0
github.com/rayavriti/netmonitor-backend/internal/database/sqlite_import.go:33.45,35.3 1 0
github.com/rayavriti/netmonitor-backend/internal/database/sqlite_import.go:37.2,38.9 2 0
github.com/rayavriti/netmonitor-backend/internal/database/sqlite_import.go:38.9,40.3 1 0
github.com/rayavriti/netmonitor-backend/internal/database/sqlite_import.go:42.2,80.17 27 0
github.com/rayavriti/netmonitor-backend/internal/database/sqlite_import.go:80.17,82.3 1 0
github.com/rayavriti/netmonitor-backend/internal/database/sqlite_import.go:84.2,90.21 2 0
github.com/rayavriti/netmonitor-backend/internal/database/sqlite_import.go:90.21,92.3 1 0
github.com/rayavriti/netmonitor-backend/internal/database/sqlite_import.go:93.2,93.12 1 0
github.com/rayavriti/netmonitor-backend/internal/database/sqlite_import.go:96.111,102.16 2 0
github.com/rayavriti/netmonitor-backend/internal/database/sqlite_import.go:102.16,105.3 2 0
github.com/rayavriti/netmonitor-backend/internal/database/sqlite_import.go:106.2,108.18 2 0
github.com/rayavriti/netmonitor-backend/internal/database/sqlite_import.go:108.18,113.113 5 0
github.com/rayavriti/netmonitor-backend/internal/database/sqlite_import.go:113.113,115.12 2 0
github.com/rayavriti/netmonitor-backend/internal/database/sqlite_import.go:117.3,117.13 1 0
github.com/rayavriti/netmonitor-backend/internal/database/sqlite_import.go:117.13,119.12 2 0
github.com/rayavriti/netmonitor-backend/internal/database/sqlite_import.go:121.3,127.17 3 0
github.com/rayavriti/netmonitor-backend/internal/database/sqlite_import.go:127.17,130.4 2 0
github.com/rayavriti/netmonitor-backend/internal/database/sqlite_import.go:130.9,132.4 1 0
github.com/rayavriti/netmonitor-backend/internal/database/sqlite_import.go:134.2,134.8 1 0
github.com/rayavriti/netmonitor-backend/internal/database/sqlite_import.go:137.113,147.16 2 0
github.com/rayavriti/netmonitor-backend/internal/database/sqlite_import.go:147.16,150.3 2 0
github.com/rayavriti/netmonitor-backend/internal/database/sqlite_import.go:151.2,153.18 2 0
github.com/rayavriti/netmonitor-backend/internal/database/sqlite_import.go:153.18,162.64 7 0
github.com/rayavriti/netmonitor-backend/internal/database/sqlite_import.go:162.64,164.12 2 0
github.com/rayavriti/netmonitor-backend/internal/database/sqlite_import.go:166.3,166.13 1 0
github.com/rayavriti/netmonitor-backend/internal/database/sqlite_import.go:166.13,168.12 2 0
github.com/rayavriti/netmonitor-backend/internal/database/sqlite_import.go:170.3,181.17 4 0
github.com/rayavriti/netmonitor-backend/internal/database/sqlite_import.go:181.17,184.4 2 0
github.com/rayavriti/netmonitor-backend/internal/database/sqlite_import.go:184.9,186.4 1 0
github.com/rayavriti/netmonitor-backend/internal/database/sqlite_import.go:188.2,188.8 1 0
github.com/rayavriti/netmonitor-backend/internal/database/sqlite_import.go:191.113,197.16 2 0
github.com/rayavriti/netmonitor-backend/internal/database/sqlite_import.go:197.16,200.3 2 0
github.com/rayavriti/netmonitor-backend/internal/database/sqlite_import.go:201.2,204.18 3 0
github.com/rayavriti/netmonitor-backend/internal/database/sqlite_import.go:204.18,211.62 5 0
github.com/rayavriti/netmonitor-backend/internal/database/sqlite_import.go:211.62,213.12 2 0
github.com/rayavriti/netmonitor-backend/internal/database/sqlite_import.go:215.3,215.13 1 0
github.com/rayavriti/netmonitor-backend/internal/database/sqlite_import.go:215.13,217.12 2 0
github.com/rayavriti/netmonitor-backend/internal/database/sqlite_import.go:221.3,223.24 3 0
github.com/rayavriti/netmonitor-backend/internal/database/sqlite_import.go:223.24,225.4 1 0
github.com/rayavriti/netmonitor-backend/internal/database/sqlite_import.go:226.3,226.20 1 0
github.com/rayavriti/netmonitor-backend/internal/database/sqlite_import.go:226.20,228.4 1 0
github.com/rayavriti/netmonitor-backend/internal/database/sqlite_import.go:229.3,240.17 4 0
github.com/rayavriti/netmonitor-backend/internal/database/sqlite_import.go:240.17,242.17 2 0
github.com/rayavriti/netmonitor-backend/internal/database/sqlite_import.go:242.17,244.5 1 0
github.com/rayavriti/netmonitor-backend/internal/database/sqlite_import.go:245.9,247.4 1 0
github.com/rayavriti/netmonitor-backend/internal/database/sqlite_import.go:248.3,248.10 1 0
github.com/rayavriti/netmonitor-backend/internal/database/sqlite_import.go:250.2,250.8 1 0
github.com/rayavriti/netmonitor-backend/internal/database/sqlite_import.go:253.112,260.16 2 0
github.com/rayavriti/netmonitor-backend/internal/database/sqlite_import.go:260.16,263.3 2 0
github.com/rayavriti/netmonitor-backend/internal/database/sqlite_import.go:264.2,266.18 2 0
github.com/rayavriti/netmonitor-backend/internal/database/sqlite_import.go:266.18,271.83 4 0
github.com/rayavriti/netmonitor-backend/internal/database/sqlite_import.go:271.83,273.12 2 0
github.com/rayavriti/netmonitor-backend/internal/database/sqlite_import.go:275.3,275.13 1 0
github.com/rayavriti/netmonitor-backend/internal/database/sqlite_import.go:275.13,277.12 2 0
github.com/rayavriti/netmonitor-backend/internal/database/sqlite_import.go:279.3,288.17 3 0
github.com/rayavriti/netmonitor-backend/internal/database/sqlite_import.go:288.17,291.4 2 0
github.com/rayavriti/netmonitor-backend/internal/database/sqlite_import.go:291.9,293.4 1 0
github.com/rayavriti/netmonitor-backend/internal/database/sqlite_import.go:295.2,295.8 1 0
github.com/rayavriti/netmonitor-backend/internal/database/sqlite_import.go:298.116,303.16 2 0
github.com/rayavriti/netmonitor-backend/internal/database/sqlite_import.go:303.16,306.3 2 0
github.com/rayavriti/netmonitor-backend/internal/database/sqlite_import.go:307.2,309.18 2 0
github.com/rayavriti/netmonitor-backend/internal/database/sqlite_import.go:309.18,312.89 3 0
github.com/rayavriti/netmonitor-backend/internal/database/sqlite_import.go:312.89,314.12 2 0
github.com/rayavriti/netmonitor-backend/internal/database/sqlite_import.go:316.3,316.13 1 0
github.com/rayavriti/netmonitor-backend/internal/database/sqlite_import.go:316.13,318.12 2 0
github.com/rayavriti/netmonitor-backend/internal/database/sqlite_import.go:322.3,323.69 2 0
github.com/rayavriti/netmonitor-backend/internal/database/sqlite_import.go:323.69,325.4 1 0
github.com/rayavriti/netmonitor-backend/internal/database/sqlite_import.go:327.3,334.17 4 0
github.com/rayavriti/netmonitor-backend/internal/database/sqlite_import.go:334.17,337.4 2 0
github.com/rayavriti/netmonitor-backend/internal/database/sqlite_import.go:337.9,339.4 1 0
github.com/rayavriti/netmonitor-backend/internal/database/sqlite_import.go:341.2,341.8 1 0
github.com/rayavriti/netmonitor-backend/internal/database/sqlite_import.go:346.56,356.27 2 0
github.com/rayavriti/netmonitor-backend/internal/database/sqlite_import.go:356.27,360.17 2 0
[...]
github.com/rayavriti/netmonitor-backend/internal/handlers/flows.go:19.16,22.3 2 1
github.com/rayavriti/netmonitor-backend/internal/handlers/flows.go:23.2,23.27 1 1
github.com/rayavriti/netmonitor-backend/internal/handlers/flows.go:26.74,30.16 4 1
github.com/rayavriti/netmonitor-backend/internal/handlers/flows.go:30.16,33.3 2 1
github.com/rayavriti/netmonitor-backend/internal/handlers/flows.go:34.2,34.29 1 1
github.com/rayavriti/netmonitor-backend/internal/handlers/flows.go:37.73,40.16 3 1
github.com/rayavriti/netmonitor-backend/internal/handlers/flows.go:40.16,43.3 2 1
github.com/rayavriti/netmonitor-backend/internal/handlers/flows.go:44.2,44.27 1 1
github.com/rayavriti/netmonitor-backend/internal/handlers/flows.go:47.74,50.20 3 1
github.com/rayavriti/netmonitor-backend/internal/handlers/flows.go:50.20,52.3 1 1
github.com/rayavriti/netmonitor-backend/internal/handlers/flows.go:53.2,54.16 2 1
github.com/rayavriti/netmonitor-backend/internal/handlers/flows.go:54.16,57.3 2 1
github.com/rayavriti/netmonitor-backend/internal/handlers/flows.go:58.2,58.28 1 1
github.com/rayavriti/netmonitor-backend/internal/handlers/flows.go:61.69,64.16 3 1
github.com/rayavriti/netmonitor-backend/internal/handlers/flows.go:64.16,67.3 2 1
github.com/rayavriti/netmonitor-backend/internal/handlers/flows.go:68.2,68.27 1 1
github.com/rayavriti/netmonitor-backend/internal/handlers/health.go:15.60,15.93 1 1
github.com/rayavriti/netmonitor-backend/internal/handlers/health.go:17.72,19.47 2 1
github.com/rayavriti/netmonitor-backend/internal/handlers/health.go:19.47,21.3 1 1
github.com/rayavriti/netmonitor-backend/internal/handlers/health.go:22.2,27.4 1 1
github.com/rayavriti/netmonitor-backend/internal/handlers/health.go:30.71,32.16 2 1
github.com/rayavriti/netmonitor-backend/internal/handlers/health.go:32.16,35.3 2 1
github.com/rayavriti/netmonitor-backend/internal/handlers/health.go:36.2,36.27 1 1
github.com/rayavriti/netmonitor-backend/internal/handlers/insights.go:12.62,12.96 1 1
github.com/rayavriti/netmonitor-backend/internal/handlers/insights.go:14.74,16.16 2 1
github.com/rayavriti/netmonitor-backend/internal/handlers/insights.go:16.16,19.3 2 1
github.com/rayavriti/netmonitor-backend/internal/handlers/insights.go:20.2,22.27 3 1
github.com/rayavriti/netmonitor-backend/internal/handlers/insights.go:22.27,23.28 1 1
github.com/rayavriti/netmonitor-backend/internal/handlers/insights.go:23.28,25.4 1 1
github.com/rayavriti/netmonitor-backend/internal/handlers/insights.go:27.2,34.28 3 1
github.com/rayavriti/netmonitor-backend/internal/handlers/insights.go:34.28,36.25 2 1
github.com/rayavriti/netmonitor-backend/internal/handlers/insights.go:36.25,38.4 1 1
github.com/rayavriti/netmonitor-backend/internal/handlers/insights.go:38.9,38.56 1 1
github.com/rayavriti/netmonitor-backend/internal/handlers/insights.go:38.56,40.4 1 1
github.com/rayavriti/netmonitor-backend/internal/handlers/insights.go:41.3,41.101 1 1
github.com/rayavriti/netmonitor-backend/internal/handlers/insights.go:43.2,43.28 1 1
github.com/rayavriti/netmonitor-backend/internal/handlers/insights.go:46.74,49.16 3 1
github.com/rayavriti/netmonitor-backend/internal/handlers/insights.go:49.16,52.3 2 1
github.com/rayavriti/netmonitor-backend/internal/handlers/insights.go:53.2,53.29 1 1
github.com/rayavriti/netmonitor-backend/internal/handlers/metrics.go:16.60,16.93 1 1
github.com/rayavriti/netmonitor-backend/internal/handlers/metrics.go:18.72,20.16 2 1
github.com/rayavriti/netmonitor-backend/internal/handlers/metrics.go:20.16,23.3 2 1
github.com/rayavriti/netmonitor-backend/internal/handlers/metrics.go:24.2,24.29 1 1
github.com/rayavriti/netmonitor-backend/internal/handlers/metrics.go:27.75,29.16 2 1
github.com/rayavriti/netmonitor-backend/internal/handlers/metrics.go:29.16,32.3 2 1
github.com/rayavriti/netmonitor-backend/internal/handlers/metrics.go:33.2,35.16 3 1
github.com/rayavriti/netmonitor-backend/internal/handlers/metrics.go:35.16,38.3 2 1
github.com/rayavriti/netmonitor-backend/internal/handlers/metrics.go:39.2,39.29 1 1
github.com/rayavriti/netmonitor-backend/internal/handlers/metrics.go:42.71,55.54 5 1
github.com/rayavriti/netmonitor-backend/internal/handlers/metrics.go:55.54,56.52 1 1
github.com/rayavriti/netmonitor-backend/internal/handlers/metrics.go:56.52,58.4 1 1
github.com/rayavriti/netmonitor-backend/internal/handlers/metrics.go:61.2,61.23 1 1
github.com/rayavriti/netmonitor-backend/internal/handlers/metrics.go:61.23,64.3 2 1
github.com/rayavriti/netmonitor-backend/internal/handlers/metrics.go:66.2,66.15 1 1
github.com/rayavriti/netmonitor-backend/internal/handlers/metrics.go:66.15,68.3 1 0
github.com/rayavriti/netmonitor-backend/internal/handlers/metrics.go:71.2,71.46 1 1
github.com/rayavriti/netmonitor-backend/internal/handlers/metrics.go:71.46,73.17 2 1
github.com/rayavriti/netmonitor-backend/internal/handlers/metrics.go:73.17,76.4 2 1
github.com/rayavriti/netmonitor-backend/internal/handlers/metrics.go:77.3,78.9 2 1
github.com/rayavriti/netmonitor-backend/internal/handlers/metrics.go:82.2,82.24 1 1
github.com/rayavriti/netmonitor-backend/internal/handlers/metrics.go:82.24,84.17 2 1
github.com/rayavriti/netmonitor-backend/internal/handlers/metrics.go:84.17,87.4 2 1
github.com/rayavriti/netmonitor-backend/internal/handlers/metrics.go:88.3,89.9 2 1
github.com/rayavriti/netmonitor-backend/internal/handlers/metrics.go:91.2,92.16 2 1
github.com/rayavriti/netmonitor-backend/internal/handlers/metrics.go:92.16,95.3 2 1
github.com/rayavriti/netmonitor-backend/internal/handlers/metrics.go:96.2,96.29 1 1
github.com/rayavriti/netmonitor-backend/internal/handlers/metrics.go:99.70,103.33 4 1
github.com/rayavriti/netmonitor-backend/internal/handlers/metrics.go:103.33,104.56 1 1
github.com/rayavriti/netmonitor-backend/internal/handlers/metrics.go:104.56,106.4 1 1
github.com/rayavriti/netmonitor-backend/internal/handlers/metrics.go:108.2,108.31 1 1
github.com/rayavriti/netmonitor-backend/internal/handlers/metrics.go:108.31,109.56 1 1
github.com/rayavriti/netmonitor-backend/internal/handlers/metrics.go:109.56,111.4 1 1
github.com/rayavriti/netmonitor-backend/internal/handlers/metrics.go:113.2,114.8 2 1
github.com/rayavriti/netmonitor-backend/internal/handlers/notification_channels.go:18.86,20.2 1 1
github.com/rayavriti/netmonitor-backend/internal/handlers/notification_channels.go:22.83,24.16 2 1
github.com/rayavriti/netmonitor-backend/internal/handlers/notification_channels.go:24.16,27.3 2 1
github.com/rayavriti/netmonitor-backend/internal/handlers/notification_channels.go:28.2,28.21 1 1
github.com/rayavriti/netmonitor-backend/internal/handlers/notification_channels.go:28.21,30.3 1 0
github.com/rayavriti/netmonitor-backend/internal/handlers/notification_channels.go:31.2,31.30 1 1
github.com/rayavriti/netmonitor-backend/internal/handlers/notification_channels.go:34.82,36.16 2 1
github.com/rayavriti/netmonitor-backend/internal/handlers/notification_channels.go:36.16,39.3 2 1
github.com/rayavriti/netmonitor-backend/internal/handlers/notification_channels.go:40.2,41.16 2 1
github.com/rayavriti/netmonitor-backend/internal/handlers/notification_channels.go:41.16,44.3 2 1
github.com/rayavriti/netmonitor-backend/internal/handlers/notification_channels.go:45.2,45.24 1 1
github.com/rayavriti/netmonitor-backend/internal/handlers/notification_channels.go:48.85,50.51 2 1
github.com/rayavriti/netmonitor-backend/internal/handlers/notification_channels.go:50.51,53.3 2 0
github.com/rayavriti/netmonitor-backend/internal/handlers/notification_channels.go:54.2,54.19 1 1
github.com/rayavriti/netmonitor-backend/internal/handlers/notification_channels.go:54.19,57.3 2 1
github.com/rayavriti/netmonitor-backend/internal/handlers/notification_channels.go:58.2,58.19 1 1
github.com/rayavriti/netmonitor-backend/internal/handlers/notification_channels.go:58.19,61.3 2 1
github.com/rayavriti/netmonitor-backend/internal/handlers/notification_channels.go:62.2,62.22 1 1
github.com/rayavriti/netmonitor-backend/internal/handlers/notification_channels.go:62.22,64.3 1 1
github.com/rayavriti/netmonitor-backend/internal/handlers/notification_channels.go:65.2,67.16 3 1
github.com/rayavriti/netmonitor-backend/internal/handlers/notification_channels.go:67.16,70.3 2 1
github.com/rayavriti/netmonitor-backend/internal/handlers/notification_channels.go:71.2,71.34 1 1
github.com/rayavriti/netmonitor-backend/internal/handlers/notification_channels.go:74.85,76.16 2 1
github.com/rayavriti/netmonitor-backend/internal/handlers/notification_channels.go:76.16,79.3 2 1
github.com/rayavriti/netmonitor-backend/internal/handlers/notification_channels.go:80.2,80.72 1 1
github.com/rayavriti/netmonitor-backend/internal/handlers/notification_channels.go:80.72,83.3 2 1
github.com/rayavriti/netmonitor-backend/internal/handlers/notification_channels.go:84.2,85.51 2 1
github.com/rayavriti/netmonitor-backend/internal/handlers/notification_channels.go:85.51,88.3 2 0
github.com/rayavriti/netmonitor-backend/internal/handlers/notification_channels.go:89.2,90.16 2 1
github.com/rayavriti/netmonitor-backend/internal/handlers/notification_channels.go:90.16,93.3 2 0
github.com/rayavriti/netmonitor-backend/internal/handlers/notification_channels.go:94.2,94.29 1 1
github.com/rayavriti/netmonitor-backend/internal/handlers/notification_channels.go:97.85,99.16 2 1
github.com/rayavriti/netmonitor-backend/internal/handlers/notification_channels.go:99.16,102.3 2 1
github.com/rayavriti/netmonitor-backend/internal/handlers/notification_channels.go:103.2,103.72 1 1
github.com/rayavriti/netmonitor-backend/internal/handlers/notification_channels.go:103.72,106.3 2 1
github.com/rayavriti/netmonitor-backend/internal/handlers/notification_channels.go:107.2,107.54 1 1
github.com/rayavriti/netmonitor-backend/internal/handlers/notification_channels.go:111.83,113.16 2 1
github.com/rayavriti/netmonitor-backend/internal/handlers/notification_channels.go:113.16,116.3 2 1
github.com/rayavriti/netmonitor-backend/internal/handlers/notification_channels.go:117.2,118.16 2 1
github.com/rayavriti/netmonitor-backend/internal/handlers/notification_channels.go:118.16,121.3 2 1
github.com/rayavriti/netmonitor-backend/internal/handlers/notification_channels.go:123.2,135.67 4 1
github.com/rayavriti/netmonitor-backend/internal/handlers/notification_channels.go:135.67,138.3 2 1
github.com/rayavriti/netmonitor-backend/internal/handlers/notification_channels.go:139.2,148.4 2 0
github.com/rayavriti/netmonitor-backend/internal/handlers/ports.go:13.58,13.90 1 1
github.com/rayavriti/netmonitor-backend/internal/handlers/ports.go:15.74,17.16 2 1
github.com/rayavriti/netmonitor-backend/internal/handlers/ports.go:17.16,20.3 2 1
github.com/rayavriti/netmonitor-backend/internal/handlers/ports.go:21.2,22.16 2 1
github.com/rayavriti/netmonitor-backend/internal/handlers/ports.go:22.16,25.3 2 1
github.com/rayavriti/netmonitor-backend/internal/handlers/ports.go:26.2,26.29 1 1
github.com/rayavriti/netmonitor-backend/internal/handlers/reports.go:16.60,16.93 1 1
github.com/rayavriti/netmonitor-backend/internal/handlers/reports.go:18.44,20.13 2 1
github.com/rayavriti/netmonitor-backend/internal/handlers/reports.go:20.13,22.3 1 1
github.com/rayavriti/netmonitor-backend/internal/handlers/reports.go:23.2,24.16 2 1
github.com/rayavriti/netmonitor-backend/internal/handlers/reports.go:24.16,26.3 1 1
github.com/rayavriti/netmonitor-backend/internal/handlers/reports.go:27.2,27.11 1 1
github.com/rayavriti/netmonitor-backend/internal/handlers/reports.go:30.73,34.16 4 1
github.com/rayavriti/netmonitor-backend/internal/handlers/reports.go:34.16,37.3 2 1
github.com/rayavriti/netmonitor-backend/internal/handlers/reports.go:38.2,39.26 2 1
github.com/rayavriti/netmonitor-backend/internal/handlers/reports.go:39.26,41.3 1 1
github.com/rayavriti/netmonitor-backend/internal/handlers/reports.go:42.2,42.29 1 1
github.com/rayavriti/netmonitor-backend/internal/handlers/reports.go:45.76,49.47 4 1
github.com/rayavriti/netmonitor-backend/internal/handlers/reports.go:49.47,51.3 1 1
github.com/rayavriti/netmonitor-backend/internal/handlers/reports.go:52.2,53.16 2 1
github.com/rayavriti/netmonitor-backend/internal/handlers/reports.go:53.16,56.3 2 1
github.com/rayavriti/netmonitor-backend/internal/handlers/reports.go:57.2,57.28 1 1
github.com/rayavriti/netmonitor-backend/internal/handlers/reports.go:60.73,64.16 4 1
github.com/rayavriti/netmonitor-backend/internal/handlers/reports.go:64.16,67.3 2 1
github.com/rayavriti/netmonitor-backend/internal/handlers/reports.go:68.2,68.31 1 1
github.com/rayavriti/netmonitor-backend/internal/handlers/reports.go:71.72,75.16 4 1
github.com/rayavriti/netmonitor-backend/internal/handlers/reports.go:75.16,78.3 2 1
github.com/rayavriti/netmonitor-backend/internal/handlers/reports.go:79.2,79.28 1 1
github.com/rayavriti/netmonitor-backend/internal/handlers/reports.go:82.72,85.16 3 1
github.com/rayavriti/netmonitor-backend/internal/handlers/reports.go:85.16,87.3 1 1
github.com/rayavriti/netmonitor-backend/internal/handlers/reports.go:88.2,89.16 2 1
github.com/rayavriti/netmonitor-backend/internal/handlers/reports.go:89.16,92.3 2 1
github.com/rayavriti/netmonitor-backend/internal/handlers/reports.go:93.2,101.28 5 1
github.com/rayavriti/netmonitor-backend/internal/handlers/reports.go:101.28,116.3 1 1
github.com/rayavriti/netmonitor-backend/internal/handlers/reports.go:117.2,117.12 1 1
github.com/rayavriti/netmonitor-backend/internal/handlers/reports.go:120.34,121.14 1 1
github.com/rayavriti/netmonitor-backend/internal/handlers/reports.go:121.14,123.3 1 1
github.com/rayavriti/netmonitor-backend/internal/handlers/reports.go:124.2,124.30 1 1
github.com/rayavriti/netmonitor-backend/internal/handlers/reports.go:127.70,134.2 2 1
github.com/rayavriti/netmonitor-backend/internal/handlers/sensors.go:15.60,15.93 1 1
github.com/rayavriti/netmonitor-backend/internal/handlers/sensors.go:18.70,20.49 2 1
github.com/rayavriti/netmonitor-backend/internal/handlers/sensors.go:20.49,22.17 2 1
github.com/rayavriti/netmonitor-backend/internal/handlers/sensors.go:22.17,24.4 1 1
github.com/rayavriti/netmonitor-backend/internal/handlers/sensors.go:26.2,27.16 2 1
github.com/rayavriti/netmonitor-backend/internal/handlers/sensors.go:27.16,30.3 2 1
github.com/rayavriti/netmonitor-backend/internal/handlers/sensors.go:31.2,31.20 1 1
github.com/rayavriti/netmonitor-backend/internal/handlers/sensors.go:31.20,33.3 1 0
github.com/rayavriti/netmonitor-backend/internal/handlers/sensors.go:34.2,34.29 1 1
github.com/rayavriti/netmonitor-backend/internal/handlers/sensors.go:38.69,40.16 2 1
github.com/rayavriti/netmonitor-backend/internal/handlers/sensors.go:40.16,43.3 2 1
github.com/rayavriti/netmonitor-backend/internal/handlers/sensors.go:44.2,45.16 2 1
github.com/rayavriti/netmonitor-backend/internal/handlers/sensors.go:45.16,48.3 2 1
github.com/rayavriti/netmonitor-backend/internal/handlers/sensors.go:49.2,49.23 1 1
github.com/rayavriti/netmonitor-backend/internal/handlers/sensors.go:53.72,55.50 2 1
github.com/rayavriti/netmonitor-backend/internal/handlers/sensors.go:55.50,58.3 2 0
github.com/rayavriti/netmonitor-backend/internal/handlers/sensors.go:59.2,59.18 1 1
github.com/rayavriti/netmonitor-backend/internal/handlers/sensors.go:59.18,62.3 2 1
github.com/rayavriti/netmonitor-backend/internal/handlers/sensors.go:63.2,63.21 1 1
github.com/rayavriti/netmonitor-backend/internal/handlers/sensors.go:63.21,66.3 2 1
github.com/rayavriti/netmonitor-backend/internal/handlers/sensors.go:67.2,67.18 1 1
github.com/rayavriti/netmonitor-backend/internal/handlers/sensors.go:67.18,70.3 2 1
github.com/rayavriti/netmonitor-backend/internal/handlers/sensors.go:71.2,71.21 1 1
github.com/rayavriti/netmonitor-backend/internal/handlers/sensors.go:71.21,73.3 1 1
github.com/rayavriti/netmonitor-backend/internal/handlers/sensors.go:74.2,76.16 3 1
github.com/rayavriti/netmonitor-backend/internal/handlers/sensors.go:76.16,79.3 2 1
github.com/rayavriti/netmonitor-backend/internal/handlers/sensors.go:80.2,80.34 1 1
github.com/rayavriti/netmonitor-backend/internal/handlers/sensors.go:84.72,86.16 2 1
github.com/rayavriti/netmonitor-backend/internal/handlers/sensors.go:86.16,89.3 2 1
github.com/rayavriti/netmonitor-backend/internal/handlers/sensors.go:90.2,90.59 1 1
github.com/rayavriti/netmonitor-backend/internal/handlers/sensors.go:90.59,93.3 2 1
github.com/rayavriti/netmonitor-backend/internal/handlers/sensors.go:94.2,95.50 2 1
github.com/rayavriti/netmonitor-backend/internal/handlers/sensors.go:95.50,98.3 2 0
github.com/rayavriti/netmonitor-backend/internal/handlers/sensors.go:99.2,100.16 2 1
github.com/rayavriti/netmonitor-backend/internal/handlers/sensors.go:100.16,103.3 2 0
github.com/rayavriti/netmonitor-backend/internal/handlers/sensors.go:104.2,104.29 1 1
github.com/rayavriti/netmonitor-backend/internal/handlers/sensors.go:108.72,110.16 2 1
github.com/rayavriti/netmonitor-backend/internal/handlers/sensors.go:110.16,113.3 2 1
github.com/rayavriti/netmonitor-backend/internal/handlers/sensors.go:114.2,114.59 1 1
github.com/rayavriti/netmonitor-backend/internal/handlers/sensors.go:114.59,117.3 2 1
github.com/rayavriti/netmonitor-backend/internal/handlers/sensors.go:118.2,118.54 1 1
github.com/rayavriti/netmonitor-backend/internal/handlers/simulator.go:14.66,16.2 1 1
github.com/rayavriti/netmonitor-backend/internal/handlers/simulator.go:18.76,20.50 2 1
github.com/rayavriti/netmonitor-backend/internal/handlers/simulator.go:20.50,23.3 2 1
github.com/rayavriti/netmonitor-backend/internal/handlers/simulator.go:24.2,24.26 1 1
github.com/rayavriti/netmonitor-backend/internal/handlers/simulator.go:24.26,26.3 1 1
github.com/rayavriti/netmonitor-backend/internal/handlers/simulator.go:27.2,27.59 1 1
github.com/rayavriti/netmonitor-backend/internal/handlers/simulator.go:27.59,30.3 2 1
github.com/rayavriti/netmonitor-backend/internal/handlers/simulator.go:31.2,31.23 1 1
github.com/rayavriti/netmonitor-backend/internal/handlers/simulator.go:34.74,36.54 2 1
github.com/rayavriti/netmonitor-backend/internal/handlers/simulator.go:36.54,39.3 2 1
github.com/rayavriti/netmonitor-backend/internal/handlers/simulator.go:40.2,41.23 2 1
github.com/rayavriti/netmonitor-backend/internal/handlers/simulator.go:41.23,42.34 1 1
github.com/rayavriti/netmonitor-backend/internal/handlers/simulator.go:42.34,44.4 1 1
github.com/rayavriti/netmonitor-backend/internal/handlers/simulator.go:46.2,46.61 1 1
github.com/rayavriti/netmonitor-backend/internal/handlers/simulator.go:46.61,49.3 2 1
github.com/rayavriti/netmonitor-backend/internal/handlers/simulator.go:50.2,50.60 1 1
github.com/rayavriti/netmonitor-backend/internal/handlers/simulator.go:53.74,55.50 2 1
github.com/rayavriti/netmonitor-backend/internal/handlers/simulator.go:55.50,58.3 2 1
github.com/rayavriti/netmonitor-backend/internal/handlers/simulator.go:59.2,61.16 3 1
github.com/rayavriti/netmonitor-backend/internal/handlers/simulator.go:61.16,64.3 2 1
github.com/rayavriti/netmonitor-backend/internal/handlers/simulator.go:65.2,65.34 1 1
github.com/rayavriti/netmonitor-backend/internal/handlers/system.go:20.40,20.67 1 1
github.com/rayavriti/netmonitor-backend/internal/handlers/system.go:22.70,25.40 3 1
github.com/rayavriti/netmonitor-backend/internal/handlers/system.go:25.40,27.3 1 1
github.com/rayavriti/netmonitor-backend/internal/handlers/system.go:28.2,32.36 4 1
github.com/rayavriti/netmonitor-backend/internal/handlers/system.go:32.36,34.3 1 1
github.com/rayavriti/netmonitor-backend/internal/handlers/system.go:36.2,38.34 3 1
github.com/rayavriti/netmonitor-backend/internal/handlers/system.go:38.34,42.3 3 1
github.com/rayavriti/netmonitor-backend/internal/handlers/system.go:44.2,46.35 3 1
github.com/rayavriti/netmonitor-backend/internal/handlers/system.go:46.35,50.3 3 1
github.com/rayavriti/netmonitor-backend/internal/handlers/system.go:52.2,54.34 3 1
github.com/rayavriti/netmonitor-backend/internal/handlers/system.go:54.34,58.3 3 1
github.com/rayavriti/netmonitor-backend/internal/handlers/system.go:60.2,85.4 3 1
