mode: atomic
github.com/rayavriti/netmonitor-backend/internal/database/postgres.go:22.40,24.2 1 0
github.com/rayavriti/netmonitor-backend/internal/database/postgres.go:26.55,28.16 2 0
github.com/rayavriti/netmonitor-backend/internal/database/postgres.go:28.16,30.3 1 0
github.com/rayavriti/netmonitor-backend/internal/database/postgres.go:31.2,32.16 2 0
github.com/rayavriti/netmonitor-backend/internal/database/postgres.go:32.16,34.3 1 0
github.com/rayavriti/netmonitor-backend/internal/database/postgres.go:35.2,36.20 2 0
github.com/rayavriti/netmonitor-backend/internal/database/postgres.go:39.34,40.19 1 0
github.com/rayavriti/netmonitor-backend/internal/database/postgres.go:40.19,42.3 1 0
github.com/rayavriti/netmonitor-backend/internal/database/postgres.go:43.2,43.12 1 0
github.com/rayavriti/netmonitor-backend/internal/database/postgres.go:46.52,48.2 1 0
github.com/rayavriti/netmonitor-backend/internal/database/postgres.go:50.61,52.59 1 0
github.com/rayavriti/netmonitor-backend/internal/database/postgres.go:52.59,54.3 1 0
github.com/rayavriti/netmonitor-backend/internal/database/postgres.go:55.2,55.37 1 0
github.com/rayavriti/netmonitor-backend/internal/database/postgres.go:55.37,60.17 4 0
github.com/rayavriti/netmonitor-backend/internal/database/postgres.go:60.17,62.4 1 0
github.com/rayavriti/netmonitor-backend/internal/database/postgres.go:63.3,63.13 1 0
github.com/rayavriti/netmonitor-backend/internal/database/postgres.go:63.13,64.12 1 0
github.com/rayavriti/netmonitor-backend/internal/database/postgres.go:67.3,67.45 1 0
github.com/rayavriti/netmonitor-backend/internal/database/postgres.go:67.45,68.52 1 0
github.com/rayavriti/netmonitor-backend/internal/database/postgres.go:68.52,70.62 1 0
github.com/rayavriti/netmonitor-backend/internal/database/postgres.go:70.62,71.14 1 0
github.com/rayavriti/netmonitor-backend/internal/database/postgres.go:73.5,73.71 1 0
github.com/rayavriti/netmonitor-backend/internal/database/postgres.go:76.3,77.101 1 0
github.com/rayavriti/netmonitor-backend/internal/database/postgres.go:77.101,79.4 1 0
github.com/rayavriti/netmonitor-backend/internal/database/postgres.go:81.2,81.12 1 0
github.com/rayavriti/netmonitor-backend/internal/database/postgres.go:84.43,87.26 3 0
github.com/rayavriti/netmonitor-backend/internal/database/postgres.go:87.26,89.14 2 0
github.com/rayavriti/netmonitor-backend/internal/database/postgres.go:89.14,91.4 1 0
github.com/rayavriti/netmonitor-backend/internal/database/postgres.go:93.2,93.12 1 0
github.com/rayavriti/netmonitor-backend/internal/database/postgres.go:105.77,107.16 2 0
github.com/rayavriti/netmonitor-backend/internal/database/postgres.go:107.16,109.3 1 0
github.com/rayavriti/netmonitor-backend/internal/database/postgres.go:110.2,111.26 2 0
github.com/rayavriti/netmonitor-backend/internal/database/postgres.go:114.85,116.16 2 0
github.com/rayavriti/netmonitor-backend/internal/database/postgres.go:116.16,118.3 1 0
github.com/rayavriti/netmonitor-backend/internal/database/postgres.go:119.2,121.16 3 0
github.com/rayavriti/netmonitor-backend/internal/database/postgres.go:121.16,123.3 1 0
github.com/rayavriti/netmonitor-backend/internal/database/postgres.go:124.2,124.23 1 0
github.com/rayavriti/netmonitor-backend/internal/database/postgres.go:124.23,126.3 1 0
github.com/rayavriti/netmonitor-backend/internal/database/postgres.go:127.2,127.25 1 0
github.com/rayavriti/netmonitor-backend/internal/database/postgres.go:130.96,147.16 4 0
github.com/rayavriti/netmonitor-backend/internal/database/postgres.go:147.16,149.3 1 0
github.com/rayavriti/netmonitor-backend/internal/database/postgres.go:150.2,150.29 1 0
github.com/rayavriti/netmonitor-backend/internal/database/postgres.go:153.106,168.16 3 0
github.com/rayavriti/netmonitor-backend/internal/database/postgres.go:168.16,170.3 1 0
github.com/rayavriti/netmonitor-backend/internal/database/postgres.go:171.2,171.29 1 0
github.com/rayavriti/netmonitor-backend/internal/database/postgres.go:174.70,177.2 2 0
github.com/rayavriti/netmonitor-backend/internal/database/postgres.go:179.58,181.18 2 0
github.com/rayavriti/netmonitor-backend/internal/database/postgres.go:181.18,191.17 4 0
github.com/rayavriti/netmonitor-backend/internal/database/postgres.go:191.17,193.4 1 0
github.com/rayavriti/netmonitor-backend/internal/database/postgres.go:194.3,194.21 1 0
github.com/rayavriti/netmonitor-backend/internal/database/postgres.go:194.21,196.4 1 0
github.com/rayavriti/netmonitor-backend/internal/database/postgres.go:197.3,197.20 1 0
github.com/rayavriti/netmonitor-backend/internal/database/postgres.go:197.20,199.4 1 0
github.com/rayavriti/netmonitor-backend/internal/database/postgres.go:200.3,200.23 1 0
github.com/rayavriti/netmonitor-backend/internal/database/postgres.go:202.2,202.24 1 0
github.com/rayavriti/netmonitor-backend/internal/database/postgres.go:206.91,209.2 2 0
github.com/rayavriti/netmonitor-backend/internal/database/postgres.go:213.78,223.2 3 0
github.com/rayavriti/netmonitor-backend/internal/database/postgres.go:225.83,234.16 2 0
github.com/rayavriti/netmonitor-backend/internal/database/postgres.go:234.16,236.3 1 0
github.com/rayavriti/netmonitor-backend/internal/database/postgres.go:237.2,238.36 2 0
github.com/rayavriti/netmonitor-backend/internal/database/postgres.go:241.130,242.16 1 0
github.com/rayavriti/netmonitor-backend/internal/database/postgres.go:242.16,244.3 1 0
github.com/rayavriti/netmonitor-backend/internal/database/postgres.go:245.2,254.16 2 0
github.com/rayavriti/netmonitor-backend/internal/database/postgres.go:254.16,256.3 1 0
github.com/rayavriti/netmonitor-backend/internal/database/postgres.go:257.2,258.36 2 0
github.com/rayavriti/netmonitor-backend/internal/database/postgres.go:261.120,272.21 5 0
github.com/rayavriti/netmonitor-backend/internal/database/postgres.go:272.21,275.3 2 0
github.com/rayavriti/netmonitor-backend/internal/database/postgres.go:276.2,277.16 2 0
github.com/rayavriti/netmonitor-backend/internal/database/postgres.go:277.16,279.3 1 0
github.com/rayavriti/netmonitor-backend/internal/database/postgres.go:280.2,281.22 2 0
github.com/rayavriti/netmonitor-backend/internal/database/postgres.go:281.22,283.3 1 0
github.com/rayavriti/netmonitor-backend/internal/database/postgres.go:284.2,285.18 2 0
github.com/rayavriti/netmonitor-backend/internal/database/postgres.go:285.18,287.3 1 0
github.com/rayavriti/netmonitor-backend/internal/database/postgres.go:288.2,294.8 1 0
github.com/rayavriti/netmonitor-backend/internal/database/postgres.go:297.58,299.18 2 0
github.com/rayavriti/netmonitor-backend/internal/database/postgres.go:299.18,307.17 4 0
github.com/rayavriti/netmonitor-backend/internal/database/postgres.go:307.17,309.4 1 0
github.com/rayavriti/netmonitor-backend/internal/database/postgres.go:310.3,310.24 1 0
github.com/rayavriti/netmonitor-backend/internal/database/postgres.go:310.24,312.4 1 0
github.com/rayavriti/netmonitor-backend/internal/database/postgres.go:313.3,313.23 1 0
github.com/rayavriti/netmonitor-backend/internal/database/postgres.go:315.2,315.24 1 0
github.com/rayavriti/netmonitor-backend/internal/database/postgres.go:318.68,320.18 2 0
github.com/rayavriti/netmonitor-backend/internal/database/postgres.go:320.18,330.17 5 0
github.com/rayavriti/netmonitor-backend/internal/database/postgres.go:330.17,332.4 1 0
github.com/rayavriti/netmonitor-backend/internal/database/postgres.go:333.3,333.24 1 0
github.com/rayavriti/netmonitor-backend/internal/database/postgres.go:333.24,335.4 1 0
github.com/rayavriti/netmonitor-backend/internal/database/postgres.go:336.3,339.23 4 0
github.com/rayavriti/netmonitor-backend/internal/database/postgres.go:341.2,341.24 1 0
github.com/rayavriti/netmonitor-backend/internal/database/postgres.go:346.114,347.16 1 0
github.com/rayavriti/netmonitor-backend/internal/database/postgres.go:347.16,349.3 1 0
github.com/rayavriti/netmonitor-backend/internal/database/postgres.go:350.2,352.18 3 0
github.com/rayavriti/netmonitor-backend/internal/database/postgres.go:352.18,355.3 2 0
github.com/rayavriti/netmonitor-backend/internal/database/postgres.go:356.2,358.77 3 0
github.com/rayavriti/netmonitor-backend/internal/database/postgres.go:358.77,360.3 1 0
github.com/rayavriti/netmonitor-backend/internal/database/postgres.go:361.2,368.16 6 0
github.com/rayavriti/netmonitor-backend/internal/database/postgres.go:368.16,370.3 1 0
github.com/rayavriti/netmonitor-backend/internal/database/postgres.go:371.2,373.27 3 0
github.com/rayavriti/netmonitor-backend/internal/database/postgres.go:376.83,381.16 2 0
github.com/rayavriti/netmonitor-backend/internal/database/postgres.go:381.16,383.3 1 0
github.com/rayavriti/netmonitor-backend/internal/database/postgres.go:384.2,386.16 3 0
github.com/rayavriti/netmonitor-backend/internal/database/postgres.go:386.16,388.3 1 0
github.com/rayavriti/netmonitor-backend/internal/database/postgres.go:389.2,389.22 1 0
github.com/rayavriti/netmonitor-backend/internal/database/postgres.go:389.22,391.3 1 0
github.com/rayavriti/netmonitor-backend/internal/database/postgres.go:392.2,392.24 1 0
github.com/rayavriti/netmonitor-backend/internal/database/postgres.go:395.93,402.16 3 0
github.com/rayavriti/netmonitor-backend/internal/database/postgres.go:402.16,404.3 1 0
github.com/rayavriti/netmonitor-backend/internal/database/postgres.go:405.2,405.28 1 0
github.com/rayavriti/netmonitor-backend/internal/database/postgres.go:408.94,409.16 1 0
github.com/rayavriti/netmonitor-backend/internal/database/postgres.go:410.22,414.13 2 0
github.com/rayavriti/netmonitor-backend/internal/database/postgres.go:415.18,419.13 2 0
github.com/rayavriti/netmonitor-backend/internal/database/postgres.go:420.10,422.13 2 0
github.com/rayavriti/netmonitor-backend/internal/database/postgres.go:426.69,429.2 2 0
github.com/rayavriti/netmonitor-backend/internal/database/postgres.go:431.56,433.18 2 0
github.com/rayavriti/netmonitor-backend/internal/database/postgres.go:433.18,439.17 3 0
github.com/rayavriti/netmonitor-backend/internal/database/postgres.go:439.17,441.4 1 0
github.com/rayavriti/netmonitor-backend/internal/database/postgres.go:442.3,442.23 1 0
github.com/rayavriti/netmonitor-backend/internal/database/postgres.go:444.2,444.24 1 0
github.com/rayavriti/netmonitor-backend/internal/database/postgres.go:449.98,456.16 3 0
github.com/rayavriti/netmonitor-backend/internal/database/postgres.go:456.16,458.3 1 0
github.com/rayavriti/netmonitor-backend/internal/database/postgres.go:459.2,459.16 1 0
github.com/rayavriti/netmonitor-backend/internal/database/postgres.go:462.85,469.16 3 0
github.com/rayavriti/netmonitor-backend/internal/database/postgres.go:469.16,471.3 1 0
github.com/rayavriti/netmonitor-backend/internal/database/postgres.go:472.2,472.16 1 0
github.com/rayavriti/netmonitor-backend/internal/database/postgres.go:475.90,482.16 3 0
github.com/rayavriti/netmonitor-backend/internal/database/postgres.go:482.16,484.3 1 0
github.com/rayavriti/netmonitor-backend/internal/database/postgres.go:485.2,485.31 1 0
github.com/rayavriti/netmonitor-backend/internal/database/postgres.go:488.100,494.16 2 0
github.com/rayavriti/netmonitor-backend/internal/database/postgres.go:494.16,496.3 1 0
github.com/rayavriti/netmonitor-backend/internal/database/postgres.go:497.2,497.31 1 0
github.com/rayavriti/netmonitor-backend/internal/database/postgres.go:500.68,503.2 2 0
github.com/rayavriti/netmonitor-backend/internal/database/postgres.go:505.91,511.16 3 0
github.com/rayavriti/netmonitor-backend/internal/database/postgres.go:511.16,513.3 1 0
github.com/rayavriti/netmonitor-backend/internal/database/postgres.go:514.2,514.16 1 0
github.com/rayavriti/netmonitor-backend/internal/database/postgres.go:517.96,522.16 3 0
github.com/rayavriti/netmonitor-backend/internal/database/postgres.go:522.16,524.3 1 0
github.com/rayavriti/netmonitor-backend/internal/database/postgres.go:525.2,526.15 2 0
github.com/rayavriti/netmonitor-backend/internal/database/postgres.go:529.97,533.16 2 0
github.com/rayavriti/netmonitor-backend/internal/database/postgres.go:533.16,535.3 1 0
github.com/rayavriti/netmonitor-backend/internal/database/postgres.go:536.2,538.18 3 0
github.com/rayavriti/netmonitor-backend/internal/database/postgres.go:538.18,540.110 2 0
github.com/rayavriti/netmonitor-backend/internal/database/postgres.go:540.110,542.4 1 0
github.com/rayavriti/netmonitor-backend/internal/database/postgres.go:543.3,543.23 1 0
github.com/rayavriti/netmonitor-backend/internal/database/postgres.go:545.2,545.24 1 0
github.com/rayavriti/netmonitor-backend/internal/database/postgres.go:548.70,551.2 2 0
github.com/rayavriti/netmonitor-backend/internal/database/postgres.go:555.80,556.21 1 0
github.com/rayavriti/netmonitor-backend/internal/database/postgres.go:556.21,558.3 1 0
github.com/rayavriti/netmonitor-backend/internal/database/postgres.go:559.2,560.26 2 0
github.com/rayavriti/netmonitor-backend/internal/database/postgres.go:560.26,565.3 1 0
github.com/rayavriti/netmonitor-backend/internal/database/postgres.go:566.2,567.19 2 0
github.com/rayavriti/netmonitor-backend/internal/database/postgres.go:570.117,571.16 1 0
github.com/rayavriti/netmonitor-backend/internal/database/postgres.go:571.16,573.3 1 0
github.com/rayavriti/netmonitor-backend/internal/database/postgres.go:574.2,576.103 2 0
github.com/rayavriti/netmonitor-backend/internal/database/postgres.go:576.103,578.3 1 0
github.com/rayavriti/netmonitor-backend/internal/database/postgres.go:579.2,583.16 2 0
github.com/rayavriti/netmonitor-backend/internal/database/postgres.go:583.16,585.3 1 0
github.com/rayavriti/netmonitor-backend/internal/database/postgres.go:586.2,588.18 3 0
github.com/rayavriti/netmonitor-backend/internal/database/postgres.go:588.18,591.78 2 0
github.com/rayavriti/netmonitor-backend/internal/database/postgres.go:591.78,593.4 1 0
github.com/rayavriti/netmonitor-backend/internal/database/postgres.go:594.3,594.23 1 0
github.com/rayavriti/netmonitor-backend/internal/database/postgres.go:596.2,596.31 1 0
github.com/rayavriti/netmonitor-backend/internal/database/postgres.go:599.108,600.12 1 0
github.com/rayavriti/netmonitor-backend/internal/database/postgres.go:600.12,602.3 1 0
github.com/rayavriti/netmonitor-backend/internal/database/postgres.go:603.2,607.16 2 0
github.com/rayavriti/netmonitor-backend/internal/database/postgres.go:607.16,609.3 1 0
github.com/rayavriti/netmonitor-backend/internal/database/postgres.go:610.2,612.18 3 0
github.com/rayavriti/netmonitor-backend/internal/database/postgres.go:612.18,614.52 2 0
github.com/rayavriti/netmonitor-backend/internal/database/postgres.go:614.52,616.4 1 0
github.com/rayavriti/netmonitor-backend/internal/database/postgres.go:617.3,617.23 1 0
github.com/rayavriti/netmonitor-backend/internal/database/postgres.go:619.2,619.24 1 0
github.com/rayavriti/netmonitor-backend/internal/database/postgres.go:622.104,627.16 2 0
github.com/rayavriti/netmonitor-backend/internal/database/postgres.go:627.16,629.3 1 0
github.com/rayavriti/netmonitor-backend/internal/database/postgres.go:630.2,632.18 3 0
github.com/rayavriti/netmonitor-backend/internal/database/postgres.go:632.18,635.51 3 0
github.com/rayavriti/netmonitor-backend/internal/database/postgres.go:635.51,637.4 1 0
github.com/rayavriti/netmonitor-backend/internal/database/postgres.go:638.3,638.21 1 0
github.com/rayavriti/netmonitor-backend/internal/database/postgres.go:640.2,640.24 1 0
github.com/rayavriti/netmonitor-backend/internal/database/postgres.go:645.97,649.16 2 0
github.com/rayavriti/netmonitor-backend/internal/database/postgres.go:649.16,651.3 1 0
github.com/rayavriti/netmonitor-backend/internal/database/postgres.go:652.2,653.29 2 0
github.com/rayavriti/netmonitor-backend/internal/database/postgres.go:656.91,660.16 2 0
github.com/rayavriti/netmonitor-backend/internal/database/postgres.go:660.16,662.3 1 0
github.com/rayavriti/netmonitor-backend/internal/database/postgres.go:663.2,665.16 3 0
github.com/rayavriti/netmonitor-backend/internal/database/postgres.go:665.16,667.3 1 0
github.com/rayavriti/netmonitor-backend/internal/database/postgres.go:668.2,668.18 1 0
github.com/rayavriti/netmonitor-backend/internal/database/postgres.go:668.18,670.3 1 0
github.com/rayavriti/netmonitor-backend/internal/database/postgres.go:671.2,671.20 1 0
github.com/rayavriti/netmonitor-backend/internal/database/postgres.go:674.103,675.15 1 0
github.com/rayavriti/netmonitor-backend/internal/database/postgres.go:675.15,680.17 3 0
github.com/rayavriti/netmonitor-backend/internal/database/postgres.go:680.17,682.4 1 0
github.com/rayavriti/netmonitor-backend/internal/database/postgres.go:683.3,683.33 1 0
github.com/rayavriti/netmonitor-backend/internal/database/postgres.go:685.2,688.16 2 0
github.com/rayavriti/netmonitor-backend/internal/database/postgres.go:688.16,690.3 1 0
github.com/rayavriti/netmonitor-backend/internal/database/postgres.go:691.2,691.34 1 0
github.com/rayavriti/netmonitor-backend/internal/database/postgres.go:694.73,697.2 2 0
github.com/rayavriti/netmonitor-backend/internal/database/postgres.go:699.64,701.18 2 0
github.com/rayavriti/netmonitor-backend/internal/database/postgres.go:701.18,703.101 2 0
github.com/rayavriti/netmonitor-backend/internal/database/postgres.go:703.101,705.4 1 0
github.com/rayavriti/netmonitor-backend/internal/database/postgres.go:706.3,706.23 1 0
github.com/rayavriti/netmonitor-backend/internal/database/postgres.go:708.2,708.24 1 0
github.com/rayavriti/netmonitor-backend/internal/database/postgres.go:713.90,716.2 2 0
github.com/rayavriti/netmonitor-backend/internal/database/postgres.go:718.88,721.2 2 0
github.com/rayavriti/netmonitor-backend/internal/database/postgres.go:723.89,726.2 2 0
github.com/rayavriti/netmonitor-backend/internal/database/postgres.go:730.83,737.97 5 0
github.com/rayavriti/netmonitor-backend/internal/database/postgres.go:737.97,739.3 1 0
github.com/rayavriti/netmonitor-backend/internal/database/postgres.go:740.2,740.116 1 0
github.com/rayavriti/netmonitor-backend/internal/database/postgres.go:740.116,742.3 1 0
github.com/rayavriti/netmonitor-backend/internal/database/postgres.go:743.2,743.119 1 0
github.com/rayavriti/netmonitor-backend/internal/database/postgres.go:743.119,745.3 1 0
github.com/rayavriti/netmonitor-backend/internal/database/postgres.go:746.2,746.118 1 0
github.com/rayavriti/netmonitor-backend/internal/database/postgres.go:746.118,748.3 1 0
github.com/rayavriti/netmonitor-backend/internal/database/postgres.go:749.2,749.128 1 0
github.com/rayavriti/netmonitor-backend/internal/database/postgres.go:749.128,751.3 1 0
github.com/rayavriti/netmonitor-backend/internal/database/postgres.go:752.2,752.128 1 0
github.com/rayavriti/netmonitor-backend/internal/database/postgres.go:752.128,754.3 1 0
github.com/rayavriti/netmonitor-backend/internal/database/postgres.go:756.2,763.8 1 0
github.com/rayavriti/netmonitor-backend/internal/database/postgres.go:768.32,769.13 1 0
github.com/rayavriti/netmonitor-backend/internal/database/postgres.go:769.13,771.3 1 0
github.com/rayavriti/netmonitor-backend/internal/database/postgres.go:772.2,772.11 1 0
github.com/rayavriti/netmonitor-backend/internal/database/postgres.go:775.26,776.12 1 0
github.com/rayavriti/netmonitor-backend/internal/database/postgres.go:776.12,778.3 1 0
github.com/rayavriti/netmonitor-backend/internal/database/postgres.go:779.2,779.11 1 0
github.com/rayavriti/netmonitor-backend/internal/database/postgres_alertrules.go:14.83,20.16 2 0
github.com/rayavriti/netmonitor-backend/internal/database/postgres_alertrules.go:20.16,22.3 1 0
github.com/rayavriti/netmonitor-backend/internal/database/postgres_alertrules.go:23.2,26.16 3 0
github.com/rayavriti/netmonitor-backend/internal/database/postgres_alertrules.go:26.16,28.3 1 0
github.com/rayavriti/netmonitor-backend/internal/database/postgres_alertrules.go:30.2,30.23 1 0
github.com/rayavriti/netmonitor-backend/internal/database/postgres_alertrules.go:30.23,31.66 1 0
github.com/rayavriti/netmonitor-backend/internal/database/postgres_alertrules.go:31.66,33.4 1 0
github.com/rayavriti/netmonitor-backend/internal/database/postgres_alertrules.go:36.2,36.18 1 0
github.com/rayavriti/netmonitor-backend/internal/database/postgres_alertrules.go:36.18,38.3 1 0
github.com/rayavriti/netmonitor-backend/internal/database/postgres_alertrules.go:39.2,39.19 1 0
github.com/rayavriti/netmonitor-backend/internal/database/postgres_alertrules.go:42.91,48.16 2 0
github.com/rayavriti/netmonitor-backend/internal/database/postgres_alertrules.go:48.16,50.3 1 0
github.com/rayavriti/netmonitor-backend/internal/database/postgres_alertrules.go:51.2,54.16 3 0
github.com/rayavriti/netmonitor-backend/internal/database/postgres_alertrules.go:54.16,56.3 1 0
github.com/rayavriti/netmonitor-backend/internal/database/postgres_alertrules.go:57.2,57.21 1 0
github.com/rayavriti/netmonitor-backend/internal/database/postgres_alertrules.go:57.21,59.3 1 0
github.com/rayavriti/netmonitor-backend/internal/database/postgres_alertrules.go:61.2,61.65 1 0
github.com/rayavriti/netmonitor-backend/internal/database/postgres_alertrules.go:61.65,63.3 1 0
github.com/rayavriti/netmonitor-backend/internal/database/postgres_alertrules.go:64.2,64.23 1 0
github.com/rayavriti/netmonitor-backend/internal/database/postgres_alertrules.go:67.105,69.16 2 0
github.com/rayavriti/netmonitor-backend/internal/database/postgres_alertrules.go:69.16,71.3 1 0
github.com/rayavriti/netmonitor-backend/internal/database/postgres_alertrules.go:72.2,85.16 4 0
github.com/rayavriti/netmonitor-backend/internal/database/postgres_alertrules.go:85.16,87.3 1 0
github.com/rayavriti/netmonitor-backend/internal/database/postgres_alertrules.go:90.2,90.68 1 0
github.com/rayavriti/netmonitor-backend/internal/database/postgres_alertrules.go:90.68,92.3 1 0
github.com/rayavriti/netmonitor-backend/internal/database/postgres_alertrules.go:95.2,95.70 1 0
github.com/rayavriti/netmonitor-backend/internal/database/postgres_alertrules.go:95.70,97.3 1 0
github.com/rayavriti/netmonitor-backend/internal/database/postgres_alertrules.go:99.2,99.39 1 0
github.com/rayavriti/netmonitor-backend/internal/database/postgres_alertrules.go:99.39,101.3 1 0
github.com/rayavriti/netmonitor-backend/internal/database/postgres_alertrules.go:102.2,102.32 1 0
github.com/rayavriti/netmonitor-backend/internal/database/postgres_alertrules.go:105.115,107.16 2 0
github.com/rayavriti/netmonitor-backend/internal/database/postgres_alertrules.go:107.16,109.3 1 0
github.com/rayavriti/netmonitor-backend/internal/database/postgres_alertrules.go:110.2,123.16 3 0
github.com/rayavriti/netmonitor-backend/internal/database/postgres_alertrules.go:123.16,125.3 1 0
github.com/rayavriti/netmonitor-backend/internal/database/postgres_alertrules.go:128.2,128.98 1 0
github.com/rayavriti/netmonitor-backend/internal/database/postgres_alertrules.go:128.98,130.3 1 0
github.com/rayavriti/netmonitor-backend/internal/database/postgres_alertrules.go:131.2,131.68 1 0
github.com/rayavriti/netmonitor-backend/internal/database/postgres_alertrules.go:131.68,133.3 1 0
github.com/rayavriti/netmonitor-backend/internal/database/postgres_alertrules.go:136.2,136.96 1 0
github.com/rayavriti/netmonitor-backend/internal/database/postgres_alertrules.go:136.96,138.3 1 0
github.com/rayavriti/netmonitor-backend/internal/database/postgres_alertrules.go:139.2,139.70 1 0
github.com/rayavriti/netmonitor-backend/internal/database/postgres_alertrules.go:139.70,141.3 1 0
github.com/rayavriti/netmonitor-backend/internal/database/postgres_alertrules.go:143.2,143.39 1 0
github.com/rayavriti/netmonitor-backend/internal/database/postgres_alertrules.go:143.39,145.3 1 0
github.com/rayavriti/netmonitor-backend/internal/database/postgres_alertrules.go:146.2,146.32 1 0
github.com/rayavriti/netmonitor-backend/internal/database/postgres_alertrules.go:149.73,152.2 2 0
github.com/rayavriti/netmonitor-backend/internal/database/postgres_alertrules.go:154.87,158.2 2 0
github.com/rayavriti/netmonitor-backend/internal/database/postgres_alertrules.go:162.103,166.16 2 0
github.com/rayavriti/netmonitor-backend/internal/database/postgres_alertrules.go:166.16,168.3 1 0
github.com/rayavriti/netmonitor-backend/internal/database/postgres_alertrules.go:169.2,172.16 3 0
github.com/rayavriti/netmonitor-backend/internal/database/postgres_alertrules.go:172.16,174.3 1 0
github.com/rayavriti/netmonitor-backend/internal/database/postgres_alertrules.go:175.2,175.21 1 0
github.com/rayavriti/netmonitor-backend/internal/database/postgres_alertrules.go:175.21,177.3 1 0
github.com/rayavriti/netmonitor-backend/internal/database/postgres_alertrules.go:178.2,178.22 1 0
github.com/rayavriti/netmonitor-backend/internal/database/postgres_alertrules.go:181.111,185.16 2 0
github.com/rayavriti/netmonitor-backend/internal/database/postgres_alertrules.go:185.16,187.3 1 0
github.com/rayavriti/netmonitor-backend/internal/database/postgres_alertrules.go:188.2,191.16 3 0
github.com/rayavriti/netmonitor-backend/internal/database/postgres_alertrules.go:191.16,193.3 1 0
github.com/rayavriti/netmonitor-backend/internal/database/postgres_alertrules.go:194.2,194.24 1 0
github.com/rayavriti/netmonitor-backend/internal/database/postgres_alertrules.go:194.24,196.3 1 0
github.com/rayavriti/netmonitor-backend/internal/database/postgres_alertrules.go:197.2,197.26 1 0
github.com/rayavriti/netmonitor-backend/internal/database/postgres_alertrules.go:200.136,202.16 2 0
github.com/rayavriti/netmonitor-backend/internal/database/postgres_alertrules.go:202.16,204.3 1 0
github.com/rayavriti/netmonitor-backend/internal/database/postgres_alertrules.go:206.2,212.16 3 0
github.com/rayavriti/netmonitor-backend/internal/database/postgres_alertrules.go:212.16,214.3 1 0
github.com/rayavriti/netmonitor-backend/internal/database/postgres_alertrules.go:215.2,215.42 1 0
github.com/rayavriti/netmonitor-backend/internal/database/postgres_alertrules.go:218.146,220.16 2 0
github.com/rayavriti/netmonitor-backend/internal/database/postgres_alertrules.go:220.16,222.3 1 0
github.com/rayavriti/netmonitor-backend/internal/database/postgres_alertrules.go:224.2,230.16 2 0
github.com/rayavriti/netmonitor-backend/internal/database/postgres_alertrules.go:230.16,232.3 1 0
github.com/rayavriti/netmonitor-backend/internal/database/postgres_alertrules.go:233.2,233.42 1 0
github.com/rayavriti/netmonitor-backend/internal/database/postgres_alertrules.go:236.83,239.2 2 0
github.com/rayavriti/netmonitor-backend/internal/database/postgres_alertrules.go:243.90,251.2 3 0
github.com/rayavriti/netmonitor-backend/internal/database/postgres_alertrules.go:253.103,259.16 2 0
github.com/rayavriti/netmonitor-backend/internal/database/postgres_alertrules.go:259.16,261.3 1 0
github.com/rayavriti/netmonitor-backend/internal/database/postgres_alertrules.go:262.2,265.18 3 0
github.com/rayavriti/netmonitor-backend/internal/database/postgres_alertrules.go:265.18,270.17 5 0
github.com/rayavriti/netmonitor-backend/internal/database/postgres_alertrules.go:270.17,272.4 1 0
github.com/rayavriti/netmonitor-backend/internal/database/postgres_alertrules.go:273.3,273.19 1 0
github.com/rayavriti/netmonitor-backend/internal/database/postgres_alertrules.go:273.19,275.4 1 0
github.com/rayavriti/netmonitor-backend/internal/database/postgres_alertrules.go:276.3,276.24 1 0
github.com/rayavriti/netmonitor-backend/internal/database/postgres_alertrules.go:276.24,278.4 1 0
github.com/rayavriti/netmonitor-backend/internal/database/postgres_alertrules.go:279.3,279.23 1 0
github.com/rayavriti/netmonitor-backend/internal/database/postgres_alertrules.go:281.2,281.16 1 0
github.com/rayavriti/netmonitor-backend/internal/database/postgres_alertrules.go:281.16,283.3 1 0
github.com/rayavriti/netmonitor-backend/internal/database/postgres_alertrules.go:284.2,284.24 1 0
github.com/rayavriti/netmonitor-backend/internal/database/postgres_alertrules.go:289.115,300.16 4 0
github.com/rayavriti/netmonitor-backend/internal/database/postgres_alertrules.go:300.16,302.3 1 0
github.com/rayavriti/netmonitor-backend/internal/database/postgres_alertrules.go:303.2,303.24 1 0
github.com/rayavriti/netmonitor-backend/internal/database/postgres_alertrules.go:303.24,305.3 1 0
github.com/rayavriti/netmonitor-backend/internal/database/postgres_alertrules.go:306.2,306.16 1 0
github.com/rayavriti/netmonitor-backend/internal/database/postgres_alertrules.go:309.94,327.2 3 0
github.com/rayavriti/netmonitor-backend/internal/database/postgres_alertrules.go:332.91,338.16 2 0
github.com/rayavriti/netmonitor-backend/internal/database/postgres_alertrules.go:338.16,340.3 1 0
github.com/rayavriti/netmonitor-backend/internal/database/postgres_alertrules.go:341.2,343.22 2 0
github.com/rayavriti/netmonitor-backend/internal/database/postgres_alertrules.go:343.22,348.17 4 0
github.com/rayavriti/netmonitor-backend/internal/database/postgres_alertrules.go:348.17,350.4 1 0
github.com/rayavriti/netmonitor-backend/internal/database/postgres_alertrules.go:351.3,351.20 1 0
github.com/rayavriti/netmonitor-backend/internal/database/postgres_alertrules.go:351.20,353.4 1 0
github.com/rayavriti/netmonitor-backend/internal/database/postgres_alertrules.go:354.3,354.41 1 0
github.com/rayavriti/netmonitor-backend/internal/database/postgres_alertrules.go:356.2,356.39 1 0
github.com/rayavriti/netmonitor-backend/internal/database/postgres_alertrules.go:356.39,358.3 1 0
github.com/rayavriti/netmonitor-backend/internal/database/postgres_alertrules.go:359.2,359.25 1 0
github.com/rayavriti/netmonitor-backend/internal/database/postgres_alertrules.go:359.25,361.3 1 0
github.com/rayavriti/netmonitor-backend/internal/database/postgres_alertrules.go:364.2,367.16 2 0
github.com/rayavriti/netmonitor-backend/internal/database/postgres_alertrules.go:367.16,369.3 1 0
github.com/rayavriti/netmonitor-backend/internal/database/postgres_alertrules.go:370.2,372.20 2 0
github.com/rayavriti/netmonitor-backend/internal/database/postgres_alertrules.go:372.20,374.44 2 0
github.com/rayavriti/netmonitor-backend/internal/database/postgres_alertrules.go:374.44,376.4 1 0
github.com/rayavriti/netmonitor-backend/internal/database/postgres_alertrules.go:377.3,377.44 1 0
github.com/rayavriti/netmonitor-backend/internal/database/postgres_alertrules.go:379.2,379.37 1 0
github.com/rayavriti/netmonitor-backend/internal/database/postgres_alertrules.go:379.37,381.3 1 0
github.com/rayavriti/netmonitor-backend/internal/database/postgres_alertrules.go:382.2,382.25 1 0
github.com/rayavriti/netmonitor-backend/internal/database/postgres_alertrules.go:382.25,384.3 1 0
github.com/rayavriti/netmonitor-backend/internal/database/postgres_alertrules.go:386.2,386.12 1 0
github.com/rayavriti/netmonitor-backend/internal/database/postgres_alertrules.go:390.115,391.26 1 0
github.com/rayavriti/netmonitor-backend/internal/database/postgres_alertrules.go:391.26,393.3 1 0
github.com/rayavriti/netmonitor-backend/internal/database/postgres_alertrules.go:394.2,395.31 2 0
github.com/rayavriti/netmonitor-backend/internal/database/postgres_alertrules.go:395.31,402.3 2 0
github.com/rayavriti/netmonitor-backend/internal/database/postgres_alertrules.go:403.2,404.35 2 0
github.com/rayavriti/netmonitor-backend/internal/database/postgres_alertrules.go:404.35,406.3 1 0
github.com/rayavriti/netmonitor-backend/internal/database/postgres_alertrules.go:407.2,407.12 1 0
github.com/rayavriti/netmonitor-backend/internal/database/postgres_alertrules.go:411.97,412.26 1 0
github.com/rayavriti/netmonitor-backend/internal/database/postgres_alertrules.go:412.26,414.3 1 0
github.com/rayavriti/netmonitor-backend/internal/database/postgres_alertrules.go:415.2,416.34 2 0
github.com/rayavriti/netmonitor-backend/internal/database/postgres_alertrules.go:416.34,421.3 1 0
github.com/rayavriti/netmonitor-backend/internal/database/postgres_alertrules.go:422.2,423.35 2 0
github.com/rayavriti/netmonitor-backend/internal/database/postgres_alertrules.go:423.35,425.3 1 0
github.com/rayavriti/netmonitor-backend/internal/database/postgres_alertrules.go:426.2,426.12 1 0
github.com/rayavriti/netmonitor-backend/internal/database/postgres_alertrules.go:429.64,431.18 2 0
github.com/rayavriti/netmonitor-backend/internal/database/postgres_alertrules.go:431.18,439.17 4 0
github.com/rayavriti/netmonitor-backend/internal/database/postgres_alertrules.go:439.17,441.4 1 0
github.com/rayavriti/netmonitor-backend/internal/database/postgres_alertrules.go:442.3,442.25 1 0
github.com/rayavriti/netmonitor-backend/internal/database/postgres_alertrules.go:442.25,444.4 1 0
github.com/rayavriti/netmonitor-backend/internal/database/postgres_alertrules.go:445.3,445.24 1 0
github.com/rayavriti/netmonitor-backend/internal/database/postgres_alertrules.go:445.24,447.4 1 0
github.com/rayavriti/netmonitor-backend/internal/database/postgres_alertrules.go:448.3,448.23 1 0
github.com/rayavriti/netmonitor-backend/internal/database/postgres_alertrules.go:450.2,450.24 1 0
github.com/rayavriti/netmonitor-backend/internal/database/postgres_alertrules.go:453.84,455.18 2 0
github.com/rayavriti/netmonitor-backend/internal/database/postgres_alertrules.go:455.18,459.17 4 0
github.com/rayavriti/netmonitor-backend/internal/database/postgres_alertrules.go:459.17,461.4 1 0
github.com/rayavriti/netmonitor-backend/internal/database/postgres_alertrules.go:462.3,462.20 1 0
github.com/rayavriti/netmonitor-backend/internal/database/postgres_alertrules.go:462.20,464.4 1 0
github.com/rayavriti/netmonitor-backend/internal/database/postgres_alertrules.go:465.3,465.23 1 0
github.com/rayavriti/netmonitor-backend/internal/database/postgres_alertrules.go:465.23,467.4 1 0
github.com/rayavriti/netmonitor-backend/internal/database/postgres_alertrules.go:468.3,468.24 1 0
github.com/rayavriti/netmonitor-backend/internal/database/postgres_alertrules.go:470.2,470.24 1 0
github.com/rayavriti/netmonitor-backend/internal/database/postgres_captures.go:14.121,16.16 2 0
github.com/rayavriti/netmonitor-backend/internal/database/postgres_captures.go:16.16,18.3 1 0
github.com/rayavriti/netmonitor-backend/internal/database/postgres_captures.go:20.2,28.16 3 0
github.com/rayavriti/netmonitor-backend/internal/database/postgres_captures.go:28.16,30.3 1 0
github.com/rayavriti/netmonitor-backend/internal/database/postgres_captures.go:31.2,31.37 1 0
github.com/rayavriti/netmonitor-backend/internal/database/postgres_captures.go:34.101,40.16 2 0
github.com/rayavriti/netmonitor-backend/internal/database/postgres_captures.go:40.16,42.3 1 0
github.com/rayavriti/netmonitor-backend/internal/database/postgres_captures.go:43.2,46.16 3 0
github.com/rayavriti/netmonitor-backend/internal/database/postgres_captures.go:46.16,48.3 1 0
github.com/rayavriti/netmonitor-backend/internal/database/postgres_captures.go:49.2,49.24 1 0
github.com/rayavriti/netmonitor-backend/internal/database/postgres_captures.go:49.24,51.3 1 0
github.com/rayavriti/netmonitor-backend/internal/database/postgres_captures.go:52.2,52.26 1 0
github.com/rayavriti/netmonitor-backend/internal/database/postgres_captures.go:55.93,61.16 2 0
github.com/rayavriti/netmonitor-backend/internal/database/postgres_captures.go:61.16,63.3 1 0
github.com/rayavriti/netmonitor-backend/internal/database/postgres_captures.go:64.2,67.16 3 0
github.com/rayavriti/netmonitor-backend/internal/database/postgres_captures.go:67.16,69.3 1 0
github.com/rayavriti/netmonitor-backend/internal/database/postgres_captures.go:70.2,70.21 1 0
github.com/rayavriti/netmonitor-backend/internal/database/postgres_captures.go:70.21,72.3 1 0
github.com/rayavriti/netmonitor-backend/internal/database/postgres_captures.go:73.2,73.22 1 0
github.com/rayavriti/netmonitor-backend/internal/database/postgres_captures.go:76.110,78.30 2 0
github.com/rayavriti/netmonitor-backend/internal/database/postgres_captures.go:78.30,80.3 1 0
github.com/rayavriti/netmonitor-backend/internal/database/postgres_captures.go:82.2,87.12 2 0
github.com/rayavriti/netmonitor-backend/internal/database/postgres_captures.go:90.111,98.2 2 0
github.com/rayavriti/netmonitor-backend/internal/database/postgres_captures.go:100.74,102.18 2 0
github.com/rayavriti/netmonitor-backend/internal/database/postgres_captures.go:102.18,110.17 4 0
github.com/rayavriti/netmonitor-backend/internal/database/postgres_captures.go:110.17,112.4 1 0
github.com/rayavriti/netmonitor-backend/internal/database/postgres_captures.go:113.3,113.26 1 0
github.com/rayavriti/netmonitor-backend/internal/database/postgres_captures.go:113.26,115.4 1 0
github.com/rayavriti/netmonitor-backend/internal/database/postgres_captures.go:116.3,116.26 1 0
github.com/rayavriti/netmonitor-backend/internal/database/postgres_captures.go:116.26,118.4 1 0
github.com/rayavriti/netmonitor-backend/internal/database/postgres_captures.go:119.3,119.24 1 0
github.com/rayavriti/netmonitor-backend/internal/database/postgres_captures.go:121.2,121.24 1 0
github.com/rayavriti/netmonitor-backend/internal/database/postgres_captures.go:124.127,131.16 2 0
github.com/rayavriti/netmonitor-backend/internal/database/postgres_captures.go:131.16,133.3 1 0
github.com/rayavriti/netmonitor-backend/internal/database/postgres_captures.go:134.2,137.18 3 0
github.com/rayavriti/netmonitor-backend/internal/database/postgres_captures.go:137.18,143.17 3 0
github.com/rayavriti/netmonitor-backend/internal/database/postgres_captures.go:143.17,145.4 1 0
github.com/rayavriti/netmonitor-backend/internal/database/postgres_captures.go:146.3,146.24 1 0
github.com/rayavriti/netmonitor-backend/internal/database/postgres_captures.go:148.2,148.24 1 0
github.com/rayavriti/netmonitor-backend/internal/database/postgres_extended.go:16.84,18.16 2 0
github.com/rayavriti/netmonitor-backend/internal/database/postgres_extended.go:18.16,20.3 1 0
github.com/rayavriti/netmonitor-backend/internal/database/postgres_extended.go:21.2,23.16 3 0
github.com/rayavriti/netmonitor-backend/internal/database/postgres_extended.go:23.16,25.3 1 0
github.com/rayavriti/netmonitor-backend/internal/database/postgres_extended.go:26.2,26.20 1 0
github.com/rayavriti/netmonitor-backend/internal/database/postgres_extended.go:26.20,28.3 1 0
github.com/rayavriti/netmonitor-backend/internal/database/postgres_extended.go:29.2,29.21 1 0
github.com/rayavriti/netmonitor-backend/internal/database/postgres_extended.go:33.100,35.16 2 0
github.com/rayavriti/netmonitor-backend/internal/database/postgres_extended.go:35.16,37.3 1 0
github.com/rayavriti/netmonitor-backend/internal/database/postgres_extended.go:38.2,40.16 3 0
github.com/rayavriti/netmonitor-backend/internal/database/postgres_extended.go:40.16,42.3 1 0
github.com/rayavriti/netmonitor-backend/internal/database/postgres_extended.go:43.2,43.20 1 0
github.com/rayavriti/netmonitor-backend/internal/database/postgres_extended.go:43.20,45.3 1 0
github.com/rayavriti/netmonitor-backend/internal/database/postgres_extended.go:46.2,46.21 1 0
github.com/rayavriti/netmonitor-backend/internal/database/postgres_extended.go:52.84,56.16 3 0
github.com/rayavriti/netmonitor-backend/internal/database/postgres_extended.go:56.16,58.3 1 0
github.com/rayavriti/netmonitor-backend/internal/database/postgres_extended.go:59.2,61.18 2 0
github.com/rayavriti/netmonitor-backend/internal/database/postgres_extended.go:61.18,64.48 3 0
github.com/rayavriti/netmonitor-backend/internal/database/postgres_extended.go:64.48,66.4 1 0
github.com/rayavriti/netmonitor-backend/internal/database/postgres_extended.go:67.3,67.17 1 0
github.com/rayavriti/netmonitor-backend/internal/database/postgres_extended.go:68.17,69.21 1 0
github.com/rayavriti/netmonitor-backend/internal/database/postgres_extended.go:70.23,71.27 1 0
github.com/rayavriti/netmonitor-backend/internal/database/postgres_extended.go:72.19,73.23 1 0
github.com/rayavriti/netmonitor-backend/internal/database/postgres_extended.go:76.2,76.27 1 0
github.com/rayavriti/netmonitor-backend/internal/database/postgres_extended.go:81.112,88.16 2 0
github.com/rayavriti/netmonitor-backend/internal/database/postgres_extended.go:88.16,90.3 1 0
github.com/rayavriti/netmonitor-backend/internal/database/postgres_extended.go:91.2,94.16 3 0
github.com/rayavriti/netmonitor-backend/internal/database/postgres_extended.go:94.16,96.3 1 0
github.com/rayavriti/netmonitor-backend/internal/database/postgres_extended.go:97.2,97.22 1 0
github.com/rayavriti/netmonitor-backend/internal/database/postgres_extended.go:97.22,99.3 1 0
github.com/rayavriti/netmonitor-backend/internal/database/postgres_extended.go:100.2,100.24 1 0
github.com/rayavriti/netmonitor-backend/internal/database/postgres_extended.go:104.121,113.21 4 0
github.com/rayavriti/netmonitor-backend/internal/database/postgres_extended.go:113.21,117.3 3 0
github.com/rayavriti/netmonitor-backend/internal/database/postgres_extended.go:118.2,121.16 3 0
github.com/rayavriti/netmonitor-backend/internal/database/postgres_extended.go:121.16,123.3 1 0
github.com/rayavriti/netmonitor-backend/internal/database/postgres_extended.go:124.2,125.25 2 0
github.com/rayavriti/netmonitor-backend/internal/database/postgres_extended.go:132.149,142.21 4 0
github.com/rayavriti/netmonitor-backend/internal/database/postgres_extended.go:142.21,146.3 3 0
github.com/rayavriti/netmonitor-backend/internal/database/postgres_extended.go:147.2,150.16 3 0
github.com/rayavriti/netmonitor-backend/internal/database/postgres_extended.go:150.16,152.3 1 0
github.com/rayavriti/netmonitor-backend/internal/database/postgres_extended.go:153.2,156.18 3 0
github.com/rayavriti/netmonitor-backend/internal/database/postgres_extended.go:156.18,162.17 3 0
github.com/rayavriti/netmonitor-backend/internal/database/postgres_extended.go:162.17,164.4 1 0
github.com/rayavriti/netmonitor-backend/internal/database/postgres_extended.go:165.3,166.23 2 0
github.com/rayavriti/netmonitor-backend/internal/database/postgres_extended.go:168.2,168.16 1 0
github.com/rayavriti/netmonitor-backend/internal/database/postgres_extended.go:168.16,170.3 1 0
github.com/rayavriti/netmonitor-backend/internal/database/postgres_extended.go:171.2,171.24 1 0
github.com/rayavriti/netmonitor-backend/internal/database/postgres_extended.go:174.157,175.24 1 0
github.com/rayavriti/netmonitor-backend/internal/database/postgres_extended.go:175.24,177.3 1 0
github.com/rayavriti/netmonitor-backend/internal/database/postgres_extended.go:178.2,189.21 4 0
github.com/rayavriti/netmonitor-backend/internal/database/postgres_extended.go:189.21,192.3 2 0
github.com/rayavriti/netmonitor-backend/internal/database/postgres_extended.go:193.2,196.16 3 0
github.com/rayavriti/netmonitor-backend/internal/database/postgres_extended.go:196.16,198.3 1 0
github.com/rayavriti/netmonitor-backend/internal/database/postgres_extended.go:199.2,202.18 3 0
github.com/rayavriti/netmonitor-backend/internal/database/postgres_extended.go:202.18,205.104 3 0
github.com/rayavriti/netmonitor-backend/internal/database/postgres_extended.go:205.104,207.4 1 0
github.com/rayavriti/netmonitor-backend/internal/database/postgres_extended.go:208.3,209.23 2 0
github.com/rayavriti/netmonitor-backend/internal/database/postgres_extended.go:211.2,211.16 1 0
github.com/rayavriti/netmonitor-backend/internal/database/postgres_extended.go:211.16,213.3 1 0
github.com/rayavriti/netmonitor-backend/internal/database/postgres_extended.go:214.2,214.24 1 0
github.com/rayavriti/netmonitor-backend/internal/database/postgres_extended.go:217.137,230.21 3 0
github.com/rayavriti/netmonitor-backend/internal/database/postgres_extended.go:230.21,233.3 2 0
github.com/rayavriti/netmonitor-backend/internal/database/postgres_extended.go:234.2,237.16 3 0
github.com/rayavriti/netmonitor-backend/internal/database/postgres_extended.go:237.16,239.3 1 0
github.com/rayavriti/netmonitor-backend/internal/database/postgres_extended.go:240.2,243.18 3 0
github.com/rayavriti/netmonitor-backend/internal/database/postgres_extended.go:243.18,249.17 2 0
github.com/rayavriti/netmonitor-backend/internal/database/postgres_extended.go:249.17,251.4 1 0
github.com/rayavriti/netmonitor-backend/internal/database/postgres_extended.go:252.3,252.25 1 0
github.com/rayavriti/netmonitor-backend/internal/database/postgres_extended.go:252.25,254.4 1 0
github.com/rayavriti/netmonitor-backend/internal/database/postgres_extended.go:254.9,256.4 1 0
github.com/rayavriti/netmonitor-backend/internal/database/postgres_extended.go:257.3,257.24 1 0
github.com/rayavriti/netmonitor-backend/internal/database/postgres_extended.go:259.2,259.16 1 0
github.com/rayavriti/netmonitor-backend/internal/database/postgres_extended.go:259.16,261.3 1 0
github.com/rayavriti/netmonitor-backend/internal/database/postgres_extended.go:262.2,262.24 1 0
github.com/rayavriti/netmonitor-backend/internal/database/postgres_extended.go:266.101,271.23 4 0
github.com/rayavriti/netmonitor-backend/internal/database/postgres_extended.go:271.23,275.3 3 0
github.com/rayavriti/netmonitor-backend/internal/database/postgres_extended.go:276.2,276.22 1 0
github.com/rayavriti/netmonitor-backend/internal/database/postgres_extended.go:276.22,280.3 3 0
github.com/rayavriti/netmonitor-backend/internal/database/postgres_extended.go:281.2,281.20 1 0
github.com/rayavriti/netmonitor-backend/internal/database/postgres_extended.go:281.20,285.3 3 0
github.com/rayavriti/netmonitor-backend/internal/database/postgres_extended.go:286.2,286.20 1 0
github.com/rayavriti/netmonitor-backend/internal/database/postgres_extended.go:286.20,290.3 3 0
github.com/rayavriti/netmonitor-backend/internal/database/postgres_extended.go:292.2,293.16 2 0
github.com/rayavriti/netmonitor-backend/internal/database/postgres_extended.go:293.16,295.3 1 0
github.com/rayavriti/netmonitor-backend/internal/database/postgres_extended.go:297.2,298.21 2 0
github.com/rayavriti/netmonitor-backend/internal/database/postgres_extended.go:298.21,300.24 2 0
github.com/rayavriti/netmonitor-backend/internal/database/postgres_extended.go:301.14,307.41 1 0
github.com/rayavriti/netmonitor-backend/internal/database/postgres_extended.go:308.14,314.41 1 0
github.com/rayavriti/netmonitor-backend/internal/database/postgres_extended.go:315.14,321.41 1 0
github.com/rayavriti/netmonitor-backend/internal/database/postgres_extended.go:322.11,328.41 1 0
github.com/rayavriti/netmonitor-backend/internal/database/postgres_extended.go:330.3,330.23 1 0
github.com/rayavriti/netmonitor-backend/internal/database/postgres_extended.go:330.23,332.4 1 0
github.com/rayavriti/netmonitor-backend/internal/database/postgres_extended.go:333.3,334.29 2 0
github.com/rayavriti/netmonitor-backend/internal/database/postgres_extended.go:335.8,339.23 2 0
github.com/rayavriti/netmonitor-backend/internal/database/postgres_extended.go:339.23,341.4 1 0
github.com/rayavriti/netmonitor-backend/internal/database/postgres_extended.go:342.3,344.29 3 0
github.com/rayavriti/netmonitor-backend/internal/database/postgres_extended.go:347.2,348.16 2 0
github.com/rayavriti/netmonitor-backend/internal/database/postgres_extended.go:348.16,350.3 1 0
github.com/rayavriti/netmonitor-backend/internal/database/postgres_extended.go:351.2,354.16 3 0
github.com/rayavriti/netmonitor-backend/internal/database/postgres_extended.go:354.16,356.3 1 0
github.com/rayavriti/netmonitor-backend/internal/database/postgres_extended.go:357.2,357.20 1 0
github.com/rayavriti/netmonitor-backend/internal/database/postgres_extended.go:357.20,359.3 1 0
github.com/rayavriti/netmonitor-backend/internal/database/postgres_extended.go:360.2,360.21 1 0
github.com/rayavriti/netmonitor-backend/internal/database/postgres_extended.go:363.128,364.16 1 0
github.com/rayavriti/netmonitor-backend/internal/database/postgres_extended.go:364.16,366.3 1 0
github.com/rayavriti/netmonitor-backend/internal/database/postgres_extended.go:367.2,376.21 4 0
github.com/rayavriti/netmonitor-backend/internal/database/postgres_extended.go:376.21,380.3 3 0
github.com/rayavriti/netmonitor-backend/internal/database/postgres_extended.go:381.2,385.16 4 0
github.com/rayavriti/netmonitor-backend/internal/database/postgres_extended.go:385.16,387.3 1 0
github.com/rayavriti/netmonitor-backend/internal/database/postgres_extended.go:388.2,389.36 2 0
github.com/rayavriti/netmonitor-backend/internal/database/postgres_extended.go:394.129,396.16 2 0
github.com/rayavriti/netmonitor-backend/internal/database/postgres_extended.go:396.16,398.3 1 0
github.com/rayavriti/netmonitor-backend/internal/database/postgres_extended.go:400.2,407.16 3 0
github.com/rayavriti/netmonitor-backend/internal/database/postgres_extended.go:407.16,409.3 1 0
github.com/rayavriti/netmonitor-backend/internal/database/postgres_extended.go:410.2,413.18 3 0
github.com/rayavriti/netmonitor-backend/internal/database/postgres_extended.go:413.18,415.39 2 0
github.com/rayavriti/netmonitor-backend/internal/database/postgres_extended.go:415.39,417.4 1 0
github.com/rayavriti/netmonitor-backend/internal/database/postgres_extended.go:418.3,418.23 1 0
github.com/rayavriti/netmonitor-backend/internal/database/postgres_extended.go:420.2,420.16 1 0
github.com/rayavriti/netmonitor-backend/internal/database/postgres_extended.go:420.16,422.3 1 0
github.com/rayavriti/netmonitor-backend/internal/database/postgres_extended.go:423.2,423.24 1 0
github.com/rayavriti/netmonitor-backend/internal/database/postgres_extended.go:428.56,429.15 1 0
github.com/rayavriti/netmonitor-backend/internal/database/postgres_extended.go:430.23,431.30 1 0
github.com/rayavriti/netmonitor-backend/internal/database/postgres_extended.go:432.19,433.26 1 0
github.com/rayavriti/netmonitor-backend/internal/database/postgres_extended.go:434.22,435.29 1 0
github.com/rayavriti/netmonitor-backend/internal/database/postgres_extended.go:436.21,437.28 1 0
github.com/rayavriti/netmonitor-backend/internal/database/postgres_extended.go:438.19,439.26 1 0
github.com/rayavriti/netmonitor-backend/internal/database/postgres_extended.go:440.22,441.29 1 0
github.com/rayavriti/netmonitor-backend/internal/database/postgres_extended.go:442.10,443.59 1 0
github.com/rayavriti/netmonitor-backend/internal/database/postgres_extended.go:451.134,453.16 2 0
github.com/rayavriti/netmonitor-backend/internal/database/postgres_extended.go:453.16,455.3 1 0
github.com/rayavriti/netmonitor-backend/internal/database/postgres_extended.go:457.2,467.16 2 0
github.com/rayavriti/netmonitor-backend/internal/database/postgres_extended.go:467.16,469.3 1 0
github.com/rayavriti/netmonitor-backend/internal/database/postgres_extended.go:470.2,473.18 3 0
github.com/rayavriti/netmonitor-backend/internal/database/postgres_extended.go:473.18,476.89 3 0
github.com/rayavriti/netmonitor-backend/internal/database/postgres_extended.go:476.89,478.4 1 0
github.com/rayavriti/netmonitor-backend/internal/database/postgres_extended.go:479.3,480.24 2 0
github.com/rayavriti/netmonitor-backend/internal/database/postgres_extended.go:482.2,482.16 1 0
github.com/rayavriti/netmonitor-backend/internal/database/postgres_extended.go:482.16,484.3 1 0
github.com/rayavriti/netmonitor-backend/internal/database/postgres_extended.go:485.2,485.24 1 0
github.com/rayavriti/netmonitor-backend/internal/database/postgres_extended.go:489.107,507.16 3 0
github.com/rayavriti/netmonitor-backend/internal/database/postgres_extended.go:507.16,509.3 1 0
github.com/rayavriti/netmonitor-backend/internal/database/postgres_extended.go:510.2,510.19 1 0
github.com/rayavriti/netmonitor-backend/internal/database/postgres_extended.go:514.59,515.23 1 0
github.com/rayavriti/netmonitor-backend/internal/database/postgres_extended.go:515.23,517.3 1 0
github.com/rayavriti/netmonitor-backend/internal/database/postgres_extended.go:519.2,522.16 4 0
github.com/rayavriti/netmonitor-backend/internal/database/postgres_extended.go:522.16,524.3 1 0
github.com/rayavriti/netmonitor-backend/internal/database/postgres_extended.go:525.2,525.14 1 0
github.com/rayavriti/netmonitor-backend/internal/database/postgres_extended.go:525.14,527.3 1 0
github.com/rayavriti/netmonitor-backend/internal/database/postgres_extended.go:529.2,529.16 1 0
github.com/rayavriti/netmonitor-backend/internal/database/postgres_extended.go:530.11,531.18 1 0
github.com/rayavriti/netmonitor-backend/internal/database/postgres_extended.go:532.11,533.23 1 0
github.com/rayavriti/netmonitor-backend/internal/database/postgres_extended.go:534.11,535.25 1 0
github.com/rayavriti/netmonitor-backend/internal/database/postgres_extended.go:536.11,537.26 1 0
github.com/rayavriti/netmonitor-backend/internal/database/postgres_extended.go:538.10,539.86 1 0
github.com/rayavriti/netmonitor-backend/internal/database/postgres_portscans.go:12.118,13.23 1 0
github.com/rayavriti/netmonitor-backend/internal/database/postgres_portscans.go:13.23,15.3 1 0
github.com/rayavriti/netmonitor-backend/internal/database/postgres_portscans.go:17.2,18.28 2 0
github.com/rayavriti/netmonitor-backend/internal/database/postgres_portscans.go:18.28,34.3 1 0
github.com/rayavriti/netmonitor-backend/internal/database/postgres_portscans.go:36.2,37.19 2 0
github.com/rayavriti/netmonitor-backend/internal/database/postgres_portscans.go:40.109,47.16 2 0
github.com/rayavriti/netmonitor-backend/internal/database/postgres_portscans.go:47.16,49.3 1 0
github.com/rayavriti/netmonitor-backend/internal/database/postgres_portscans.go:50.2,53.16 3 0
github.com/rayavriti/netmonitor-backend/internal/database/postgres_portscans.go:53.16,55.3 1 0
github.com/rayavriti/netmonitor-backend/internal/database/postgres_portscans.go:56.2,56.20 1 0
github.com/rayavriti/netmonitor-backend/internal/database/postgres_portscans.go:56.20,58.3 1 0
github.com/rayavriti/netmonitor-backend/internal/database/postgres_portscans.go:59.2,59.21 1 0
github.com/rayavriti/netmonitor-backend/internal/database/postgres_portscans.go:62.74,64.18 2 0
github.com/rayavriti/netmonitor-backend/internal/database/postgres_portscans.go:64.18,70.17 3 0
github.com/rayavriti/netmonitor-backend/internal/database/postgres_portscans.go:70.17,72.4 1 0
github.com/rayavriti/netmonitor-backend/internal/database/postgres_portscans.go:73.3,73.23 1 0
github.com/rayavriti/netmonitor-backend/internal/database/postgres_portscans.go:75.2,75.24 1 0
github.com/rayavriti/netmonitor-backend/internal/database/postgres_sensors.go:15.94,19.21 3 0
github.com/rayavriti/netmonitor-backend/internal/database/postgres_sensors.go:19.21,23.3 1 0
github.com/rayavriti/netmonitor-backend/internal/database/postgres_sensors.go:23.8,27.3 1 0
github.com/rayavriti/netmonitor-backend/internal/database/postgres_sensors.go:28.2,28.16 1 0
github.com/rayavriti/netmonitor-backend/internal/database/postgres_sensors.go:28.16,30.3 1 0
github.com/rayavriti/netmonitor-backend/internal/database/postgres_sensors.go:31.2,32.26 2 0
github.com/rayavriti/netmonitor-backend/internal/database/postgres_sensors.go:36.85,40.16 2 0
github.com/rayavriti/netmonitor-backend/internal/database/postgres_sensors.go:40.16,42.3 1 0
github.com/rayavriti/netmonitor-backend/internal/database/postgres_sensors.go:43.2,45.16 3 0
github.com/rayavriti/netmonitor-backend/internal/database/postgres_sensors.go:45.16,47.3 1 0
github.com/rayavriti/netmonitor-backend/internal/database/postgres_sensors.go:48.2,48.23 1 0
github.com/rayavriti/netmonitor-backend/internal/database/postgres_sensors.go:48.23,50.3 1 0
github.com/rayavriti/netmonitor-backend/internal/database/postgres_sensors.go:51.2,51.25 1 0
github.com/rayavriti/netmonitor-backend/internal/database/postgres_sensors.go:55.96,57.21 2 0
github.com/rayavriti/netmonitor-backend/internal/database/postgres_sensors.go:57.21,59.3 1 0
github.com/rayavriti/netmonitor-backend/internal/database/postgres_sensors.go:60.2,67.16 3 0
github.com/rayavriti/netmonitor-backend/internal/database/postgres_sensors.go:67.16,69.3 1 0
github.com/rayavriti/netmonitor-backend/internal/database/postgres_sensors.go:70.2,70.29 1 0
github.com/rayavriti/netmonitor-backend/internal/database/postgres_sensors.go:74.106,76.21 2 0
github.com/rayavriti/netmonitor-backend/internal/database/postgres_sensors.go:76.21,78.3 1 0
github.com/rayavriti/netmonitor-backend/internal/database/postgres_sensors.go:79.2,84.16 2 0
github.com/rayavriti/netmonitor-backend/internal/database/postgres_sensors.go:84.16,86.3 1 0
github.com/rayavriti/netmonitor-backend/internal/database/postgres_sensors.go:87.2,87.29 1 0
github.com/rayavriti/netmonitor-backend/internal/database/postgres_sensors.go:91.70,94.2 2 0
github.com/rayavriti/netmonitor-backend/internal/database/postgres_sensors.go:97.103,101.16 2 0
github.com/rayavriti/netmonitor-backend/internal/database/postgres_sensors.go:101.16,103.3 1 0
github.com/rayavriti/netmonitor-backend/internal/database/postgres_sensors.go:104.2,105.26 2 0
github.com/rayavriti/netmonitor-backend/internal/database/postgres_sensors.go:110.58,112.18 2 0
github.com/rayavriti/netmonitor-backend/internal/database/postgres_sensors.go:112.18,119.17 4 0
github.com/rayavriti/netmonitor-backend/internal/database/postgres_sensors.go:119.17,121.4 1 0
github.com/rayavriti/netmonitor-backend/internal/database/postgres_sensors.go:122.3,122.20 1 0
github.com/rayavriti/netmonitor-backend/internal/database/postgres_sensors.go:122.20,124.4 1 0
github.com/rayavriti/netmonitor-backend/internal/database/postgres_sensors.go:125.3,125.22 1 0
github.com/rayavriti/netmonitor-backend/internal/database/postgres_sensors.go:125.22,127.4 1 0
github.com/rayavriti/netmonitor-backend/internal/database/postgres_sensors.go:128.3,128.23 1 0
github.com/rayavriti/netmonitor-backend/internal/database/postgres_sensors.go:130.2,130.16 1 0
github.com/rayavriti/netmonitor-backend/internal/database/postgres_sensors.go:130.16,132.3 1 0
github.com/rayavriti/netmonitor-backend/internal/database/postgres_sensors.go:133.2,133.24 1 0
github.com/rayavriti/netmonitor-backend/internal/database/seed.go:15.100,17.9 2 0
github.com/rayavriti/netmonitor-backend/internal/database/seed.go:17.9,19.3 1 0
github.com/rayavriti/netmonitor-backend/internal/database/seed.go:22.2,25.16 2 0
github.com/rayavriti/netmonitor-backend/internal/database/seed.go:25.16,27.3 1 0
github.com/rayavriti/netmonitor-backend/internal/database/seed.go:28.2,31.52 2 0
github.com/rayavriti/netmonitor-backend/internal/database/seed.go:31.52,33.3 1 0
github.com/rayavriti/netmonitor-backend/internal/database/seed.go:36.2,36.52 1 0
github.com/rayavriti/netmonitor-backend/internal/database/seed.go:36.52,38.3 1 0
github.com/rayavriti/netmonitor-backend/internal/database/seed.go:41.2,41.55 1 0
github.com/rayavriti/netmonitor-backend/internal/database/seed.go:41.55,43.3 1 0
github.com/rayavriti/netmonitor-backend/internal/database/seed.go:45.2,45.12 1 0
github.com/rayavriti/netmonitor-backend/internal/database/seed.go:49.66,51.91 2 0
github.com/rayavriti/netmonitor-backend/internal/database/seed.go:51.91,53.3 1 0
github.com/rayavriti/netmonitor-backend/internal/database/seed.go:54.2,54.15 1 0
github.com/rayavriti/netmonitor-backend/internal/database/seed.go:54.15,57.3 2 0
github.com/rayavriti/netmonitor-backend/internal/database/seed.go:59.2,74.29 2 0
github.com/rayavriti/netmonitor-backend/internal/database/seed.go:74.29,81.17 3 0
github.com/rayavriti/netmonitor-backend/internal/database/seed.go:81.17,83.4 1 0
github.com/rayavriti/netmonitor-backend/internal/database/seed.go:85.2,86.12 2 0
github.com/rayavriti/netmonitor-backend/internal/database/seed.go:90.66,95.16 2 0
github.com/rayavriti/netmonitor-backend/internal/database/seed.go:95.16,97.3 1 0
github.com/rayavriti/netmonitor-backend/internal/database/seed.go:98.2,101.18 3 0
github.com/rayavriti/netmonitor-backend/internal/database/seed.go:101.18,105.69 4 0
github.com/rayavriti/netmonitor-backend/internal/database/seed.go:105.69,107.4 1 0
github.com/rayavriti/netmonitor-backend/internal/database/seed.go:109.3,115.17 3 0
github.com/rayavriti/netmonitor-backend/internal/database/seed.go:115.17,117.4 1 0
github.com/rayavriti/netmonitor-backend/internal/database/seed.go:118.3,118.10 1 0
github.com/rayavriti/netmonitor-backend/internal/database/seed.go:120.2,120.15 1 0
github.com/rayavriti/netmonitor-backend/internal/database/seed.go:120.15,122.3 1 0
github.com/rayavriti/netmonitor-backend/internal/database/seed.go:123.2,123.19 1 0
github.com/rayavriti/netmonitor-backend/internal/database/seed.go:127.69,129.95 2 0
github.com/rayavriti/netmonitor-backend/internal/database/seed.go:129.95,131.3 1 0
github.com/rayavriti/netmonitor-backend/internal/database/seed.go:132.2,132.15 1 0
github.com/rayavriti/netmonitor-backend/internal/database/seed.go:132.15,135.3 2 0
github.com/rayavriti/netmonitor-backend/internal/database/seed.go:137.2,234.16 4 0
github.com/rayavriti/netmonitor-backend/internal/database/seed.go:234.16,236.3 1 0
github.com/rayavriti/netmonitor-backend/internal/database/seed.go:237.2,239.26 2 0
github.com/rayavriti/netmonitor-backend/internal/database/seed.go:239.26,246.17 3 0
github.com/rayavriti/netmonitor-backend/internal/database/seed.go:246.17,248.4 1 0
github.com/rayavriti/netmonitor-backend/internal/database/seed.go:250.3,250.34 1 0
github.com/rayavriti/netmonitor-backend/internal/database/seed.go:250.34,252.23 2 0
github.com/rayavriti/netmonitor-backend/internal/database/seed.go:252.23,254.5 1 0
github.com/rayavriti/netmonitor-backend/internal/database/seed.go:255.4,259.18 2 0
github.com/rayavriti/netmonitor-backend/internal/database/seed.go:259.18,261.5 1 0
github.com/rayavriti/netmonitor-backend/internal/database/seed.go:265.2,265.39 1 0
github.com/rayavriti/netmonitor-backend/internal/database/seed.go:265.39,267.3 1 0
github.com/rayavriti/netmonitor-backend/internal/database/seed.go:269.2,270.12 2 0
github.com/rayavriti/netmonitor-backend/internal/database/seed.go:274.86,276.9 2 0
github.com/rayavriti/netmonitor-backend/internal/database/seed.go:276.9,278.3 1 0
github.com/rayavriti/netmonitor-backend/internal/database/seed.go:281.2,283.16 3 0
github.com/rayavriti/netmonitor-backend/internal/database/seed.go:283.16,285.3 1 0
github.com/rayavriti/netmonitor-backend/internal/database/seed.go:287.2,292.16 2 0
github.com/rayavriti/netmonitor-backend/internal/database/seed.go:292.16,294.3 1 0
github.com/rayavriti/netmonitor-backend/internal/database/seed.go:296.2,297.12 2 0
github.com/rayavriti/netmonitor-backend/internal/database/sqlite_import.go:25.87,28.16 3 0
github.com/rayavriti/netmonitor-backend/internal/database/sqlite_import.go:28.16,30.3 1 0
github.com/rayavriti/netmonitor-backend/internal/database/sqlite_import.go:31.2,33.45 2 0
github.com/rayavriti/netmonitor-backend/internal/database/sqlite_import.go:33.45,35.3 1 0
github.com/rayavriti/netmonitor-backend/internal/database/sqlite_import.go:37.2,38.9 2 0
github.com/rayavriti/netmonitor-backend/internal/database/sqlite_import.go:38.9,40.3 1 0
github.com/rayavriti/netmonitor-backend/internal/database/sqlite_import.go:42.2,80.17 27 0
github.com/rayavriti/netmonitor-backend/internal/database/sqlite_import.go:80.17,82.3 1 0
github.com/rayavriti/netmonitor-backend/internal/database/sqlite_import.go:84.2,90.21 2 0
github.com/rayavriti/netmonitor-backend/internal/database/sqlite_import.go:90.21,92.3 1 0
github.com/rayavriti/netmonitor-backend/internal/database/sqlite_import.go:93.2,93.12 1 0
github.com/rayavriti/netmonitor-backend/internal/database/sqlite_import.go:96.111,102.16 2 0
github.com/rayavriti/netmonitor-backend/internal/database/sqlite_import.go:102.16,105.3 2 0
github.com/rayavriti/netmonitor-backend/internal/database/sqlite_import.go:106.2,108.18 2 0
github.com/rayavriti/netmonitor-backend/internal/database/sqlite_import.go:108.18,113.113 5 0
github.com/rayavriti/netmonitor-backend/internal/database/sqlite_import.go:113.113,115.12 2 0
github.com/rayavriti/netmonitor-backend/internal/database/sqlite_import.go:117.3,117.13 1 0
github.com/rayavriti/netmonitor-backend/internal/database/sqlite_import.go:117.13,119.12 2 0
github.com/rayavriti/netmonitor-backend/internal/database/sqlite_import.go:121.3,127.17 3 0
github.com/rayavriti/netmonitor-backend/internal/database/sqlite_import.go:127.17,130.4 2 0
github.com/rayavriti/netmonitor-backend/internal/database/sqlite_import.go:130.9,132.4 1 0
github.com/rayavriti/netmonitor-backend/internal/database/sqlite_import.go:134.2,134.8 1 0
github.com/rayavriti/netmonitor-backend/internal/database/sqlite_import.go:137.113,147.16 2 0
github.com/rayavriti/netmonitor-backend/internal/database/sqlite_import.go:147.16,150.3 2 0
github.com/rayavriti/netmonitor-backend/internal/database/sqlite_import.go:151.2,153.18 2 0
github.com/rayavriti/netmonitor-backend/internal/database/sqlite_import.go:153.18,162.64 7 0
github.com/rayavriti/netmonitor-backend/internal/database/sqlite_import.go:162.64,164.12 2 0
github.com/rayavriti/netmonitor-backend/internal/database/sqlite_import.go:166.3,166.13 1 0
github.com/rayavriti/netmonitor-backend/internal/database/sqlite_import.go:166.13,168.12 2 0
github.com/rayavriti/netmonitor-backend/internal/database/sqlite_import.go:170.3,181.17 4 0
github.com/rayavriti/netmonitor-backend/internal/database/sqlite_import.go:181.17,184.4 2 0
github.com/rayavriti/netmonitor-backend/internal/database/sqlite_import.go:184.9,186.4 1 0
github.com/rayavriti/netmonitor-backend/internal/database/sqlite_import.go:188.2,188.8 1 0
github.com/rayavriti/netmonitor-backend/internal/database/sqlite_import.go:191.113,197.16 2 0
github.com/rayavriti/netmonitor-backend/internal/database/sqlite_import.go:197.16,200.3 2 0
github.com/rayavriti/netmonitor-backend/internal/database/sqlite_import.go:201.2,204.18 3 0
github.com/rayavriti/netmonitor-backend/internal/database/sqlite_import.go:204.18,211.62 5 0
github.com/rayavriti/netmonitor-backend/internal/database/sqlite_import.go:211.62,213.12 2 0
github.com/rayavriti/netmonitor-backend/internal/database/sqlite_import.go:215.3,215.13 1 0
github.com/rayavriti/netmonitor-backend/internal/database/sqlite_import.go:215.13,217.12 2 0
github.com/rayavriti/netmonitor-backend/internal/database/sqlite_import.go:221.3,223.24 3 0
github.com/rayavriti/netmonitor-backend/internal/database/sqlite_import.go:223.24,225.4 1 0
github.com/rayavriti/netmonitor-backend/internal/database/sqlite_import.go:226.3,226.20 1 0
github.com/rayavriti/netmonitor-backend/internal/database/sqlite_import.go:226.20,228.4 1 0
github.com/rayavriti/netmonitor-backend/internal/database/sqlite_import.go:229.3,240.17 4 0
github.com/rayavriti/netmonitor-backend/internal/database/sqlite_import.go:240.17,242.17 2 0
github.com/rayavriti/netmonitor-backend/internal/database/sqlite_import.go:242.17,244.5 1 0
github.com/rayavriti/netmonitor-backend/internal/database/sqlite_import.go:245.9,247.4 1 0
github.com/rayavriti/netmonitor-backend/internal/database/sqlite_import.go:248.3,248.10 1 0
github.com/rayavriti/netmonitor-backend/internal/database/sqlite_import.go:250.2,250.8 1 0
github.com/rayavriti/netmonitor-backend/internal/database/sqlite_import.go:253.112,260.16 2 0
github.com/rayavriti/netmonitor-backend/internal/database/sqlite_import.go:260.16,263.3 2 0
github.com/rayavriti/netmonitor-backend/internal/database/sqlite_import.go:264.2,266.18 2 0
github.com/rayavriti/netmonitor-backend/internal/database/sqlite_import.go:266.18,271.83 4 0
github.com/rayavriti/netmonitor-backend/internal/database/sqlite_import.go:271.83,273.12 2 0
github.com/rayavriti/netmonitor-backend/internal/database/sqlite_import.go:275.3,275.13 1 0
github.com/rayavriti/netmonitor-backend/internal/database/sqlite_import.go:275.13,277.12 2 0
github.com/rayavriti/netmonitor-backend/internal/database/sqlite_import.go:279.3,288.17 3 0
github.com/rayavriti/netmonitor-backend/internal/database/sqlite_import.go:288.17,291.4 2 0
github.com/rayavriti/netmonitor-backend/internal/database/sqlite_import.go:291.9,293.4 1 0
github.com/rayavriti/netmonitor-backend/internal/database/sqlite_import.go:295.2,295.8 1 0
github.com/rayavriti/netmonitor-backend/internal/database/sqlite_import.go:298.116,303.16 2 0
github.com/rayavriti/netmonitor-backend/internal/database/sqlite_import.go:303.16,306.3 2 0
github.com/rayavriti/netmonitor-backend/internal/database/sqlite_import.go:307.2,309.18 2 0
github.com/rayavriti/netmonitor-backend/internal/database/sqlite_import.go:309.18,312.89 3 0
github.com/rayavriti/netmonitor-backend/internal/database/sqlite_import.go:312.89,314.12 2 0
github.com/rayavriti/netmonitor-backend/internal/database/sqlite_import.go:316.3,316.13 1 0
github.com/rayavriti/netmonitor-backend/internal/database/sqlite_import.go:316.13,318.12 2 0
github.com/rayavriti/netmonitor-backend/internal/database/sqlite_import.go:322.3,323.69 2 0
github.com/rayavriti/netmonitor-backend/internal/database/sqlite_import.go:323.69,325.4 1 0
github.com/rayavriti/netmonitor-backend/internal/database/sqlite_import.go:327.3,334.17 4 0
github.com/rayavriti/netmonitor-backend/internal/database/sqlite_import.go:334.17,337.4 2 0
github.com/rayavriti/netmonitor-backend/internal/database/sqlite_import.go:337.9,339.4 1 0
github.com/rayavriti/netmonitor-backend/internal/database/sqlite_import.go:341.2,341.8 1 0
github.com/rayavriti/netmonitor-backend/internal/database/sqlite_import.go:346.56,356.27 2 0
github.com/rayavriti/netmonitor-backend/internal/database/sqlite_import.go:356.27,360.17 2 0
github.com/rayavriti/netmonitor-backend/internal/database/sqlite_import.go:360.17,362.4 1 0
github.com/rayavriti/netmonitor-backend/internal/database/sqlite_import.go:364.2,364.45 1 0
github.com/rayavriti/netmonitor-backend/internal/database/sqlite_import.go:369.41,379.28 3 0
github.com/rayavriti/netmonitor-backend/internal/database/sqlite_import.go:379.28,380.45 1 0
github.com/rayavriti/netmonitor-backend/internal/database/sqlite_import.go:380.45,382.4 1 0
github.com/rayavriti/netmonitor-backend/internal/database/sqlite_import.go:384.2,385.19 2 0
github.com/rayavriti/netmonitor-backend/internal/database/sqlite_import.go:388.45,389.14 1 0
github.com/rayavriti/netmonitor-backend/internal/database/sqlite_import.go:389.14,391.3 1 0
github.com/rayavriti/netmonitor-backend/internal/database/sqlite_import.go:392.2,392.12 1 0
github.com/rayavriti/netmonitor-backend/internal/database/sqlite_import.go:395.50,396.34 1 0
github.com/rayavriti/netmonitor-backend/internal/database/sqlite_import.go:396.34,398.3 1 0
github.com/rayavriti/netmonitor-backend/internal/database/sqlite_import.go:399.2,400.11 2 0
github.com/rayavriti/netmonitor-backend/internal/database/sqlite_import.go:403.45,404.34 1 0
github.com/rayavriti/netmonitor-backend/internal/database/sqlite_import.go:404.34,406.3 1 0
github.com/rayavriti/netmonitor-backend/internal/database/sqlite_import.go:407.2,407.19 1 0
github.com/rayavriti/netmonitor-backend/internal/config/config.go:80.30,82.21 2 9
github.com/rayavriti/netmonitor-backend/internal/config/config.go:82.21,84.3 1 1
github.com/rayavriti/netmonitor-backend/internal/config/config.go:86.2,87.54 2 8
github.com/rayavriti/netmonitor-backend/internal/config/config.go:87.54,88.48 1 1
github.com/rayavriti/netmonitor-backend/internal/config/config.go:88.48,90.23 2 2
github.com/rayavriti/netmonitor-backend/internal/config/config.go:90.23,92.5 1 2
github.com/rayavriti/netmonitor-backend/internal/config/config.go:96.2,153.17 2 8
github.com/rayavriti/netmonitor-backend/internal/config/config.go:156.37,157.34 1 81
github.com/rayavriti/netmonitor-backend/internal/config/config.go:157.34,159.3 1 2
github.com/rayavriti/netmonitor-backend/internal/config/config.go:160.2,160.12 1 79
github.com/rayavriti/netmonitor-backend/internal/config/config.go:163.38,164.34 1 113
github.com/rayavriti/netmonitor-backend/internal/config/config.go:164.34,165.44 1 2
github.com/rayavriti/netmonitor-backend/internal/config/config.go:165.44,167.4 1 1
github.com/rayavriti/netmonitor-backend/internal/config/config.go:169.2,169.12 1 112
github.com/rayavriti/netmonitor-backend/internal/config/config.go:172.41,173.34 1 49
github.com/rayavriti/netmonitor-backend/internal/config/config.go:173.34,174.49 1 1
github.com/rayavriti/netmonitor-backend/internal/config/config.go:174.49,176.4 1 0
github.com/rayavriti/netmonitor-backend/internal/config/config.go:178.2,178.12 1 49
github.com/rayavriti/netmonitor-backend/internal/config/config.go:181.63,182.34 1 33
github.com/rayavriti/netmonitor-backend/internal/config/config.go:182.34,183.50 1 1
github.com/rayavriti/netmonitor-backend/internal/config/config.go:183.50,185.4 1 0
github.com/rayavriti/netmonitor-backend/internal/config/config.go:187.2,187.12 1 33
github.com/rayavriti/netmonitor-backend/internal/config/config.go:190.50,191.34 1 9
github.com/rayavriti/netmonitor-backend/internal/config/config.go:191.34,192.54 1 1
github.com/rayavriti/netmonitor-backend/internal/config/config.go:192.54,194.4 1 0
github.com/rayavriti/netmonitor-backend/internal/config/config.go:196.2,196.12 1 9
github.com/rayavriti/netmonitor-backend/internal/config/config.go:199.36,200.34 1 8
github.com/rayavriti/netmonitor-backend/internal/config/config.go:200.34,203.27 3 1
github.com/rayavriti/netmonitor-backend/internal/config/config.go:203.27,205.15 2 2
github.com/rayavriti/netmonitor-backend/internal/config/config.go:205.15,207.5 1 2
github.com/rayavriti/netmonitor-backend/internal/config/config.go:209.3,209.16 1 1
github.com/rayavriti/netmonitor-backend/internal/config/config.go:211.2,211.12 1 7
github.com/rayavriti/netmonitor-backend/internal/engine/alert.go:24.96,30.2 1 53
github.com/rayavriti/netmonitor-backend/internal/engine/alert.go:34.133,36.16 2 45
github.com/rayavriti/netmonitor-backend/internal/engine/alert.go:36.16,38.3 1 1
github.com/rayavriti/netmonitor-backend/internal/engine/alert.go:40.2,40.23 1 44
github.com/rayavriti/netmonitor-backend/internal/engine/alert.go:40.23,42.20 2 45
github.com/rayavriti/netmonitor-backend/internal/engine/alert.go:42.20,43.12 1 2
github.com/rayavriti/netmonitor-backend/internal/engine/alert.go:45.3,45.32 1 43
github.com/rayavriti/netmonitor-backend/internal/engine/alert.go:45.32,46.12 1 2
github.com/rayavriti/netmonitor-backend/internal/engine/alert.go:48.3,48.41 1 41
github.com/rayavriti/netmonitor-backend/internal/engine/alert.go:48.41,49.12 1 1
github.com/rayavriti/netmonitor-backend/internal/engine/alert.go:51.3,51.60 1 40
github.com/rayavriti/netmonitor-backend/internal/engine/alert.go:53.2,53.12 1 44
github.com/rayavriti/netmonitor-backend/internal/engine/alert.go:58.50,60.2 1 1
github.com/rayavriti/netmonitor-backend/internal/engine/alert.go:63.30,65.2 1 1
github.com/rayavriti/netmonitor-backend/internal/engine/alert.go:68.60,70.2 1 1
github.com/rayavriti/netmonitor-backend/internal/engine/alert.go:75.78,77.2 1 7
github.com/rayavriti/netmonitor-backend/internal/engine/alert.go:79.78,80.24 1 48
github.com/rayavriti/netmonitor-backend/internal/engine/alert.go:81.16,82.61 1 5
github.com/rayavriti/netmonitor-backend/internal/engine/alert.go:83.20,84.14 1 42
github.com/rayavriti/netmonitor-backend/internal/engine/alert.go:85.10,86.14 1 1
github.com/rayavriti/netmonitor-backend/internal/engine/alert.go:92.150,96.39 3 40
github.com/rayavriti/netmonitor-backend/internal/engine/alert.go:96.39,99.16 3 45
github.com/rayavriti/netmonitor-backend/internal/engine/alert.go:99.16,101.4 1 37
github.com/rayavriti/netmonitor-backend/internal/engine/alert.go:105.2,106.34 2 40
github.com/rayavriti/netmonitor-backend/internal/engine/alert.go:106.34,108.3 1 38
github.com/rayavriti/netmonitor-backend/internal/engine/alert.go:108.8,110.3 1 2
github.com/rayavriti/netmonitor-backend/internal/engine/alert.go:113.2,114.16 2 40
github.com/rayavriti/netmonitor-backend/internal/engine/alert.go:114.16,121.3 1 12
github.com/rayavriti/netmonitor-backend/internal/engine/alert.go:123.2,125.19 2 40
github.com/rayavriti/netmonitor-backend/internal/engine/alert.go:125.19,127.3 1 33
github.com/rayavriti/netmonitor-backend/internal/engine/alert.go:127.8,129.3 1 7
github.com/rayavriti/netmonitor-backend/internal/engine/alert.go:142.3,143.21 1 33
github.com/rayavriti/netmonitor-backend/internal/engine/alert.go:144.14,154.5 2 12
github.com/rayavriti/netmonitor-backend/internal/engine/alert.go:156.17,158.30 1 17
github.com/rayavriti/netmonitor-backend/internal/engine/alert.go:158.30,160.44 2 16
github.com/rayavriti/netmonitor-backend/internal/engine/alert.go:160.44,164.5 2 15
github.com/rayavriti/netmonitor-backend/internal/engine/alert.go:167.3,169.28 3 2
github.com/rayavriti/netmonitor-backend/internal/engine/alert.go:171.18,173.34 1 2
github.com/rayavriti/netmonitor-backend/internal/engine/alert.go:173.34,175.24 2 2
github.com/rayavriti/netmonitor-backend/internal/engine/alert.go:175.24,180.5 3 1
github.com/rayavriti/netmonitor-backend/internal/engine/alert.go:183.3,183.57 1 1
github.com/rayavriti/netmonitor-backend/internal/engine/alert.go:185.44,188.28 2 2
github.com/rayavriti/netmonitor-backend/internal/engine/alert.go:198.3,199.21 1 7
github.com/rayavriti/netmonitor-backend/internal/engine/alert.go:200.17,207.5 1 1
github.com/rayavriti/netmonitor-backend/internal/engine/alert.go:209.44,210.24 1 5
github.com/rayavriti/netmonitor-backend/internal/engine/alert.go:210.24,215.4 3 1
github.com/rayavriti/netmonitor-backend/internal/engine/alert.go:217.3,217.33 1 4
github.com/rayavriti/netmonitor-backend/internal/engine/alert.go:217.33,218.111 1 4
github.com/rayavriti/netmonitor-backend/internal/engine/alert.go:218.111,220.5 1 1
github.com/rayavriti/netmonitor-backend/internal/engine/alert.go:220.10,224.21 2 3
github.com/rayavriti/netmonitor-backend/internal/engine/alert.go:224.21,234.6 1 0
github.com/rayavriti/netmonitor-backend/internal/engine/alert.go:235.5,240.6 1 3
github.com/rayavriti/netmonitor-backend/internal/engine/alert.go:244.3,251.5 2 4
github.com/rayavriti/netmonitor-backend/internal/engine/alert.go:265.3,267.84 1 16
github.com/rayavriti/netmonitor-backend/internal/engine/alert.go:267.84,273.3 5 1
github.com/rayavriti/netmonitor-backend/internal/engine/alert.go:276.2,287.16 4 15
github.com/rayavriti/netmonitor-backend/internal/engine/alert.go:287.16,291.3 2 0
github.com/rayavriti/netmonitor-backend/internal/engine/alert.go:294.2,310.18 3 15
github.com/rayavriti/netmonitor-backend/internal/engine/alert.go:310.18,315.3 1 1
github.com/rayavriti/netmonitor-backend/internal/engine/alert.go:318.2,331.4 3 15
github.com/rayavriti/netmonitor-backend/internal/engine/alert.go:336.107,337.52 1 15
github.com/rayavriti/netmonitor-backend/internal/engine/alert.go:337.52,339.3 1 4
github.com/rayavriti/netmonitor-backend/internal/engine/alert.go:341.2,342.16 2 11
github.com/rayavriti/netmonitor-backend/internal/engine/alert.go:342.16,345.3 2 1
github.com/rayavriti/netmonitor-backend/internal/engine/alert.go:347.2,348.30 2 10
github.com/rayavriti/netmonitor-backend/internal/engine/alert.go:348.30,350.3 1 10
github.com/rayavriti/netmonitor-backend/internal/engine/alert.go:352.2,352.39 1 10
github.com/rayavriti/netmonitor-backend/internal/engine/alert.go:352.39,354.25 2 11
github.com/rayavriti/netmonitor-backend/internal/engine/alert.go:354.25,355.12 1 2
github.com/rayavriti/netmonitor-backend/internal/engine/alert.go:358.3,362.17 4 9
github.com/rayavriti/netmonitor-backend/internal/engine/alert.go:362.17,374.4 2 5
github.com/rayavriti/netmonitor-backend/internal/engine/alert.go:374.9,386.4 2 4
github.com/rayavriti/netmonitor-backend/internal/engine/alert.go:392.105,394.16 2 20
github.com/rayavriti/netmonitor-backend/internal/engine/alert.go:394.16,396.3 1 1
github.com/rayavriti/netmonitor-backend/internal/engine/alert.go:397.2,397.24 1 19
github.com/rayavriti/netmonitor-backend/internal/engine/alert.go:397.24,399.71 2 3
github.com/rayavriti/netmonitor-backend/internal/engine/alert.go:399.71,401.4 1 2
github.com/rayavriti/netmonitor-backend/internal/engine/alert.go:403.2,403.12 1 17
github.com/rayavriti/netmonitor-backend/internal/engine/alert.go:406.127,414.56 2 29
github.com/rayavriti/netmonitor-backend/internal/engine/alert.go:414.56,417.3 1 1
github.com/rayavriti/netmonitor-backend/internal/engine/alert.go:420.82,421.58 1 39
github.com/rayavriti/netmonitor-backend/internal/engine/alert.go:421.58,425.3 1 1
github.com/rayavriti/netmonitor-backend/internal/engine/alert.go:428.68,430.2 1 32
github.com/rayavriti/netmonitor-backend/internal/engine/alert_conditions.go:25.123,26.24 1 74
github.com/rayavriti/netmonitor-backend/internal/engine/alert_conditions.go:27.19,28.46 1 65
[...]
github.com/rayavriti/netmonitor-backend/internal/handlers/flows.go:19.16,22.3 2 1
github.com/rayavriti/netmonitor-backend/internal/handlers/flows.go:23.2,23.27 1 2
github.com/rayavriti/netmonitor-backend/internal/handlers/flows.go:26.74,30.16 4 3
github.com/rayavriti/netmonitor-backend/internal/handlers/flows.go:30.16,33.3 2 1
github.com/rayavriti/netmonitor-backend/internal/handlers/flows.go:34.2,34.29 1 2
github.com/rayavriti/netmonitor-backend/internal/handlers/flows.go:37.73,40.16 3 2
github.com/rayavriti/netmonitor-backend/internal/handlers/flows.go:40.16,43.3 2 1
github.com/rayavriti/netmonitor-backend/internal/handlers/flows.go:44.2,44.27 1 1
github.com/rayavriti/netmonitor-backend/internal/handlers/flows.go:47.74,50.20 3 3
github.com/rayavriti/netmonitor-backend/internal/handlers/flows.go:50.20,52.3 1 2
github.com/rayavriti/netmonitor-backend/internal/handlers/flows.go:53.2,54.16 2 3
github.com/rayavriti/netmonitor-backend/internal/handlers/flows.go:54.16,57.3 2 1
github.com/rayavriti/netmonitor-backend/internal/handlers/flows.go:58.2,58.28 1 2
github.com/rayavriti/netmonitor-backend/internal/handlers/flows.go:61.69,64.16 3 2
github.com/rayavriti/netmonitor-backend/internal/handlers/flows.go:64.16,67.3 2 1
github.com/rayavriti/netmonitor-backend/internal/handlers/flows.go:68.2,68.27 1 1
github.com/rayavriti/netmonitor-backend/internal/handlers/health.go:15.60,15.93 1 4
github.com/rayavriti/netmonitor-backend/internal/handlers/health.go:17.72,19.47 2 2
github.com/rayavriti/netmonitor-backend/internal/handlers/health.go:19.47,21.3 1 1
github.com/rayavriti/netmonitor-backend/internal/handlers/health.go:22.2,27.4 1 2
github.com/rayavriti/netmonitor-backend/internal/handlers/health.go:30.71,32.16 2 2
github.com/rayavriti/netmonitor-backend/internal/handlers/health.go:32.16,35.3 2 1
github.com/rayavriti/netmonitor-backend/internal/handlers/health.go:36.2,36.27 1 1
github.com/rayavriti/netmonitor-backend/internal/handlers/insights.go:12.62,12.96 1 5
github.com/rayavriti/netmonitor-backend/internal/handlers/insights.go:14.74,16.16 2 3
github.com/rayavriti/netmonitor-backend/internal/handlers/insights.go:16.16,19.3 2 1
github.com/rayavriti/netmonitor-backend/internal/handlers/insights.go:20.2,22.27 3 2
github.com/rayavriti/netmonitor-backend/internal/handlers/insights.go:22.27,23.28 1 2
github.com/rayavriti/netmonitor-backend/internal/handlers/insights.go:23.28,25.4 1 2
github.com/rayavriti/netmonitor-backend/internal/handlers/insights.go:27.2,34.28 3 2
github.com/rayavriti/netmonitor-backend/internal/handlers/insights.go:34.28,36.25 2 5
github.com/rayavriti/netmonitor-backend/internal/handlers/insights.go:36.25,38.4 1 1
github.com/rayavriti/netmonitor-backend/internal/handlers/insights.go:38.9,38.56 1 4
github.com/rayavriti/netmonitor-backend/internal/handlers/insights.go:38.56,40.4 1 1
github.com/rayavriti/netmonitor-backend/internal/handlers/insights.go:41.3,41.101 1 5
github.com/rayavriti/netmonitor-backend/internal/handlers/insights.go:43.2,43.28 1 2
github.com/rayavriti/netmonitor-backend/internal/handlers/insights.go:46.74,49.16 3 2
github.com/rayavriti/netmonitor-backend/internal/handlers/insights.go:49.16,52.3 2 1
github.com/rayavriti/netmonitor-backend/internal/handlers/insights.go:53.2,53.29 1 1
github.com/rayavriti/netmonitor-backend/internal/handlers/metrics.go:16.60,16.93 1 18
github.com/rayavriti/netmonitor-backend/internal/handlers/metrics.go:18.72,20.16 2 2
github.com/rayavriti/netmonitor-backend/internal/handlers/metrics.go:20.16,23.3 2 1
github.com/rayavriti/netmonitor-backend/internal/handlers/metrics.go:24.2,24.29 1 1
github.com/rayavriti/netmonitor-backend/internal/handlers/metrics.go:27.75,29.16 2 3
github.com/rayavriti/netmonitor-backend/internal/handlers/metrics.go:29.16,32.3 2 1
github.com/rayavriti/netmonitor-backend/internal/handlers/metrics.go:33.2,35.16 3 2
github.com/rayavriti/netmonitor-backend/internal/handlers/metrics.go:35.16,38.3 2 1
github.com/rayavriti/netmonitor-backend/internal/handlers/metrics.go:39.2,39.29 1 1
github.com/rayavriti/netmonitor-backend/internal/handlers/metrics.go:42.71,55.54 5 13
github.com/rayavriti/netmonitor-backend/internal/handlers/metrics.go:55.54,56.52 1 2
github.com/rayavriti/netmonitor-backend/internal/handlers/metrics.go:56.52,58.4 1 1
github.com/rayavriti/netmonitor-backend/internal/handlers/metrics.go:61.2,61.23 1 13
github.com/rayavriti/netmonitor-backend/internal/handlers/metrics.go:61.23,64.3 2 3
github.com/rayavriti/netmonitor-backend/internal/handlers/metrics.go:66.2,66.15 1 13
github.com/rayavriti/netmonitor-backend/internal/handlers/metrics.go:66.15,68.3 1 0
github.com/rayavriti/netmonitor-backend/internal/handlers/metrics.go:71.2,71.46 1 13
github.com/rayavriti/netmonitor-backend/internal/handlers/metrics.go:71.46,73.17 2 8
github.com/rayavriti/netmonitor-backend/internal/handlers/metrics.go:73.17,76.4 2 1
github.com/rayavriti/netmonitor-backend/internal/handlers/metrics.go:77.3,78.9 2 7
github.com/rayavriti/netmonitor-backend/internal/handlers/metrics.go:82.2,82.24 1 5
github.com/rayavriti/netmonitor-backend/internal/handlers/metrics.go:82.24,84.17 2 2
github.com/rayavriti/netmonitor-backend/internal/handlers/metrics.go:84.17,87.4 2 1
github.com/rayavriti/netmonitor-backend/internal/handlers/metrics.go:88.3,89.9 2 1
github.com/rayavriti/netmonitor-backend/internal/handlers/metrics.go:91.2,92.16 2 3
github.com/rayavriti/netmonitor-backend/internal/handlers/metrics.go:92.16,95.3 2 1
github.com/rayavriti/netmonitor-backend/internal/handlers/metrics.go:96.2,96.29 1 2
github.com/rayavriti/netmonitor-backend/internal/handlers/metrics.go:99.70,103.33 4 46
github.com/rayavriti/netmonitor-backend/internal/handlers/metrics.go:103.33,104.56 1 3
github.com/rayavriti/netmonitor-backend/internal/handlers/metrics.go:104.56,106.4 1 2
github.com/rayavriti/netmonitor-backend/internal/handlers/metrics.go:108.2,108.31 1 46
github.com/rayavriti/netmonitor-backend/internal/handlers/metrics.go:108.31,109.56 1 2
github.com/rayavriti/netmonitor-backend/internal/handlers/metrics.go:109.56,111.4 1 2
github.com/rayavriti/netmonitor-backend/internal/handlers/metrics.go:113.2,114.8 2 46
github.com/rayavriti/netmonitor-backend/internal/handlers/notification_channels.go:18.86,20.2 1 18
github.com/rayavriti/netmonitor-backend/internal/handlers/notification_channels.go:22.83,24.16 2 2
github.com/rayavriti/netmonitor-backend/internal/handlers/notification_channels.go:24.16,27.3 2 1
github.com/rayavriti/netmonitor-backend/internal/handlers/notification_channels.go:28.2,28.21 1 1
github.com/rayavriti/netmonitor-backend/internal/handlers/notification_channels.go:28.21,30.3 1 0
github.com/rayavriti/netmonitor-backend/internal/handlers/notification_channels.go:31.2,31.30 1 1
github.com/rayavriti/netmonitor-backend/internal/handlers/notification_channels.go:34.82,36.16 2 3
github.com/rayavriti/netmonitor-backend/internal/handlers/notification_channels.go:36.16,39.3 2 1
github.com/rayavriti/netmonitor-backend/internal/handlers/notification_channels.go:40.2,41.16 2 2
github.com/rayavriti/netmonitor-backend/internal/handlers/notification_channels.go:41.16,44.3 2 1
github.com/rayavriti/netmonitor-backend/internal/handlers/notification_channels.go:45.2,45.24 1 1
github.com/rayavriti/netmonitor-backend/internal/handlers/notification_channels.go:48.85,50.51 2 4
github.com/rayavriti/netmonitor-backend/internal/handlers/notification_channels.go:50.51,53.3 2 0
github.com/rayavriti/netmonitor-backend/internal/handlers/notification_channels.go:54.2,54.19 1 4
github.com/rayavriti/netmonitor-backend/internal/handlers/notification_channels.go:54.19,57.3 2 1
github.com/rayavriti/netmonitor-backend/internal/handlers/notification_channels.go:58.2,58.19 1 3
github.com/rayavriti/netmonitor-backend/internal/handlers/notification_channels.go:58.19,61.3 2 1
github.com/rayavriti/netmonitor-backend/internal/handlers/notification_channels.go:62.2,62.22 1 2
github.com/rayavriti/netmonitor-backend/internal/handlers/notification_channels.go:62.22,64.3 1 1
github.com/rayavriti/netmonitor-backend/internal/handlers/notification_channels.go:65.2,67.16 3 2
github.com/rayavriti/netmonitor-backend/internal/handlers/notification_channels.go:67.16,70.3 2 1
github.com/rayavriti/netmonitor-backend/internal/handlers/notification_channels.go:71.2,71.34 1 1
github.com/rayavriti/netmonitor-backend/internal/handlers/notification_channels.go:74.85,76.16 2 3
github.com/rayavriti/netmonitor-backend/internal/handlers/notification_channels.go:76.16,79.3 2 1
github.com/rayavriti/netmonitor-backend/internal/handlers/notification_channels.go:80.2,80.72 1 2
github.com/rayavriti/netmonitor-backend/internal/handlers/notification_channels.go:80.72,83.3 2 1
github.com/rayavriti/netmonitor-backend/internal/handlers/notification_channels.go:84.2,85.51 2 1
github.com/rayavriti/netmonitor-backend/internal/handlers/notification_channels.go:85.51,88.3 2 0
github.com/rayavriti/netmonitor-backend/internal/handlers/notification_channels.go:89.2,90.16 2 1
github.com/rayavriti/netmonitor-backend/internal/handlers/notification_channels.go:90.16,93.3 2 0
github.com/rayavriti/netmonitor-backend/internal/handlers/notification_channels.go:94.2,94.29 1 1
github.com/rayavriti/netmonitor-backend/internal/handlers/notification_channels.go:97.85,99.16 2 3
github.com/rayavriti/netmonitor-backend/internal/handlers/notification_channels.go:99.16,102.3 2 1
github.com/rayavriti/netmonitor-backend/internal/handlers/notification_channels.go:103.2,103.72 1 2
github.com/rayavriti/netmonitor-backend/internal/handlers/notification_channels.go:103.72,106.3 2 1
github.com/rayavriti/netmonitor-backend/internal/handlers/notification_channels.go:107.2,107.54 1 1
github.com/rayavriti/netmonitor-backend/internal/handlers/notification_channels.go:111.83,113.16 2 3
github.com/rayavriti/netmonitor-backend/internal/handlers/notification_channels.go:113.16,116.3 2 1
github.com/rayavriti/netmonitor-backend/internal/handlers/notification_channels.go:117.2,118.16 2 2
github.com/rayavriti/netmonitor-backend/internal/handlers/notification_channels.go:118.16,121.3 2 1
github.com/rayavriti/netmonitor-backend/internal/handlers/notification_channels.go:123.2,135.67 4 1
github.com/rayavriti/netmonitor-backend/internal/handlers/notification_channels.go:135.67,138.3 2 1
github.com/rayavriti/netmonitor-backend/internal/handlers/notification_channels.go:139.2,148.4 2 0
github.com/rayavriti/netmonitor-backend/internal/handlers/ports.go:13.58,13.90 1 3
github.com/rayavriti/netmonitor-backend/internal/handlers/ports.go:15.74,17.16 2 3
github.com/rayavriti/netmonitor-backend/internal/handlers/ports.go:17.16,20.3 2 1
github.com/rayavriti/netmonitor-backend/internal/handlers/ports.go:21.2,22.16 2 2
github.com/rayavriti/netmonitor-backend/internal/handlers/ports.go:22.16,25.3 2 1
github.com/rayavriti/netmonitor-backend/internal/handlers/ports.go:26.2,26.29 1 1
github.com/rayavriti/netmonitor-backend/internal/handlers/reports.go:16.60,16.93 1 13
github.com/rayavriti/netmonitor-backend/internal/handlers/reports.go:18.44,20.13 2 15
github.com/rayavriti/netmonitor-backend/internal/handlers/reports.go:20.13,22.3 1 12
github.com/rayavriti/netmonitor-backend/internal/handlers/reports.go:23.2,24.16 2 3
github.com/rayavriti/netmonitor-backend/internal/handlers/reports.go:24.16,26.3 1 1
github.com/rayavriti/netmonitor-backend/internal/handlers/reports.go:27.2,27.11 1 2
github.com/rayavriti/netmonitor-backend/internal/handlers/reports.go:30.73,34.16 4 3
github.com/rayavriti/netmonitor-backend/internal/handlers/reports.go:34.16,37.3 2 1
github.com/rayavriti/netmonitor-backend/internal/handlers/reports.go:38.2,39.26 2 2
github.com/rayavriti/netmonitor-backend/internal/handlers/reports.go:39.26,41.3 1 1
github.com/rayavriti/netmonitor-backend/internal/handlers/reports.go:42.2,42.29 1 2
github.com/rayavriti/netmonitor-backend/internal/handlers/reports.go:45.76,49.47 4 3
github.com/rayavriti/netmonitor-backend/internal/handlers/reports.go:49.47,51.3 1 1
github.com/rayavriti/netmonitor-backend/internal/handlers/reports.go:52.2,53.16 2 3
github.com/rayavriti/netmonitor-backend/internal/handlers/reports.go:53.16,56.3 2 1
github.com/rayavriti/netmonitor-backend/internal/handlers/reports.go:57.2,57.28 1 2
github.com/rayavriti/netmonitor-backend/internal/handlers/reports.go:60.73,64.16 4 2
github.com/rayavriti/netmonitor-backend/internal/handlers/reports.go:64.16,67.3 2 1
github.com/rayavriti/netmonitor-backend/internal/handlers/reports.go:68.2,68.31 1 1
github.com/rayavriti/netmonitor-backend/internal/handlers/reports.go:71.72,75.16 4 2
github.com/rayavriti/netmonitor-backend/internal/handlers/reports.go:75.16,78.3 2 1
github.com/rayavriti/netmonitor-backend/internal/handlers/reports.go:79.2,79.28 1 1
github.com/rayavriti/netmonitor-backend/internal/handlers/reports.go:82.72,85.16 3 2
github.com/rayavriti/netmonitor-backend/internal/handlers/reports.go:85.16,87.3 1 2
github.com/rayavriti/netmonitor-backend/internal/handlers/reports.go:88.2,89.16 2 2
github.com/rayavriti/netmonitor-backend/internal/handlers/reports.go:89.16,92.3 2 1
github.com/rayavriti/netmonitor-backend/internal/handlers/reports.go:93.2,101.28 5 1
github.com/rayavriti/netmonitor-backend/internal/handlers/reports.go:101.28,116.3 1 1
github.com/rayavriti/netmonitor-backend/internal/handlers/reports.go:117.2,117.12 1 1
github.com/rayavriti/netmonitor-backend/internal/handlers/reports.go:120.34,121.14 1 8
github.com/rayavriti/netmonitor-backend/internal/handlers/reports.go:121.14,123.3 1 6
github.com/rayavriti/netmonitor-backend/internal/handlers/reports.go:124.2,124.30 1 2
github.com/rayavriti/netmonitor-backend/internal/handlers/reports.go:127.70,134.2 2 1
github.com/rayavriti/netmonitor-backend/internal/handlers/sensors.go:15.60,15.93 1 17
github.com/rayavriti/netmonitor-backend/internal/handlers/sensors.go:18.70,20.49 2 3
github.com/rayavriti/netmonitor-backend/internal/handlers/sensors.go:20.49,22.17 2 1
github.com/rayavriti/netmonitor-backend/internal/handlers/sensors.go:22.17,24.4 1 1
github.com/rayavriti/netmonitor-backend/internal/handlers/sensors.go:26.2,27.16 2 3
github.com/rayavriti/netmonitor-backend/internal/handlers/sensors.go:27.16,30.3 2 1
github.com/rayavriti/netmonitor-backend/internal/handlers/sensors.go:31.2,31.20 1 2
github.com/rayavriti/netmonitor-backend/internal/handlers/sensors.go:31.20,33.3 1 0
github.com/rayavriti/netmonitor-backend/internal/handlers/sensors.go:34.2,34.29 1 2
github.com/rayavriti/netmonitor-backend/internal/handlers/sensors.go:38.69,40.16 2 3
github.com/rayavriti/netmonitor-backend/internal/handlers/sensors.go:40.16,43.3 2 1
github.com/rayavriti/netmonitor-backend/internal/handlers/sensors.go:44.2,45.16 2 2
github.com/rayavriti/netmonitor-backend/internal/handlers/sensors.go:45.16,48.3 2 1
github.com/rayavriti/netmonitor-backend/internal/handlers/sensors.go:49.2,49.23 1 1
github.com/rayavriti/netmonitor-backend/internal/handlers/sensors.go:53.72,55.50 2 5
github.com/rayavriti/netmonitor-backend/internal/handlers/sensors.go:55.50,58.3 2 0
github.com/rayavriti/netmonitor-backend/internal/handlers/sensors.go:59.2,59.18 1 5
github.com/rayavriti/netmonitor-backend/internal/handlers/sensors.go:59.18,62.3 2 1
github.com/rayavriti/netmonitor-backend/internal/handlers/sensors.go:63.2,63.21 1 4
github.com/rayavriti/netmonitor-backend/internal/handlers/sensors.go:63.21,66.3 2 1
github.com/rayavriti/netmonitor-backend/internal/handlers/sensors.go:67.2,67.18 1 3
github.com/rayavriti/netmonitor-backend/internal/handlers/sensors.go:67.18,70.3 2 1
github.com/rayavriti/netmonitor-backend/internal/handlers/sensors.go:71.2,71.21 1 2
github.com/rayavriti/netmonitor-backend/internal/handlers/sensors.go:71.21,73.3 1 2
github.com/rayavriti/netmonitor-backend/internal/handlers/sensors.go:74.2,76.16 3 2
github.com/rayavriti/netmonitor-backend/internal/handlers/sensors.go:76.16,79.3 2 1
github.com/rayavriti/netmonitor-backend/internal/handlers/sensors.go:80.2,80.34 1 1
github.com/rayavriti/netmonitor-backend/internal/handlers/sensors.go:84.72,86.16 2 3
github.com/rayavriti/netmonitor-backend/internal/handlers/sensors.go:86.16,89.3 2 1
github.com/rayavriti/netmonitor-backend/internal/handlers/sensors.go:90.2,90.59 1 2
github.com/rayavriti/netmonitor-backend/internal/handlers/sensors.go:90.59,93.3 2 1
github.com/rayavriti/netmonitor-backend/internal/handlers/sensors.go:94.2,95.50 2 1
github.com/rayavriti/netmonitor-backend/internal/handlers/sensors.go:95.50,98.3 2 0
github.com/rayavriti/netmonitor-backend/internal/handlers/sensors.go:99.2,100.16 2 1
github.com/rayavriti/netmonitor-backend/internal/handlers/sensors.go:100.16,103.3 2 0
github.com/rayavriti/netmonitor-backend/internal/handlers/sensors.go:104.2,104.29 1 1
github.com/rayavriti/netmonitor-backend/internal/handlers/sensors.go:108.72,110.16 2 3
github.com/rayavriti/netmonitor-backend/internal/handlers/sensors.go:110.16,113.3 2 1
github.com/rayavriti/netmonitor-backend/internal/handlers/sensors.go:114.2,114.59 1 2
github.com/rayavriti/netmonitor-backend/internal/handlers/sensors.go:114.59,117.3 2 1
github.com/rayavriti/netmonitor-backend/internal/handlers/sensors.go:118.2,118.54 1 1
github.com/rayavriti/netmonitor-backend/internal/handlers/simulator.go:14.66,16.2 1 10
github.com/rayavriti/netmonitor-backend/internal/handlers/simulator.go:18.76,20.50 2 4
github.com/rayavriti/netmonitor-backend/internal/handlers/simulator.go:20.50,23.3 2 1
github.com/rayavriti/netmonitor-backend/internal/handlers/simulator.go:24.2,24.26 1 3
github.com/rayavriti/netmonitor-backend/internal/handlers/simulator.go:24.26,26.3 1 2
github.com/rayavriti/netmonitor-backend/internal/handlers/simulator.go:27.2,27.59 1 3
github.com/rayavriti/netmonitor-backend/internal/handlers/simulator.go:27.59,30.3 2 1
github.com/rayavriti/netmonitor-backend/internal/handlers/simulator.go:31.2,31.23 1 2
github.com/rayavriti/netmonitor-backend/internal/handlers/simulator.go:34.74,36.54 2 3
github.com/rayavriti/netmonitor-backend/internal/handlers/simulator.go:36.54,39.3 2 1
github.com/rayavriti/netmonitor-backend/internal/handlers/simulator.go:40.2,41.23 2 2
github.com/rayavriti/netmonitor-backend/internal/handlers/simulator.go:41.23,42.34 1 3
github.com/rayavriti/netmonitor-backend/internal/handlers/simulator.go:42.34,44.4 1 3
github.com/rayavriti/netmonitor-backend/internal/handlers/simulator.go:46.2,46.61 1 2
github.com/rayavriti/netmonitor-backend/internal/handlers/simulator.go:46.61,49.3 2 1
github.com/rayavriti/netmonitor-backend/internal/handlers/simulator.go:50.2,50.60 1 1
github.com/rayavriti/netmonitor-backend/internal/handlers/simulator.go:53.74,55.50 2 3
github.com/rayavriti/netmonitor-backend/internal/handlers/simulator.go:55.50,58.3 2 1
github.com/rayavriti/netmonitor-backend/internal/handlers/simulator.go:59.2,61.16 3 2
github.com/rayavriti/netmonitor-backend/internal/handlers/simulator.go:61.16,64.3 2 1
github.com/rayavriti/netmonitor-backend/internal/handlers/simulator.go:65.2,65.34 1 1
github.com/rayavriti/netmonitor-backend/internal/handlers/system.go:20.40,20.67 1 4
github.com/rayavriti/netmonitor-backend/internal/handlers/system.go:22.70,25.40 3 4
github.com/rayavriti/netmonitor-backend/internal/handlers/system.go:25.40,27.3 1 4
github.com/rayavriti/netmonitor-backend/internal/handlers/system.go:28.2,32.36 4 4
github.com/rayavriti/netmonitor-backend/internal/handlers/system.go:32.36,34.3 1 4
github.com/rayavriti/netmonitor-backend/internal/handlers/system.go:36.2,38.34 3 4
github.com/rayavriti/netmonitor-backend/internal/handlers/system.go:38.34,42.3 3 4
github.com/rayavriti/netmonitor-backend/internal/handlers/system.go:44.2,46.35 3 4
github.com/rayavriti/netmonitor-backend/internal/handlers/system.go:46.35,50.3 3 4
github.com/rayavriti/netmonitor-backend/internal/handlers/system.go:52.2,54.34 3 4
github.com/rayavriti/netmonitor-backend/internal/handlers/system.go:54.34,58.3 3 4
github.com/rayavriti/netmonitor-backend/internal/handlers/system.go:60.2,85.4 3 4
